Added Pin To Net: NetName=GND Pin=C1-1
Added Pin To Net: NetName=MCU_OSC_IN Pin=C1-2
Added Pin To Net: NetName=GND Pin=C2-1
Added Pin To Net: NetName=NetC2_2 Pin=C2-2
Added Pin To Net: NetName=GND Pin=C3-1
Added Pin To Net: NetName=NRST Pin=C3-2
Added Pin To Net: NetName=GND Pin=C4-1
Added Pin To Net: NetName=+3V3 Pin=C4-2
Added Pin To Net: NetName=GND Pin=C5-1
Added Pin To Net: NetName=+3V3 Pin=C5-2
Added Pin To Net: NetName=GND Pin=C6-1
Added Pin To Net: NetName=+3V3 Pin=C6-2
Added Pin To Net: NetName=GND Pin=C7-1
Added Pin To Net: NetName=+3V3 Pin=C7-2
Added Pin To Net: NetName=GND Pin=C8-1
Added Pin To Net: NetName=+3V3 Pin=C8-2
Added Pin To Net: NetName=GND Pin=C9_A-1
Added Pin To Net: NetName=+12V Pin=C9_A-2
Added Pin To Net: NetName=GND Pin=C9_B-1
Added Pin To Net: NetName=+12V Pin=C9_B-2
Added Pin To Net: NetName=GND Pin=C9_C-1
Added Pin To Net: NetName=+12V Pin=C9_C-2
Added Pin To Net: NetName=GND Pin=C10_A-1
Added Pin To Net: NetName=+3V3 Pin=C10_A-2
Added Pin To Net: NetName=GND Pin=C10_B-1
Added Pin To Net: NetName=+3V3 Pin=C10_B-2
Added Pin To Net: NetName=GND Pin=C10_C-1
Added Pin To Net: NetName=+3V3 Pin=C10_C-2
Added Pin To Net: NetName=SH_A Pin=C14_A-1
Added Pin To Net: NetName=HB_A Pin=C14_A-2
Added Pin To Net: NetName=SH_B Pin=C14_B-1
Added Pin To Net: NetName=HB_B Pin=C14_B-2
Added Pin To Net: NetName=SH_C Pin=C14_C-1
Added Pin To Net: NetName=HB_C Pin=C14_C-2
Added Pin To Net: NetName=GND Pin=C16_A-1
Added Pin To Net: NetName=VOLT_A Pin=C16_A-2
Added Pin To Net: NetName=GND Pin=C16_B-1
Added Pin To Net: NetName=VOLT_B Pin=C16_B-2
Added Pin To Net: NetName=GND Pin=C16_C-1
Added Pin To Net: NetName=VOLT_C Pin=C16_C-2
Added Pin To Net: NetName=BST Pin=C34-1
Added Pin To Net: NetName=SW_1 Pin=C34-2
Added Pin To Net: NetName=GND Pin=C35-1
Added Pin To Net: NetName=+100V Pin=C35-2
Added Pin To Net: NetName=GND Pin=C36-1
Added Pin To Net: NetName=+12V Pin=C36-2
Added Pin To Net: NetName=GND Pin=C37-1
Added Pin To Net: NetName=+5V Pin=C37-2
Added Pin To Net: NetName=GND Pin=C38-1
Added Pin To Net: NetName=+12V Pin=C38-2
Added Pin To Net: NetName=GND Pin=C39-1
Added Pin To Net: NetName=+5V Pin=C39-2
Added Pin To Net: NetName=GND Pin=C40-1
Added Pin To Net: NetName=+3V3 Pin=C40-2
Added Pin To Net: NetName=GND Pin=C41-1
Added Pin To Net: NetName=+5V Pin=C41-2
Added Pin To Net: NetName=+5V Pin=D1-1
Added Pin To Net: NetName=SW_2 Pin=D1-2
Added Pin To Net: NetName=+12V Pin=L1-1
Added Pin To Net: NetName=SW_2 Pin=L1-2
Added Pin To Net: NetName=SW_1 Pin=L2-1
Added Pin To Net: NetName=+12V Pin=L2-2
Added Pin To Net: NetName=NetLED1_1 Pin=LED1-1
Added Pin To Net: NetName=NetLED1_2 Pin=LED1-2
Added Pin To Net: NetName=NetLED2_1 Pin=LED2-1
Added Pin To Net: NetName=NetLED2_2 Pin=LED2-2
Added Pin To Net: NetName=NetLED3_1 Pin=LED3-1
Added Pin To Net: NetName=+12V Pin=LED3-2
Added Pin To Net: NetName=NetLED4_1 Pin=LED4-1
Added Pin To Net: NetName=+5V Pin=LED4-2
Added Pin To Net: NetName=NetLED5_1 Pin=LED5-1
Added Pin To Net: NetName=+3V3 Pin=LED5-2
Added Pin To Net: NetName=GND Pin=PH1-1
Added Pin To Net: NetName=SH_A Pin=PH1-2
Added Pin To Net: NetName=GND Pin=PH1-3
Added Pin To Net: NetName=HG_A Pin=PH1-4
Added Pin To Net: NetName=GND Pin=PH1-5
Added Pin To Net: NetName=LG_A Pin=PH1-6
Added Pin To Net: NetName=+100V Pin=PH1-7
Added Pin To Net: NetName=PH_A Pin=PH1-8
Added Pin To Net: NetName=NTC Pin=PH2-1
Added Pin To Net: NetName=SH_B Pin=PH2-2
Added Pin To Net: NetName=GND Pin=PH2-3
Added Pin To Net: NetName=HG_B Pin=PH2-4
Added Pin To Net: NetName=GND Pin=PH2-5
Added Pin To Net: NetName=LG_B Pin=PH2-6
Added Pin To Net: NetName=GND Pin=PH2-7
Added Pin To Net: NetName=PH_B Pin=PH2-8
Added Pin To Net: NetName=GND Pin=PH3-1
Added Pin To Net: NetName=SH_C Pin=PH3-2
Added Pin To Net: NetName=GND Pin=PH3-3
Added Pin To Net: NetName=HG_C Pin=PH3-4
Added Pin To Net: NetName=GND Pin=PH3-5
Added Pin To Net: NetName=LG_C Pin=PH3-6
Added Pin To Net: NetName=GND Pin=PH3-7
Added Pin To Net: NetName=PH_C Pin=PH3-8
Added Pin To Net: NetName=+3V3 Pin=PH4-1
Added Pin To Net: NetName=NetPH4_2 Pin=PH4-2
Added Pin To Net: NetName=+5V Pin=PH4-3
Added Pin To Net: NetName=NRST Pin=PH5-1
Added Pin To Net: NetName=SWDIO Pin=PH5-2
Added Pin To Net: NetName=SWCLK Pin=PH5-3
Added Pin To Net: NetName=GND Pin=PH5-4
Added Pin To Net: NetName=SWO Pin=PH5-5
Added Pin To Net: NetName=+3V3 Pin=PH5-6
Added Pin To Net: NetName=NetC2_2 Pin=Q1-1
Added Pin To Net: NetName=GND Pin=Q1-2
Added Pin To Net: NetName=MCU_OSC_IN Pin=Q1-3
Added Pin To Net: NetName=GND Pin=Q1-4
Added Pin To Net: NetName=NetC2_2 Pin=R1-1
Added Pin To Net: NetName=MCU_OSC_OUT Pin=R1-2
Added Pin To Net: NetName=GND Pin=R2-1
Added Pin To Net: NetName=BOOT0 Pin=R2-2
Added Pin To Net: NetName=NTC Pin=R3-1
Added Pin To Net: NetName=+3V3 Pin=R3-2
Added Pin To Net: NetName=VOLT_A Pin=R5_A-1
Added Pin To Net: NetName=SH_A Pin=R5_A-2
Added Pin To Net: NetName=VOLT_B Pin=R5_B-1
Added Pin To Net: NetName=SH_B Pin=R5_B-2
Added Pin To Net: NetName=VOLT_C Pin=R5_C-1
Added Pin To Net: NetName=SH_C Pin=R5_C-2
Added Pin To Net: NetName=GND Pin=R7_A-1
Added Pin To Net: NetName=VOLT_A Pin=R7_A-2
Added Pin To Net: NetName=GND Pin=R7_B-1
Added Pin To Net: NetName=VOLT_B Pin=R7_B-2
Added Pin To Net: NetName=GND Pin=R7_C-1
Added Pin To Net: NetName=VOLT_C Pin=R7_C-2
Added Pin To Net: NetName=NetR26_1 Pin=R26-1
Added Pin To Net: NetName=+100V Pin=R26-2
Added Pin To Net: NetName=GND Pin=R27-1
Added Pin To Net: NetName=NetR26_1 Pin=R27-2
Added Pin To Net: NetName=CC1 Pin=R30-1
Added Pin To Net: NetName=GND Pin=R30-2
Added Pin To Net: NetName=CC2 Pin=R31-1
Added Pin To Net: NetName=GND Pin=R31-2
Added Pin To Net: NetName=GND Pin=R32-1
Added Pin To Net: NetName=NetLED1_1 Pin=R32-2
Added Pin To Net: NetName=GND Pin=R33-1
Added Pin To Net: NetName=NetLED2_1 Pin=R33-2
Added Pin To Net: NetName=FB_1 Pin=R34-1
Added Pin To Net: NetName=+12V Pin=R34-2
Added Pin To Net: NetName=FB_2 Pin=R35-1
Added Pin To Net: NetName=+5V Pin=R35-2
Added Pin To Net: NetName=GND Pin=R36-1
Added Pin To Net: NetName=RON Pin=R36-2
Added Pin To Net: NetName=GND Pin=R37-1
Added Pin To Net: NetName=FB_1 Pin=R37-2
Added Pin To Net: NetName=GND Pin=R38-1
Added Pin To Net: NetName=FB_2 Pin=R38-2
Added Pin To Net: NetName=GND Pin=R39-1
Added Pin To Net: NetName=NetLED3_1 Pin=R39-2
Added Pin To Net: NetName=GND Pin=R40-1
Added Pin To Net: NetName=NetLED4_1 Pin=R40-2
Added Pin To Net: NetName=GND Pin=R41-1
Added Pin To Net: NetName=NetLED5_1 Pin=R41-2
Added Pin To Net: NetName=+3V3 Pin=U1-1
Added Pin To Net: NetName=NetLED1_2 Pin=U1-2
Added Pin To Net: NetName=NetLED2_2 Pin=U1-3
Added Pin To Net: NetName=MCU_OSC_IN Pin=U1-5
Added Pin To Net: NetName=MCU_OSC_OUT Pin=U1-6
Added Pin To Net: NetName=NRST Pin=U1-7
Added Pin To Net: NetName=GND Pin=U1-8
Added Pin To Net: NetName=+3V3 Pin=U1-9
Added Pin To Net: NetName=CURR_A Pin=U1-10
Added Pin To Net: NetName=VOLT_A Pin=U1-11
Added Pin To Net: NetName=CURR_B Pin=U1-12
Added Pin To Net: NetName=VOLT_B Pin=U1-13
Added Pin To Net: NetName=CURR_C Pin=U1-14
Added Pin To Net: NetName=VOLT_C Pin=U1-15
Added Pin To Net: NetName=NetR26_1 Pin=U1-16
Added Pin To Net: NetName=NTC Pin=U1-17
Added Pin To Net: NetName=NetU1_18 Pin=U1-18
Added Pin To Net: NetName=NetU1_19 Pin=U1-19
Added Pin To Net: NetName=NetU1_20 Pin=U1-20
Added Pin To Net: NetName=GND Pin=U1-23
Added Pin To Net: NetName=+3V3 Pin=U1-24
Added Pin To Net: NetName=LOW_A Pin=U1-26
Added Pin To Net: NetName=LOW_B Pin=U1-27
Added Pin To Net: NetName=LOW_C Pin=U1-28
Added Pin To Net: NetName=HIGH_A Pin=U1-29
Added Pin To Net: NetName=HIGH_B Pin=U1-30
Added Pin To Net: NetName=HIGH_C Pin=U1-31
Added Pin To Net: NetName=USB_N Pin=U1-32
Added Pin To Net: NetName=USB_P Pin=U1-33
Added Pin To Net: NetName=SWDIO Pin=U1-34
Added Pin To Net: NetName=GND Pin=U1-35
Added Pin To Net: NetName=+3V3 Pin=U1-36
Added Pin To Net: NetName=SWCLK Pin=U1-37
Added Pin To Net: NetName=SWO Pin=U1-39
Added Pin To Net: NetName=NetU1_42 Pin=U1-42
Added Pin To Net: NetName=NetU1_43 Pin=U1-43
Added Pin To Net: NetName=BOOT0 Pin=U1-44
Added Pin To Net: NetName=CAN_RXD Pin=U1-45
Added Pin To Net: NetName=CAN_TXD Pin=U1-46
Added Pin To Net: NetName=GND Pin=U1-47
Added Pin To Net: NetName=+3V3 Pin=U1-48
Added Pin To Net: NetName=SH_A Pin=U2_A-2
Added Pin To Net: NetName=PH_A Pin=U2_A-3
Added Pin To Net: NetName=GND Pin=U2_A-4
Added Pin To Net: NetName=+3V3 Pin=U2_A-5
Added Pin To Net: NetName=+3V3 Pin=U2_A-6
Added Pin To Net: NetName=GND Pin=U2_A-7
Added Pin To Net: NetName=CURR_A Pin=U2_A-8
Added Pin To Net: NetName=SH_B Pin=U2_B-2
Added Pin To Net: NetName=PH_B Pin=U2_B-3
Added Pin To Net: NetName=GND Pin=U2_B-4
Added Pin To Net: NetName=+3V3 Pin=U2_B-5
Added Pin To Net: NetName=+3V3 Pin=U2_B-6
Added Pin To Net: NetName=GND Pin=U2_B-7
Added Pin To Net: NetName=CURR_B Pin=U2_B-8
Added Pin To Net: NetName=SH_C Pin=U2_C-2
Added Pin To Net: NetName=PH_C Pin=U2_C-3
Added Pin To Net: NetName=GND Pin=U2_C-4
Added Pin To Net: NetName=+3V3 Pin=U2_C-5
Added Pin To Net: NetName=+3V3 Pin=U2_C-6
Added Pin To Net: NetName=GND Pin=U2_C-7
Added Pin To Net: NetName=CURR_C Pin=U2_C-8
Added Pin To Net: NetName=+12V Pin=U3_A-1
Added Pin To Net: NetName=HB_A Pin=U3_A-2
Added Pin To Net: NetName=HG_A Pin=U3_A-3
Added Pin To Net: NetName=SH_A Pin=U3_A-4
Added Pin To Net: NetName=HIGH_A Pin=U3_A-5
Added Pin To Net: NetName=LOW_A Pin=U3_A-6
Added Pin To Net: NetName=GND Pin=U3_A-7
Added Pin To Net: NetName=LG_A Pin=U3_A-8
Added Pin To Net: NetName=+12V Pin=U3_B-1
Added Pin To Net: NetName=HB_B Pin=U3_B-2
Added Pin To Net: NetName=HG_B Pin=U3_B-3
Added Pin To Net: NetName=SH_B Pin=U3_B-4
Added Pin To Net: NetName=HIGH_B Pin=U3_B-5
Added Pin To Net: NetName=LOW_B Pin=U3_B-6
Added Pin To Net: NetName=GND Pin=U3_B-7
Added Pin To Net: NetName=LG_B Pin=U3_B-8
Added Pin To Net: NetName=+12V Pin=U3_C-1
Added Pin To Net: NetName=HB_C Pin=U3_C-2
Added Pin To Net: NetName=HG_C Pin=U3_C-3
Added Pin To Net: NetName=SH_C Pin=U3_C-4
Added Pin To Net: NetName=HIGH_C Pin=U3_C-5
Added Pin To Net: NetName=LOW_C Pin=U3_C-6
Added Pin To Net: NetName=GND Pin=U3_C-7
Added Pin To Net: NetName=LG_C Pin=U3_C-8
Added Pin To Net: NetName=GND Pin=U8-1
Added Pin To Net: NetName=+100V Pin=U8-2
Added Pin To Net: NetName=+100V Pin=U8-3
Added Pin To Net: NetName=RON Pin=U8-4
Added Pin To Net: NetName=FB_1 Pin=U8-5
Added Pin To Net: NetName=BST Pin=U8-7
Added Pin To Net: NetName=SW_1 Pin=U8-8
Added Pin To Net: NetName=GND Pin=U8-9
Added Pin To Net: NetName=SW_2 Pin=U9-1
Added Pin To Net: NetName=GND Pin=U9-2
Added Pin To Net: NetName=FB_2 Pin=U9-3
Added Pin To Net: NetName=+12V Pin=U9-4
Added Pin To Net: NetName=+12V Pin=U9-5
Added Pin To Net: NetName=GND Pin=U10-1
Added Pin To Net: NetName=+3V3 Pin=U10-2
Added Pin To Net: NetName=+5V Pin=U10-3
Added Pin To Net: NetName=+3V3 Pin=U10-4
Added Pin To Net: NetName=CAN_TXD Pin=U11-1
Added Pin To Net: NetName=GND Pin=U11-2
Added Pin To Net: NetName=+5V Pin=U11-3
Added Pin To Net: NetName=CAN_RXD Pin=U11-4
Added Pin To Net: NetName=CANH Pin=U11-6
Added Pin To Net: NetName=CANL Pin=U11-7
Added Pin To Net: NetName=GND Pin=USB1-1
Added Pin To Net: NetName=+5V Pin=USB1-2
Added Pin To Net: NetName=CC1 Pin=USB1-4
Added Pin To Net: NetName=USB_N Pin=USB1-5
Added Pin To Net: NetName=USB_P Pin=USB1-6
Added Pin To Net: NetName=USB_N Pin=USB1-7
Added Pin To Net: NetName=USB_P Pin=USB1-8
Added Pin To Net: NetName=CC2 Pin=USB1-10
Added Pin To Net: NetName=+5V Pin=USB1-11
Added Pin To Net: NetName=GND Pin=USB1-12
Added Pin To Net: NetName=GND Pin=USB1-13
Added Pin To Net: NetName=GND Pin=USB1-13
Added Pin To Net: NetName=GND Pin=USB1-14
Added Pin To Net: NetName=GND Pin=USB1-14
Added Pin To Net: NetName=GND Pin=XH5-1
Added Pin To Net: NetName=CANL Pin=XH5-2
Added Pin To Net: NetName=CANH Pin=XH5-3
Added Pin To Net: NetName=NetU1_18 Pin=XH6-1
Added Pin To Net: NetName=NetU1_19 Pin=XH6-2
Added Pin To Net: NetName=NetU1_20 Pin=XH6-3
Added Pin To Net: NetName=NetPH4_2 Pin=XH6-5
Added Pin To Net: NetName=GND Pin=XH6-6
Added Pin To Net: NetName=GND Pin=XH7-1
Added Pin To Net: NetName=NetU1_43 Pin=XH7-2
Added Pin To Net: NetName=NetU1_42 Pin=XH7-3
Added Member To Class: ClassName=STM32 Member=Component C1 10p
Added Member To Class: ClassName=STM32 Member=Component C2 10p
Added Member To Class: ClassName=STM32 Member=Component C3 100n
Added Member To Class: ClassName=STM32 Member=Component C4 1u
Added Member To Class: ClassName=STM32 Member=Component C5 100n
Added Member To Class: ClassName=STM32 Member=Component C6 100n
Added Member To Class: ClassName=STM32 Member=Component C7 100n
Added Member To Class: ClassName=STM32 Member=Component C8 100n
Added Member To Class: ClassName=A Member=Component C9_A (C9) 16V 47u
Added Member To Class: ClassName=B Member=Component C9_B (C9) 16V 47u
Added Member To Class: ClassName=C Member=Component C9_C (C9) 16V 47u
Added Member To Class: ClassName=A Member=Component C10_A (C10) 100n
Added Member To Class: ClassName=B Member=Component C10_B (C10) 100n
Added Member To Class: ClassName=C Member=Component C10_C (C10) 100n
Added Member To Class: ClassName=A Member=Component C14_A (C14) 100n 100V
Added Member To Class: ClassName=B Member=Component C14_B (C14) 100n 100V
Added Member To Class: ClassName=C Member=Component C14_C (C14) 100n 100V
Added Member To Class: ClassName=A Member=Component C16_A (C16) 100n
Added Member To Class: ClassName=B Member=Component C16_B (C16) 100n
Added Member To Class: ClassName=C Member=Component C16_C (C16) 100n
Added Member To Class: ClassName=DCDC100 Member=Component C34 2n2
Added Member To Class: ClassName=Power Member=Component C34 2n2
Added Member To Class: ClassName=DCDC100 Member=Component C35 4u7
Added Member To Class: ClassName=Power Member=Component C35 4u7
Added Member To Class: ClassName=DCDC100 Member=Component C36 16V 47u
Added Member To Class: ClassName=Power Member=Component C36 16V 47u
Added Member To Class: ClassName=DCDC5 Member=Component C37 16V 47u
Added Member To Class: ClassName=Power Member=Component C37 16V 47u
Added Member To Class: ClassName=DCDC5 Member=Component C38 16V 47u
Added Member To Class: ClassName=Power Member=Component C38 16V 47u
Added Member To Class: ClassName=LINREG Member=Component C39 16V 47u
Added Member To Class: ClassName=Power Member=Component C39 16V 47u
Added Member To Class: ClassName=LINREG Member=Component C40 10u
Added Member To Class: ClassName=Power Member=Component C40 10u
Added Member To Class: ClassName=CAN Member=Component C41 100n
Added Member To Class: ClassName=DCDC5 Member=Component D1 NRVB130T1G
Added Member To Class: ClassName=Power Member=Component D1 NRVB130T1G
Added Member To Class: ClassName=DCDC5 Member=Component L1 IND_4u7
Added Member To Class: ClassName=Power Member=Component L1 IND_4u7
Added Member To Class: ClassName=DCDC100 Member=Component L2 68u
Added Member To Class: ClassName=Power Member=Component L2 68u
Added Member To Class: ClassName=Overview Member=Component LED1 WHITE_0603
Added Member To Class: ClassName=Overview Member=Component LED2 RED_0603
Added Member To Class: ClassName=Power Member=Component LED3 GREEN_0603
Added Member To Class: ClassName=Power Member=Component LED4 GREEN_0603
Added Member To Class: ClassName=Power Member=Component LED5 GREEN_0603
Added Member To Class: ClassName=A Member=Component PH1 PHASE_A
Added Member To Class: ClassName=Overview Member=Component PH1 PHASE_A
Added Member To Class: ClassName=B Member=Component PH2 PHASE_B
Added Member To Class: ClassName=Overview Member=Component PH2 PHASE_B
Added Member To Class: ClassName=C Member=Component PH3 PHASE_C
Added Member To Class: ClassName=Overview Member=Component PH3 PHASE_C
Added Member To Class: ClassName=Overview Member=Component PH4 HALL_VOLT
Added Member To Class: ClassName=Overview Member=Component PH5 PH_2x3
Added Member To Class: ClassName=STM32 Member=Component Q1 OSC_24M
Added Member To Class: ClassName=STM32 Member=Component R1 22R
Added Member To Class: ClassName=STM32 Member=Component R2 0R
Added Member To Class: ClassName=Overview Member=Component R3 10k
Added Member To Class: ClassName=A Member=Component R5_A (R5) 56k
Added Member To Class: ClassName=B Member=Component R5_B (R5) 56k
Added Member To Class: ClassName=C Member=Component R5_C (R5) 56k
Added Member To Class: ClassName=A Member=Component R7_A (R7) 1k8
Added Member To Class: ClassName=B Member=Component R7_B (R7) 1k8
Added Member To Class: ClassName=C Member=Component R7_C (R7) 1k8
Added Member To Class: ClassName=Overview Member=Component R26 100k
Added Member To Class: ClassName=Overview Member=Component R27 3k3
Added Member To Class: ClassName=Overview Member=Component R30 5k1
Added Member To Class: ClassName=Overview Member=Component R31 5k1
Added Member To Class: ClassName=Overview Member=Component R32 30R
Added Member To Class: ClassName=Overview Member=Component R33 30R
Added Member To Class: ClassName=DCDC100 Member=Component R34 448k
Added Member To Class: ClassName=Power Member=Component R34 448k
Added Member To Class: ClassName=DCDC5 Member=Component R35 110k
Added Member To Class: ClassName=Power Member=Component R35 110k
Added Member To Class: ClassName=DCDC100 Member=Component R36 100k
Added Member To Class: ClassName=Power Member=Component R36 100k
Added Member To Class: ClassName=DCDC100 Member=Component R37 49k9
Added Member To Class: ClassName=Power Member=Component R37 49k9
Added Member To Class: ClassName=DCDC5 Member=Component R38 15k
Added Member To Class: ClassName=Power Member=Component R38 15k
Added Member To Class: ClassName=Power Member=Component R39 465R
Added Member To Class: ClassName=Power Member=Component R40 115R
Added Member To Class: ClassName=Power Member=Component R41 30R
Added Member To Class: ClassName=STM32 Member=Component U1 STM32F103CBT6
Added Member To Class: ClassName=A Member=Component U2_A (U2) INA240A1PWR
Added Member To Class: ClassName=B Member=Component U2_B (U2) INA240A1PWR
Added Member To Class: ClassName=C Member=Component U2_C (U2) INA240A1PWR
Added Member To Class: ClassName=A Member=Component U3_A (U3) UCC27282DR
Added Member To Class: ClassName=B Member=Component U3_B (U3) UCC27282DR
Added Member To Class: ClassName=C Member=Component U3_C (U3) UCC27282DR
Added Member To Class: ClassName=DCDC100 Member=Component U8 LM5164DDAR
Added Member To Class: ClassName=Power Member=Component U8 LM5164DDAR
Added Member To Class: ClassName=DCDC5 Member=Component U9 MT3608L
Added Member To Class: ClassName=Power Member=Component U9 MT3608L
Added Member To Class: ClassName=LINREG Member=Component U10 AMS1117-3.3
Added Member To Class: ClassName=Power Member=Component U10 AMS1117-3.3
Added Member To Class: ClassName=CAN Member=Component U11 TJA1050T/CM,118
Added Member To Class: ClassName=Overview Member=Component USB1 USB_C
Added Member To Class: ClassName=Overview Member=Component XH5 CAN
Added Member To Class: ClassName=Overview Member=Component XH6 HALL
Added Member To Class: ClassName=Overview Member=Component XH7 USART
