Removed Pin From Net: NetName=HG_A Pin=R3-2
Removed Pin From Net: NetName=HG_A Pin=R4-2
Removed Pin From Net: NetName=LG_A Pin=R8-2
Removed Pin From Net: NetName=LG_A Pin=R9-2
Removed Pin From Net: NetName=HG_B Pin=R10-2
Removed Pin From Net: NetName=HG_B Pin=R11-2
Removed Pin From Net: NetName=LG_B Pin=R15-2
Removed Pin From Net: NetName=LG_B Pin=R16-2
Removed Pin From Net: NetName=HG_C Pin=R17-2
Removed Pin From Net: NetName=HG_C Pin=R18-2
Removed Pin From Net: NetName=LG_C Pin=R22-2
Removed Pin From Net: NetName=LG_C Pin=R23-2
Change Component Designator: OldDesignator=PH1 NewDesignator=PH4
Change Component Designator: OldDesignator=PH2 NewDesignator=PH5
Added Component: Designator=PH1(PH_2x4_M)
Add component (AddParameter): Name = "LCSC"; Value = "C7501618"; VariantName = "[No Variations]"
Add component (AddParameter): Name = "Mfr."; Value = "XUNPU"; VariantName = "[No Variations]"
Add component (AddParameter): Name = "Mfr. Part"; Value = "PH2.54-07-04PWS"; VariantName = "[No Variations]"
Added Component: Designator=PH2(PH_2x4_M)
Add component (AddParameter): Name = "LCSC"; Value = "C7501618"; VariantName = "[No Variations]"
Add component (AddParameter): Name = "Mfr."; Value = "XUNPU"; VariantName = "[No Variations]"
Add component (AddParameter): Name = "Mfr. Part"; Value = "PH2.54-07-04PWS"; VariantName = "[No Variations]"
Added Component: Designator=PH3(PH_2x4_M)
Add component (AddParameter): Name = "LCSC"; Value = "C7501618"; VariantName = "[No Variations]"
Add component (AddParameter): Name = "Mfr."; Value = "XUNPU"; VariantName = "[No Variations]"
Add component (AddParameter): Name = "Mfr. Part"; Value = "PH2.54-07-04PWS"; VariantName = "[No Variations]"
Added Pin To Net: NetName=+100V Pin=PH1-1
Added Pin To Net: NetName=SH_A Pin=PH1-2
Added Pin To Net: NetName=GND Pin=PH1-3
Added Pin To Net: NetName=HG_A Pin=PH1-4
Added Pin To Net: NetName=GND Pin=PH1-5
Added Pin To Net: NetName=LG_A Pin=PH1-6
Added Pin To Net: NetName=GND Pin=PH1-7
Added Pin To Net: NetName=+100V Pin=PH2-1
Added Pin To Net: NetName=SH_B Pin=PH2-2
Added Pin To Net: NetName=GND Pin=PH2-3
Added Pin To Net: NetName=HG_B Pin=PH2-4
Added Pin To Net: NetName=GND Pin=PH2-5
Added Pin To Net: NetName=LG_B Pin=PH2-6
Added Pin To Net: NetName=GND Pin=PH2-7
Added Pin To Net: NetName=+100V Pin=PH3-1
Added Pin To Net: NetName=SH_C Pin=PH3-2
Added Pin To Net: NetName=GND Pin=PH3-3
Added Pin To Net: NetName=HG_C Pin=PH3-4
Added Pin To Net: NetName=GND Pin=PH3-5
Added Pin To Net: NetName=LG_C Pin=PH3-6
Added Pin To Net: NetName=GND Pin=PH3-7
Added Pin To Net: NetName=SH_A Pin=U2-3
Added Pin To Net: NetName=SH_B Pin=U4-3
Added Pin To Net: NetName=SH_C Pin=U6-3
Change Net Name : Old Net Name=NetPH1_2 New Net Name=NetPH4_2
Change Net Name : Old Net Name=TEMP_INVERTER New Net Name=TEMP_INV
Added Pin To Net: NetName=PH_A Pin=PH1-8
Added Pin To Net: NetName=PH_A Pin=U2-4
Added Net: Name=PH_A
Added Pin To Net: NetName=PH_B Pin=PH2-8
Added Pin To Net: NetName=PH_B Pin=U4-4
Added Net: Name=PH_B
Added Pin To Net: NetName=PH_C Pin=PH3-8
Added Pin To Net: NetName=PH_C Pin=U6-4
Added Net: Name=PH_C
Added Member To Class: ClassName=Overview Member=Component PH3 PHASE_C
Added Member To Class: ClassName=Overview Member=Component PH4 HALL_VOLT
Added Member To Class: ClassName=Overview Member=Component PH5 DEBUG
