Added Component: Designator=USB1(USB_C)
Add component (AddParameter): Name = "LCSC"; Value = "C2765186"; VariantName = "[No Variations]"
Add component (AddParameter): Name = "Mfr."; Value = "SHOU HAN"; VariantName = "[No Variations]"
Add component (AddParameter): Name = "Mfr. Part"; Value = "TYPE-C 16PIN 2MD(073)"; VariantName = "[No Variations]"
Add component (AddParameter): Name = "Package"; Value = "SMD"; VariantName = "[No Variations]"
Added Pin To Net: NetName=GND Pin=USB1-1
Added Pin To Net: NetName=+5V Pin=USB1-2
Added Pin To Net: NetName=CC1 Pin=USB1-4
Added Pin To Net: NetName=USB_N Pin=USB1-5
Added Pin To Net: NetName=USB_P Pin=USB1-6
Added Pin To Net: NetName=USB_N Pin=USB1-7
Added Pin To Net: NetName=USB_P Pin=USB1-8
Added Pin To Net: NetName=CC2 Pin=USB1-10
Added Pin To Net: NetName=+5V Pin=USB1-11
Added Pin To Net: NetName=GND Pin=USB1-12
Added Pin To Net: NetName=GND Pin=USB1-13
Added Pin To Net: NetName=GND Pin=USB1-13
Added Pin To Net: NetName=GND Pin=USB1-14
Added Pin To Net: NetName=GND Pin=USB1-14
Added Member To Class: ClassName=Overview Member=Component USB1 USB_C
