Removed Pin From Net: NetName=SH_A Pin=U2_A-2
Removed Pin From Net: NetName=PH_A Pin=U2_A-3
Removed Pin From Net: NetName=GND Pin=U2_A-4
Removed Pin From Net: NetName=+3V3 Pin=U2_A-5
Removed Pin From Net: NetName=CURR_A Pin=U2_A-8
Removed Pin From Net: NetName=SH_B Pin=U2_B-2
Removed Pin From Net: NetName=PH_B Pin=U2_B-3
Removed Pin From Net: NetName=GND Pin=U2_B-4
Removed Pin From Net: NetName=+3V3 Pin=U2_B-5
Removed Pin From Net: NetName=CURR_B Pin=U2_B-8
Removed Pin From Net: NetName=SH_C Pin=U2_C-2
Removed Pin From Net: NetName=PH_C Pin=U2_C-3
Removed Pin From Net: NetName=GND Pin=U2_C-4
Removed Pin From Net: NetName=+3V3 Pin=U2_C-5
Removed Pin From Net: NetName=CURR_C Pin=U2_C-8
Change Component Footprint: Designator=U2_A Old Footprint=INA240A1PWR New Footprint=INA240A1DR
Change Component Footprint: Designator=U2_B Old Footprint=INA240A1PWR New Footprint=INA240A1DR
Change Component Footprint: Designator=U2_C Old Footprint=INA240A1PWR New Footprint=INA240A1DR
Change Component Comment : Designator=U2_A Old Comment=INA240A1PWR New Comment=INA240A1DR
Change Component Comment : Designator=U2_B Old Comment=INA240A1PWR New Comment=INA240A1DR
Change Component Comment : Designator=U2_C Old Comment=INA240A1PWR New Comment=INA240A1DR
Change component parameters: Designator = "U2_A" ("U2"); Footprint = "INA240A1PWR"; UniqueID = "\NILCYZSH\FMCYFKGM" ("\NILCYZSH\FMCYFKGM")
Change component parameters (AddParameter): Name = "LCSC"; Value = "C2060769"; VariantName = "[No Variations]"
Change component parameters (AddParameter): Name = "Mfr."; Value = "Texas Instruments"; VariantName = "[No Variations]"
Change component parameters (AddParameter): Name = "Mfr. Part"; Value = "INA240A1DR"; VariantName = "[No Variations]"
Change component parameters: Designator = "U2_B" ("U2"); Footprint = "INA240A1PWR"; UniqueID = "\LXYLCXQH\FMCYFKGM" ("\LXYLCXQH\FMCYFKGM")
Change component parameters (AddParameter): Name = "LCSC"; Value = "C2060769"; VariantName = "[No Variations]"
Change component parameters (AddParameter): Name = "Mfr."; Value = "Texas Instruments"; VariantName = "[No Variations]"
Change component parameters (AddParameter): Name = "Mfr. Part"; Value = "INA240A1DR"; VariantName = "[No Variations]"
Change component parameters: Designator = "U2_C" ("U2"); Footprint = "INA240A1PWR"; UniqueID = "\ZGARPMOX\FMCYFKGM" ("\ZGARPMOX\FMCYFKGM")
Change component parameters (AddParameter): Name = "LCSC"; Value = "C2060769"; VariantName = "[No Variations]"
Change component parameters (AddParameter): Name = "Mfr."; Value = "Texas Instruments"; VariantName = "[No Variations]"
Change component parameters (AddParameter): Name = "Mfr. Part"; Value = "INA240A1DR"; VariantName = "[No Variations]"
Added Pin To Net: NetName=PH_A Pin=U2_A-1
Added Pin To Net: NetName=GND Pin=U2_A-2
Added Pin To Net: NetName=+3V3 Pin=U2_A-3
Added Pin To Net: NetName=CURR_A Pin=U2_A-5
Added Pin To Net: NetName=SH_A Pin=U2_A-8
Added Pin To Net: NetName=PH_B Pin=U2_B-1
Added Pin To Net: NetName=GND Pin=U2_B-2
Added Pin To Net: NetName=+3V3 Pin=U2_B-3
Added Pin To Net: NetName=CURR_B Pin=U2_B-5
Added Pin To Net: NetName=SH_B Pin=U2_B-8
Added Pin To Net: NetName=PH_C Pin=U2_C-1
Added Pin To Net: NetName=GND Pin=U2_C-2
Added Pin To Net: NetName=+3V3 Pin=U2_C-3
Added Pin To Net: NetName=CURR_C Pin=U2_C-5
Added Pin To Net: NetName=SH_C Pin=U2_C-8
