Change component parameters: Designator = "C1" ("C1"); Footprint = "CAP_0603"; UniqueID = "\GHEKUDHE\IYYDBDDI" ("\GHEKUDHE\IYYDBDDI")
Change component parameters (AddParameter): Name = "ClassName"; Value = "stm32"; VariantName = "[No Variations]"
Change component parameters (AddParameter): Name = "LCSC"; Value = ""; VariantName = "[No Variations]"
Change component parameters (AddParameter): Name = "Mfr."; Value = ""; VariantName = "[No Variations]"
Change component parameters (AddParameter): Name = "Mfr. Part"; Value = ""; VariantName = "[No Variations]"
Change component parameters (AddParameter): Name = "Package"; Value = "0603"; VariantName = "[No Variations]"
Change component parameters (AddParameter): Name = "Voltage Rating"; Value = ""; VariantName = "[No Variations]"
Change component parameters: Designator = "C2" ("C2"); Footprint = "CAP_0603"; UniqueID = "\GHEKUDHE\OBQVLGZA" ("\GHEKUDHE\OBQVLGZA")
Change component parameters (AddParameter): Name = "ClassName"; Value = "stm32"; VariantName = "[No Variations]"
Change component parameters (AddParameter): Name = "LCSC"; Value = ""; VariantName = "[No Variations]"
Change component parameters (AddParameter): Name = "Mfr."; Value = ""; VariantName = "[No Variations]"
Change component parameters (AddParameter): Name = "Mfr. Part"; Value = ""; VariantName = "[No Variations]"
Change component parameters (AddParameter): Name = "Package"; Value = "0603"; VariantName = "[No Variations]"
Change component parameters (AddParameter): Name = "Voltage Rating"; Value = ""; VariantName = "[No Variations]"
Change component parameters: Designator = "C4" ("C4"); Footprint = "CAP_0603"; UniqueID = "\GHEKUDHE\FAXBMNSE" ("\GHEKUDHE\FAXBMNSE")
Change component parameters (AddParameter): Name = "ClassName"; Value = "stm32"; VariantName = "[No Variations]"
Change component parameters (AddParameter): Name = "LCSC"; Value = ""; VariantName = "[No Variations]"
Change component parameters (AddParameter): Name = "Mfr."; Value = ""; VariantName = "[No Variations]"
Change component parameters (AddParameter): Name = "Mfr. Part"; Value = ""; VariantName = "[No Variations]"
Change component parameters (AddParameter): Name = "Package"; Value = "0603"; VariantName = "[No Variations]"
Change component parameters (AddParameter): Name = "Voltage Rating"; Value = ""; VariantName = "[No Variations]"
Change component parameters: Designator = "C5" ("C5"); Footprint = "CAP_0603"; UniqueID = "\GHEKUDHE\EVCNFYGY" ("\GHEKUDHE\EVCNFYGY")
Change component parameters (AddParameter): Name = "ClassName"; Value = "stm32"; VariantName = "[No Variations]"
Change component parameters (AddParameter): Name = "LCSC"; Value = ""; VariantName = "[No Variations]"
Change component parameters (AddParameter): Name = "Mfr."; Value = ""; VariantName = "[No Variations]"
Change component parameters (AddParameter): Name = "Mfr. Part"; Value = ""; VariantName = "[No Variations]"
Change component parameters (AddParameter): Name = "Package"; Value = "0603"; VariantName = "[No Variations]"
Change component parameters (AddParameter): Name = "Voltage Rating"; Value = ""; VariantName = "[No Variations]"
Change component parameters: Designator = "C6" ("C6"); Footprint = "CAP_0603"; UniqueID = "\GHEKUDHE\IHYMXWDH" ("\GHEKUDHE\IHYMXWDH")
Change component parameters (AddParameter): Name = "ClassName"; Value = "stm32"; VariantName = "[No Variations]"
Change component parameters (AddParameter): Name = "LCSC"; Value = ""; VariantName = "[No Variations]"
Change component parameters (AddParameter): Name = "Mfr."; Value = ""; VariantName = "[No Variations]"
Change component parameters (AddParameter): Name = "Mfr. Part"; Value = ""; VariantName = "[No Variations]"
Change component parameters (AddParameter): Name = "Package"; Value = "0603"; VariantName = "[No Variations]"
Change component parameters (AddParameter): Name = "Voltage Rating"; Value = ""; VariantName = "[No Variations]"
Change component parameters: Designator = "C7" ("C7"); Footprint = "CAP_0603"; UniqueID = "\GHEKUDHE\ZZSDTAZP" ("\GHEKUDHE\ZZSDTAZP")
Change component parameters (AddParameter): Name = "ClassName"; Value = "stm32"; VariantName = "[No Variations]"
Change component parameters (AddParameter): Name = "LCSC"; Value = ""; VariantName = "[No Variations]"
Change component parameters (AddParameter): Name = "Mfr."; Value = ""; VariantName = "[No Variations]"
Change component parameters (AddParameter): Name = "Mfr. Part"; Value = ""; VariantName = "[No Variations]"
Change component parameters (AddParameter): Name = "Package"; Value = "0603"; VariantName = "[No Variations]"
Change component parameters (AddParameter): Name = "Voltage Rating"; Value = ""; VariantName = "[No Variations]"
Change component parameters: Designator = "C8" ("C8"); Footprint = "CAP_0603"; UniqueID = "\GHEKUDHE\RTSIYDVV" ("\GHEKUDHE\RTSIYDVV")
Change component parameters (AddParameter): Name = "ClassName"; Value = "stm32"; VariantName = "[No Variations]"
Change component parameters (AddParameter): Name = "LCSC"; Value = ""; VariantName = "[No Variations]"
Change component parameters (AddParameter): Name = "Mfr."; Value = ""; VariantName = "[No Variations]"
Change component parameters (AddParameter): Name = "Mfr. Part"; Value = ""; VariantName = "[No Variations]"
Change component parameters (AddParameter): Name = "Package"; Value = "0603"; VariantName = "[No Variations]"
Change component parameters (AddParameter): Name = "Voltage Rating"; Value = ""; VariantName = "[No Variations]"
Change component parameters: Designator = "Q1" ("Q1"); Footprint = "OSC_24M"; UniqueID = "\GHEKUDHE\JKZICIZI" ("\GHEKUDHE\JKZICIZI")
Change component parameters (AddParameter): Name = "ClassName"; Value = "stm32"; VariantName = "[No Variations]"
Change component parameters (AddParameter): Name = "ComponentLink1Description"; Value = "Datasheet"; VariantName = "[No Variations]"
Change component parameters (AddParameter): Name = "ComponentLink1URL"; Value = "https://www.lcsc.com/datasheet/lcsc_datasheet_2403291504_YXC-Crystal-Oscillators-X322524MOB4SI_C70590.pdf"; VariantName = "[No Variations]"
Change component parameters (AddParameter): Name = "LCSC"; Value = "C70590"; VariantName = "[No Variations]"
Change component parameters (AddParameter): Name = "Manufacturer Part"; Value = "X322524MOB4SI"; VariantName = "[No Variations]"
Change component parameters: Designator = "R1" ("R1"); Footprint = "RES_0603"; UniqueID = "\GHEKUDHE\AJFJTOSJ" ("\GHEKUDHE\AJFJTOSJ")
Change component parameters (AddParameter): Name = "ClassName"; Value = "stm32"; VariantName = "[No Variations]"
Change component parameters (AddParameter): Name = "LCSC"; Value = ""; VariantName = "[No Variations]"
Change component parameters (AddParameter): Name = "Mfr."; Value = ""; VariantName = "[No Variations]"
Change component parameters (AddParameter): Name = "Mfr. Part"; Value = ""; VariantName = "[No Variations]"
Change component parameters (AddParameter): Name = "Package"; Value = "0603"; VariantName = "[No Variations]"
Change component parameters (AddParameter): Name = "Voltage Rating"; Value = ""; VariantName = "[No Variations]"
Change component parameters: Designator = "R2" ("R2"); Footprint = "RES_0603"; UniqueID = "\GHEKUDHE\LBAZNIRR" ("\GHEKUDHE\LBAZNIRR")
Change component parameters (AddParameter): Name = "ClassName"; Value = "stm32"; VariantName = "[No Variations]"
Change component parameters (AddParameter): Name = "LCSC"; Value = ""; VariantName = "[No Variations]"
Change component parameters (AddParameter): Name = "Mfr."; Value = ""; VariantName = "[No Variations]"
Change component parameters (AddParameter): Name = "Mfr. Part"; Value = ""; VariantName = "[No Variations]"
Change component parameters (AddParameter): Name = "Package"; Value = "0603"; VariantName = "[No Variations]"
Change component parameters (AddParameter): Name = "Voltage Rating"; Value = ""; VariantName = "[No Variations]"
Change component parameters: Designator = "U1" ("U1"); Footprint = "STM32F103CBT6"; UniqueID = "\GHEKUDHE\DVSBRFUX" ("\GHEKUDHE\DVSBRFUX")
Change component parameters (AddParameter): Name = "ClassName"; Value = "stm32"; VariantName = "[No Variations]"
Change component parameters (AddParameter): Name = "LCSC"; Value = "C8304"; VariantName = "[No Variations]"
Change component parameters (AddParameter): Name = "Mfr."; Value = "STMicroelectronics"; VariantName = "[No Variations]"
Change component parameters (AddParameter): Name = "Mfr. Part"; Value = "STM32F103CBT6"; VariantName = "[No Variations]"
