Removed Pin From Net: NetName=GND Pin=C9_1-1
Removed Pin From Net: NetName=+100V Pin=C9_1-2
Removed Pin From Net: NetName=GND Pin=C10_1-1
Removed Pin From Net: NetName=+100V Pin=C10_1-2
Removed Pin From Net: NetName=GND Pin=C11_1-1
Removed Pin From Net: NetName=+100V Pin=C11_1-2
Removed Pin From Net: NetName=GND Pin=C15_1-1
Removed Pin From Net: NetName=+100V Pin=C15_1-2
Removed Pin From Net: NetName=GND Pin=C16_1-1
Removed Pin From Net: NetName=+100V Pin=C16_1-2
Removed Pin From Net: NetName=GND Pin=C17_1-1
Removed Pin From Net: NetName=+100V Pin=C17_1-2
Removed Pin From Net: NetName=GND Pin=C21_1-1
Removed Pin From Net: NetName=+100V Pin=C21_1-2
Removed Pin From Net: NetName=GND Pin=C22_1-1
Removed Pin From Net: NetName=+100V Pin=C22_1-2
Removed Pin From Net: NetName=GND Pin=C23_1-1
Removed Pin From Net: NetName=+100V Pin=C23_1-2
Removed Pin From Net: NetName=NetQ2_1 Pin=Q2_1-1
Removed Pin From Net: NetName=SH_A Pin=Q2_1-2
Removed Pin From Net: NetName=+100V Pin=Q2_1-3
Removed Pin From Net: NetName=NetQ3_1 Pin=Q3_1-1
Removed Pin From Net: NetName=GND Pin=Q3_1-2
Removed Pin From Net: NetName=SH_A Pin=Q3_1-3
Removed Pin From Net: NetName=NetQ4_1 Pin=Q4_1-1
Removed Pin From Net: NetName=SH_B Pin=Q4_1-2
Removed Pin From Net: NetName=+100V Pin=Q4_1-3
Removed Pin From Net: NetName=NetQ5_1 Pin=Q5_1-1
Removed Pin From Net: NetName=GND Pin=Q5_1-2
Removed Pin From Net: NetName=SH_B Pin=Q5_1-3
Removed Pin From Net: NetName=NetQ6_1 Pin=Q6_1-1
Removed Pin From Net: NetName=SH_C Pin=Q6_1-2
Removed Pin From Net: NetName=+100V Pin=Q6_1-3
Removed Pin From Net: NetName=NetQ7_1 Pin=Q7_1-1
Removed Pin From Net: NetName=GND Pin=Q7_1-2
Removed Pin From Net: NetName=SH_C Pin=Q7_1-3
Removed Pin From Net: NetName=NetR5_1 Pin=R5_1-1
Removed Pin From Net: NetName=SH_A Pin=R5_1-2
Removed Pin From Net: NetName=SH_B Pin=R11_1-2
Removed Pin From Net: NetName=SH_C Pin=R16_1-2
Change Component Designator: OldDesignator=C12 NewDesignator=C14
Change Component Designator: OldDesignator=C13 NewDesignator=C15
Change Component Designator: OldDesignator=C14 NewDesignator=C13
Change Component Designator: OldDesignator=C18 NewDesignator=C20
Change Component Designator: OldDesignator=C19 NewDesignator=C21
Change Component Designator: OldDesignator=C20 NewDesignator=C22
Change Component Designator: OldDesignator=C24 NewDesignator=C27
Change Component Designator: OldDesignator=C25 NewDesignator=C28
Change Component Designator: OldDesignator=C26 NewDesignator=C29
Change Component Designator: OldDesignator=C27 NewDesignator=C30
Change Component Designator: OldDesignator=C28 NewDesignator=C31
Change Component Designator: OldDesignator=C29 NewDesignator=C32
Change Component Designator: OldDesignator=C30 NewDesignator=C33
Change Component Designator: OldDesignator=C31 NewDesignator=C34
Change Component Designator: OldDesignator=C32 NewDesignator=C35
Change Component Designator: OldDesignator=C33 NewDesignator=C36
Change Component Designator: OldDesignator=C34 NewDesignator=C37
Change Component Designator: OldDesignator=C35 NewDesignator=C39
Change Component Designator: OldDesignator=C36 NewDesignator=C40
Change Component Designator: OldDesignator=C37 NewDesignator=C38
Change Component Designator: OldDesignator=R10 NewDesignator=R11
Change Component Designator: OldDesignator=R15 NewDesignator=R16
Change Component Designator: OldDesignator=U2 NewDesignator=U3
Change Component Designator: OldDesignator=U3 NewDesignator=U2
Change Component Designator: OldDesignator=U11 NewDesignator=U12
Change Component Designator: OldDesignator=U12 NewDesignator=U11
Added Component: Designator=C9(FS32X475K101EGG)
Add component (AddParameter): Name = "LCSC"; Value = "C381466"; VariantName = "[No Variations]"
Add component (AddParameter): Name = "Mfr."; Value = "PSA(Prosperity Dielectrics)"; VariantName = "[No Variations]"
Add component (AddParameter): Name = "Mfr. Part"; Value = "FS32X475K101EGG"; VariantName = "[No Variations]"
Add component (AddParameter): Name = "Package"; Value = "1210"; VariantName = "[No Variations]"
Add component (AddParameter): Name = "Voltage Rating"; Value = "100V"; VariantName = "[No Variations]"
Added Component: Designator=C10(FS32X475K101EGG)
Add component (AddParameter): Name = "LCSC"; Value = "C381466"; VariantName = "[No Variations]"
Add component (AddParameter): Name = "Mfr."; Value = "PSA(Prosperity Dielectrics)"; VariantName = "[No Variations]"
Add component (AddParameter): Name = "Mfr. Part"; Value = "FS32X475K101EGG"; VariantName = "[No Variations]"
Add component (AddParameter): Name = "Package"; Value = "1210"; VariantName = "[No Variations]"
Add component (AddParameter): Name = "Voltage Rating"; Value = "100V"; VariantName = "[No Variations]"
Added Component: Designator=C11(FS32X475K101EGG)
Add component (AddParameter): Name = "LCSC"; Value = "C381466"; VariantName = "[No Variations]"
Add component (AddParameter): Name = "Mfr."; Value = "PSA(Prosperity Dielectrics)"; VariantName = "[No Variations]"
Add component (AddParameter): Name = "Mfr. Part"; Value = "FS32X475K101EGG"; VariantName = "[No Variations]"
Add component (AddParameter): Name = "Package"; Value = "1210"; VariantName = "[No Variations]"
Add component (AddParameter): Name = "Voltage Rating"; Value = "100V"; VariantName = "[No Variations]"
Added Component: Designator=C12(FS32X475K101EGG)
Add component (AddParameter): Name = "LCSC"; Value = "C381466"; VariantName = "[No Variations]"
Add component (AddParameter): Name = "Mfr."; Value = "PSA(Prosperity Dielectrics)"; VariantName = "[No Variations]"
Add component (AddParameter): Name = "Mfr. Part"; Value = "FS32X475K101EGG"; VariantName = "[No Variations]"
Add component (AddParameter): Name = "Package"; Value = "1210"; VariantName = "[No Variations]"
Add component (AddParameter): Name = "Voltage Rating"; Value = "100V"; VariantName = "[No Variations]"
Added Component: Designator=C16(FS32X475K101EGG)
Add component (AddParameter): Name = "LCSC"; Value = "C381466"; VariantName = "[No Variations]"
Add component (AddParameter): Name = "Mfr."; Value = "PSA(Prosperity Dielectrics)"; VariantName = "[No Variations]"
Add component (AddParameter): Name = "Mfr. Part"; Value = "FS32X475K101EGG"; VariantName = "[No Variations]"
Add component (AddParameter): Name = "Package"; Value = "1210"; VariantName = "[No Variations]"
Add component (AddParameter): Name = "Voltage Rating"; Value = "100V"; VariantName = "[No Variations]"
Added Component: Designator=C17(FS32X475K101EGG)
Add component (AddParameter): Name = "LCSC"; Value = "C381466"; VariantName = "[No Variations]"
Add component (AddParameter): Name = "Mfr."; Value = "PSA(Prosperity Dielectrics)"; VariantName = "[No Variations]"
Add component (AddParameter): Name = "Mfr. Part"; Value = "FS32X475K101EGG"; VariantName = "[No Variations]"
Add component (AddParameter): Name = "Package"; Value = "1210"; VariantName = "[No Variations]"
Add component (AddParameter): Name = "Voltage Rating"; Value = "100V"; VariantName = "[No Variations]"
Added Component: Designator=C18(FS32X475K101EGG)
Add component (AddParameter): Name = "LCSC"; Value = "C381466"; VariantName = "[No Variations]"
Add component (AddParameter): Name = "Mfr."; Value = "PSA(Prosperity Dielectrics)"; VariantName = "[No Variations]"
Add component (AddParameter): Name = "Mfr. Part"; Value = "FS32X475K101EGG"; VariantName = "[No Variations]"
Add component (AddParameter): Name = "Package"; Value = "1210"; VariantName = "[No Variations]"
Add component (AddParameter): Name = "Voltage Rating"; Value = "100V"; VariantName = "[No Variations]"
Added Component: Designator=C19(FS32X475K101EGG)
Add component (AddParameter): Name = "LCSC"; Value = "C381466"; VariantName = "[No Variations]"
Add component (AddParameter): Name = "Mfr."; Value = "PSA(Prosperity Dielectrics)"; VariantName = "[No Variations]"
Add component (AddParameter): Name = "Mfr. Part"; Value = "FS32X475K101EGG"; VariantName = "[No Variations]"
Add component (AddParameter): Name = "Package"; Value = "1210"; VariantName = "[No Variations]"
Add component (AddParameter): Name = "Voltage Rating"; Value = "100V"; VariantName = "[No Variations]"
Added Component: Designator=C23(FS32X475K101EGG)
Add component (AddParameter): Name = "LCSC"; Value = "C381466"; VariantName = "[No Variations]"
Add component (AddParameter): Name = "Mfr."; Value = "PSA(Prosperity Dielectrics)"; VariantName = "[No Variations]"
Add component (AddParameter): Name = "Mfr. Part"; Value = "FS32X475K101EGG"; VariantName = "[No Variations]"
Add component (AddParameter): Name = "Package"; Value = "1210"; VariantName = "[No Variations]"
Add component (AddParameter): Name = "Voltage Rating"; Value = "100V"; VariantName = "[No Variations]"
Added Component: Designator=C24(FS32X475K101EGG)
Add component (AddParameter): Name = "LCSC"; Value = "C381466"; VariantName = "[No Variations]"
Add component (AddParameter): Name = "Mfr."; Value = "PSA(Prosperity Dielectrics)"; VariantName = "[No Variations]"
Add component (AddParameter): Name = "Mfr. Part"; Value = "FS32X475K101EGG"; VariantName = "[No Variations]"
Add component (AddParameter): Name = "Package"; Value = "1210"; VariantName = "[No Variations]"
Add component (AddParameter): Name = "Voltage Rating"; Value = "100V"; VariantName = "[No Variations]"
Added Component: Designator=C25(FS32X475K101EGG)
Add component (AddParameter): Name = "LCSC"; Value = "C381466"; VariantName = "[No Variations]"
Add component (AddParameter): Name = "Mfr."; Value = "PSA(Prosperity Dielectrics)"; VariantName = "[No Variations]"
Add component (AddParameter): Name = "Mfr. Part"; Value = "FS32X475K101EGG"; VariantName = "[No Variations]"
Add component (AddParameter): Name = "Package"; Value = "1210"; VariantName = "[No Variations]"
Add component (AddParameter): Name = "Voltage Rating"; Value = "100V"; VariantName = "[No Variations]"
Added Component: Designator=C26(FS32X475K101EGG)
Add component (AddParameter): Name = "LCSC"; Value = "C381466"; VariantName = "[No Variations]"
Add component (AddParameter): Name = "Mfr."; Value = "PSA(Prosperity Dielectrics)"; VariantName = "[No Variations]"
Add component (AddParameter): Name = "Mfr. Part"; Value = "FS32X475K101EGG"; VariantName = "[No Variations]"
Add component (AddParameter): Name = "Package"; Value = "1210"; VariantName = "[No Variations]"
Add component (AddParameter): Name = "Voltage Rating"; Value = "100V"; VariantName = "[No Variations]"
Added Component: Designator=Q2(IPT015N10N5)
Add component (AddParameter): Name = "LCSC"; Value = "C19626223"; VariantName = "[No Variations]"
Add component (AddParameter): Name = "Mfr."; Value = "Tokmas"; VariantName = "[No Variations]"
Add component (AddParameter): Name = "Mfr. Part"; Value = "IPT015N10N5"; VariantName = "[No Variations]"
Added Component: Designator=Q3(IPT015N10N5)
Add component (AddParameter): Name = "LCSC"; Value = "C19626223"; VariantName = "[No Variations]"
Add component (AddParameter): Name = "Mfr."; Value = "Tokmas"; VariantName = "[No Variations]"
Add component (AddParameter): Name = "Mfr. Part"; Value = "IPT015N10N5"; VariantName = "[No Variations]"
Added Component: Designator=Q4(IPT015N10N5)
Add component (AddParameter): Name = "LCSC"; Value = "C19626223"; VariantName = "[No Variations]"
Add component (AddParameter): Name = "Mfr."; Value = "Tokmas"; VariantName = "[No Variations]"
Add component (AddParameter): Name = "Mfr. Part"; Value = "IPT015N10N5"; VariantName = "[No Variations]"
Added Component: Designator=Q5(IPT015N10N5)
Add component (AddParameter): Name = "LCSC"; Value = "C19626223"; VariantName = "[No Variations]"
Add component (AddParameter): Name = "Mfr."; Value = "Tokmas"; VariantName = "[No Variations]"
Add component (AddParameter): Name = "Mfr. Part"; Value = "IPT015N10N5"; VariantName = "[No Variations]"
Added Component: Designator=Q6(IPT015N10N5)
Add component (AddParameter): Name = "LCSC"; Value = "C19626223"; VariantName = "[No Variations]"
Add component (AddParameter): Name = "Mfr."; Value = "Tokmas"; VariantName = "[No Variations]"
Add component (AddParameter): Name = "Mfr. Part"; Value = "IPT015N10N5"; VariantName = "[No Variations]"
Added Component: Designator=Q7(IPT015N10N5)
Add component (AddParameter): Name = "LCSC"; Value = "C19626223"; VariantName = "[No Variations]"
Add component (AddParameter): Name = "Mfr."; Value = "Tokmas"; VariantName = "[No Variations]"
Add component (AddParameter): Name = "Mfr. Part"; Value = "IPT015N10N5"; VariantName = "[No Variations]"
Added Component: Designator=R5(ASR-M-5-0.2F-t1)
Add component (AddParameter): Name = "LCSC"; Value = "C469432"; VariantName = "[No Variations]"
Add component (AddParameter): Name = "Mfr."; Value = "Shenzhen Yezhan Elec."; VariantName = "[No Variations]"
Add component (AddParameter): Name = "Mfr. Part"; Value = "ASR-M-5-0.2F-t1"; VariantName = "[No Variations]"
Added Component: Designator=R10(ASR-M-5-0.2F-t1)
Add component (AddParameter): Name = "LCSC"; Value = "C469432"; VariantName = "[No Variations]"
Add component (AddParameter): Name = "Mfr."; Value = "Shenzhen Yezhan Elec."; VariantName = "[No Variations]"
Add component (AddParameter): Name = "Mfr. Part"; Value = "ASR-M-5-0.2F-t1"; VariantName = "[No Variations]"
Added Component: Designator=R15(ASR-M-5-0.2F-t1)
Add component (AddParameter): Name = "LCSC"; Value = "C469432"; VariantName = "[No Variations]"
Add component (AddParameter): Name = "Mfr."; Value = "Shenzhen Yezhan Elec."; VariantName = "[No Variations]"
Add component (AddParameter): Name = "Mfr. Part"; Value = "ASR-M-5-0.2F-t1"; VariantName = "[No Variations]"
Added Pin To Net: NetName=GND Pin=C9-1
Added Pin To Net: NetName=+100V Pin=C9-2
Added Pin To Net: NetName=GND Pin=C10-1
Added Pin To Net: NetName=+100V Pin=C10-2
Added Pin To Net: NetName=GND Pin=C11-1
Added Pin To Net: NetName=+100V Pin=C11-2
Added Pin To Net: NetName=GND Pin=C12-1
Added Pin To Net: NetName=+100V Pin=C12-2
Added Pin To Net: NetName=GND Pin=C16-1
Added Pin To Net: NetName=+100V Pin=C16-2
Added Pin To Net: NetName=GND Pin=C17-1
Added Pin To Net: NetName=+100V Pin=C17-2
Added Pin To Net: NetName=GND Pin=C18-1
Added Pin To Net: NetName=+100V Pin=C18-2
Added Pin To Net: NetName=GND Pin=C19-1
Added Pin To Net: NetName=+100V Pin=C19-2
Added Pin To Net: NetName=GND Pin=C23-1
Added Pin To Net: NetName=+100V Pin=C23-2
Added Pin To Net: NetName=GND Pin=C24-1
Added Pin To Net: NetName=+100V Pin=C24-2
Added Pin To Net: NetName=GND Pin=C25-1
Added Pin To Net: NetName=+100V Pin=C25-2
Added Pin To Net: NetName=GND Pin=C26-1
Added Pin To Net: NetName=+100V Pin=C26-2
Added Pin To Net: NetName=NetQ2_1 Pin=Q2-1
Added Pin To Net: NetName=SH_A Pin=Q2-2
Added Pin To Net: NetName=+100V Pin=Q2-3
Added Pin To Net: NetName=NetQ3_1 Pin=Q3-1
Added Pin To Net: NetName=GND Pin=Q3-2
Added Pin To Net: NetName=SH_A Pin=Q3-3
Added Pin To Net: NetName=NetQ4_1 Pin=Q4-1
Added Pin To Net: NetName=SH_B Pin=Q4-2
Added Pin To Net: NetName=+100V Pin=Q4-3
Added Pin To Net: NetName=NetQ5_1 Pin=Q5-1
Added Pin To Net: NetName=GND Pin=Q5-2
Added Pin To Net: NetName=SH_B Pin=Q5-3
Added Pin To Net: NetName=NetQ6_1 Pin=Q6-1
Added Pin To Net: NetName=SH_C Pin=Q6-2
Added Pin To Net: NetName=+100V Pin=Q6-3
Added Pin To Net: NetName=NetQ7_1 Pin=Q7-1
Added Pin To Net: NetName=GND Pin=Q7-2
Added Pin To Net: NetName=SH_C Pin=Q7-3
Added Pin To Net: NetName=NetR5_1 Pin=R5-1
Added Pin To Net: NetName=SH_A Pin=R5-2
Added Pin To Net: NetName=SH_B Pin=R10-2
Added Pin To Net: NetName=SH_C Pin=R15-2
Change Net Name : Old Net Name=NetC12_2 New Net Name=NetC14_2
Change Net Name : Old Net Name=NetC19_2 New Net Name=NetC21_2
Change Net Name : Old Net Name=NetC25_2 New Net Name=NetC28_2
Change Net Name : Old Net Name=NetC27_2 New Net Name=NetC30_2
Change Net Name : Old Net Name=NetC28_1 New Net Name=NetC31_1
Change Net Name : Old Net Name=NetC28_2 New Net Name=NetC31_2
Change Net Name : Old Net Name=NetC35_1 New Net Name=NetC39_1
Change Net Name : Old Net Name=NetU12_6 New Net Name=NetU11_6
Change Net Name : Old Net Name=NetU12_7 New Net Name=NetU11_7
Added Pin To Net: NetName=NetR10_1 Pin=R10-1
Added Pin To Net: NetName=NetR10_1 Pin=U5-3
Added Net: Name=NetR10_1
Added Pin To Net: NetName=NetR15_1 Pin=R15-1
Added Pin To Net: NetName=NetR15_1 Pin=U7-3
Added Net: Name=NetR15_1
Added Member To Class: ClassName=Inverter Member=Component C9 4u7
Added Member To Class: ClassName=Inverter Member=Component C10 4u7
Added Member To Class: ClassName=Inverter Member=Component C11 4u7
Added Member To Class: ClassName=Inverter Member=Component C15 100n
Added Member To Class: ClassName=Inverter Member=Component C16 4u7
Added Member To Class: ClassName=Inverter Member=Component C17 4u7
Added Member To Class: ClassName=Inverter Member=Component C21 100n
Added Member To Class: ClassName=Inverter Member=Component C22 100n
Added Member To Class: ClassName=Inverter Member=Component C23 4u7
Added Member To Class: ClassName=Inverter Member=Component C28 100n
Added Member To Class: ClassName=Inverter Member=Component C29 100n
Added Member To Class: ClassName=Inverter Member=Component C30 100n
Added Member To Class: ClassName=Inverter Member=Component Q2 IPT015N10N5
Added Member To Class: ClassName=Inverter Member=Component Q3 IPT015N10N5
Added Member To Class: ClassName=Inverter Member=Component Q4 IPT015N10N5
Added Member To Class: ClassName=Inverter Member=Component Q5 IPT015N10N5
Added Member To Class: ClassName=Inverter Member=Component Q6 IPT015N10N5
Added Member To Class: ClassName=Inverter Member=Component Q7 IPT015N10N5
Added Member To Class: ClassName=Inverter Member=Component R5 SHUNT_0m2_3920
Added Member To Class: ClassName=Inverter Member=Component R11 1k8
Added Member To Class: ClassName=Inverter Member=Component R16 1k8
