Added Component: Designator=P?(PAD_THT_5mm)
Added Component: Designator=P?(PAD_THT_5mm)
Added Component: Designator=P?(PAD_THT_5mm)
Added Pin To Net: NetName=NetP?_1 Pin=P?-1
Add Net: Net with name "NetP?_1" already exists
Add Net: Net with name "NetP?_1" already exists
Add Net: Net with name "NetQ?_1" already exists
Add Net: Net with name "NetQ?_1" already exists
Add Net: Net with name "NetQ?_1" already exists
Add Net: Net with name "NetQ?_1" already exists
Add Net: Net with name "NetQ?_1" already exists
Added Member To Class: ClassName=inverter Member=Component C? 4u7
Added Member To Class: ClassName=inverter Member=Component C? 4u7
Added Member To Class: ClassName=inverter Member=Component C? 100n
Added Member To Class: ClassName=inverter Member=Component C? 4u7
Added Member To Class: ClassName=inverter Member=Component C? 4u7
Added Member To Class: ClassName=inverter Member=Component C? 100n
Added Member To Class: ClassName=inverter Member=Component C? 100n
Added Member To Class: ClassName=inverter Member=Component C? 4u7
Added Member To Class: ClassName=inverter Member=Component C? 4u7
Added Member To Class: ClassName=inverter Member=Component C? 100n
Added Member To Class: ClassName=inverter Member=Component C? 100n
Added Member To Class: ClassName=inverter Member=Component C? 4u7
Added Member To Class: ClassName=inverter Member=Component C? 100n
Added Member To Class: ClassName=inverter Member=Component C? 4u7
Added Member To Class: ClassName=mcu Member=Component C? 1u
Added Member To Class: ClassName=mcu Member=Component C? 100n
Added Member To Class: ClassName=mcu Member=Component C? 10p
Added Member To Class: ClassName=mcu Member=Component C? 100n
Added Member To Class: ClassName=mcu Member=Component C? 100n
Added Member To Class: ClassName=mcu Member=Component C? 100n
Added Member To Class: ClassName=mcu Member=Component C? 10p
Added Member To Class: ClassName=inverter Member=Component P? PAD_5mm
Added Member To Class: ClassName=inverter Member=Component P? PAD_5mm
Added Member To Class: ClassName=inverter Member=Component P? PAD_5mm
Added Member To Class: ClassName=inverter Member=Component Q? IPT015N10N5
Added Member To Class: ClassName=inverter Member=Component Q? IPT015N10N5
Added Member To Class: ClassName=inverter Member=Component Q? IPT015N10N5
Added Member To Class: ClassName=inverter Member=Component Q? IPT015N10N5
Added Member To Class: ClassName=inverter Member=Component Q? IPT015N10N5
Added Member To Class: ClassName=inverter Member=Component R? 1R
Added Member To Class: ClassName=inverter Member=Component R? 1k8
Added Member To Class: ClassName=inverter Member=Component R? 1R
Added Member To Class: ClassName=inverter Member=Component R? 56k
Added Member To Class: ClassName=inverter Member=Component R? 1R
Added Member To Class: ClassName=inverter Member=Component R? SHUNT_0m2_3920
Added Member To Class: ClassName=inverter Member=Component R? 1R
Added Member To Class: ClassName=inverter Member=Component R? 1R
Added Member To Class: ClassName=inverter Member=Component R? 1k8
Added Member To Class: ClassName=inverter Member=Component R? 56k
Added Member To Class: ClassName=inverter Member=Component R? SHUNT_0m2_3920
Added Member To Class: ClassName=inverter Member=Component R? 1R
Added Member To Class: ClassName=inverter Member=Component R? 1k8
Added Member To Class: ClassName=inverter Member=Component R? 56k
Added Member To Class: ClassName=mcu Member=Component R? 22R
Added Member To Class: ClassName=inverter Member=Component U? INA180A2IDBVR
Added Member To Class: ClassName=inverter Member=Component U? INA180A2IDBVR
