Change Component Designator: Old Designator=LED? New Designator=LED1
Change Component Designator: Old Designator=LED? New Designator=LED2
Change Component Designator: Old Designator=PH? New Designator=PH1
Change Component Designator: Old Designator=PH? New Designator=PH2
Change Component Designator: Old Designator=R? New Designator=R20
Change Component Designator: Old Designator=R? New Designator=R21
Change Component Designator: Old Designator=R? New Designator=R22
Change Component Designator: Old Designator=R? New Designator=R23
Change Component Designator: Old Designator=R? New Designator=R24
Change Component Designator: Old Designator=R? New Designator=R25
Change Component Designator: Old Designator=R? New Designator=R26
Change Component Designator: Old Designator=R? New Designator=R27
Change Component Designator: Old Designator=USB? New Designator=USB1
Change Component Designator: Old Designator=XH? New Designator=XH1
Change Component Designator: Old Designator=XH? New Designator=XH2
Change Component Designator: Old Designator=XH? New Designator=XH3
Change Component Designator: Old Designator=XH? New Designator=XH4
Change Component Designator: Old Designator=XH? New Designator=XH5
Change Component Designator: Old Designator=XH? New Designator=XH6
Change Component Designator: Old Designator=XH? New Designator=XH7
