Change Net Name : Old Net Name=NetC3_2 New Net Name=NRST
Change Net Name : Old Net Name=NetC15_2 New Net Name=VOLT_A
Change Net Name : Old Net Name=NetC23_2 New Net Name=VOLT_B
Change Net Name : Old Net Name=NetC31_2 New Net Name=VOLT_C
Change Net Name : Old Net Name=NetC33_2 New Net Name=TEMP_INVERTER
Change Net Name : Old Net Name=NetLED1_2 New Net Name=WHITE_LED
Change Net Name : Old Net Name=NetLED2_2 New Net Name=RED_LED
Change Net Name : Old Net Name=NetPH2_1 New Net Name=SWCLK
Change Net Name : Old Net Name=NetPH2_2 New Net Name=SWDIO
Change Net Name : Old Net Name=NetPH2_3 New Net Name=SWO
Change Net Name : Old Net Name=NetR2_2 New Net Name=BOOT0
Change Net Name : Old Net Name=NetR26_1 New Net Name=VOLT_BAT
Change Net Name : Old Net Name=NetR28_1 New Net Name=I2C_SCL
Change Net Name : Old Net Name=NetR29_1 New Net Name=I2C_SDA
Change Net Name : Old Net Name=NetU1_3 New Net Name=RGB2
Change Net Name : Old Net Name=NetU1_4 New Net Name=GPIO_1
Change Net Name : Old Net Name=NetU1_14 New Net Name=CURR_A
Change Net Name : Old Net Name=NetU1_15 New Net Name=CURR_B
Change Net Name : Old Net Name=NetU1_16 New Net Name=CURR_C
Change Net Name : Old Net Name=NetU1_17 New Net Name=GPIO_2
Change Net Name : Old Net Name=NetU1_18 New Net Name=HALL_1
Change Net Name : Old Net Name=NetU1_19 New Net Name=HALL_2
Change Net Name : Old Net Name=NetU1_20 New Net Name=HALL_3
Change Net Name : Old Net Name=NetU1_21 New Net Name=USART_TX
Change Net Name : Old Net Name=NetU1_22 New Net Name=USART_RX
Change Net Name : Old Net Name=NetU1_26 New Net Name=TEMP_MOTOR
Change Net Name : Old Net Name=NetU1_32 New Net Name=USB_DN
Change Net Name : Old Net Name=NetU1_33 New Net Name=USB_DP
Change Net Name : Old Net Name=NetU1_41 New Net Name=RGB1
Change Net Name : Old Net Name=NetU1_45 New Net Name=CAN_RXD
Change Net Name : Old Net Name=NetU1_46 New Net Name=CAN_TXD
Added Member To Class: ClassName=Inverter Member=Component R19 56k
