Added Component: Designator=C1(CAP_0603)
Add component (AddParameter): Name = "LCSC"; Value = ""; VariantName = "[No Variations]"
Add component (AddParameter): Name = "Mfr."; Value = ""; VariantName = "[No Variations]"
Add component (AddParameter): Name = "Mfr. Part"; Value = ""; VariantName = "[No Variations]"
Add component (AddParameter): Name = "Package"; Value = "0603"; VariantName = "[No Variations]"
Add component (AddParameter): Name = "Voltage Rating"; Value = ""; VariantName = "[No Variations]"
Added Component: Designator=C2(CAP_0603)
Add component (AddParameter): Name = "LCSC"; Value = ""; VariantName = "[No Variations]"
Add component (AddParameter): Name = "Mfr."; Value = ""; VariantName = "[No Variations]"
Add component (AddParameter): Name = "Mfr. Part"; Value = ""; VariantName = "[No Variations]"
Add component (AddParameter): Name = "Package"; Value = "0603"; VariantName = "[No Variations]"
Add component (AddParameter): Name = "Voltage Rating"; Value = ""; VariantName = "[No Variations]"
Added Component: Designator=C3(CAP_0603)
Add component (AddParameter): Name = "LCSC"; Value = ""; VariantName = "[No Variations]"
Add component (AddParameter): Name = "Mfr."; Value = ""; VariantName = "[No Variations]"
Add component (AddParameter): Name = "Mfr. Part"; Value = ""; VariantName = "[No Variations]"
Add component (AddParameter): Name = "Package"; Value = "0603"; VariantName = "[No Variations]"
Add component (AddParameter): Name = "Voltage Rating"; Value = ""; VariantName = "[No Variations]"
Added Component: Designator=C4(CAP_0603)
Add component (AddParameter): Name = "LCSC"; Value = ""; VariantName = "[No Variations]"
Add component (AddParameter): Name = "Mfr."; Value = ""; VariantName = "[No Variations]"
Add component (AddParameter): Name = "Mfr. Part"; Value = ""; VariantName = "[No Variations]"
Add component (AddParameter): Name = "Package"; Value = "0603"; VariantName = "[No Variations]"
Add component (AddParameter): Name = "Voltage Rating"; Value = ""; VariantName = "[No Variations]"
Added Component: Designator=C5(CAP_0603)
Add component (AddParameter): Name = "LCSC"; Value = ""; VariantName = "[No Variations]"
Add component (AddParameter): Name = "Mfr."; Value = ""; VariantName = "[No Variations]"
Add component (AddParameter): Name = "Mfr. Part"; Value = ""; VariantName = "[No Variations]"
Add component (AddParameter): Name = "Package"; Value = "0603"; VariantName = "[No Variations]"
Add component (AddParameter): Name = "Voltage Rating"; Value = ""; VariantName = "[No Variations]"
Added Component: Designator=C6(CAP_0603)
Add component (AddParameter): Name = "LCSC"; Value = ""; VariantName = "[No Variations]"
Add component (AddParameter): Name = "Mfr."; Value = ""; VariantName = "[No Variations]"
Add component (AddParameter): Name = "Mfr. Part"; Value = ""; VariantName = "[No Variations]"
Add component (AddParameter): Name = "Package"; Value = "0603"; VariantName = "[No Variations]"
Add component (AddParameter): Name = "Voltage Rating"; Value = ""; VariantName = "[No Variations]"
Added Component: Designator=C7(CAP_0603)
Add component (AddParameter): Name = "LCSC"; Value = ""; VariantName = "[No Variations]"
Add component (AddParameter): Name = "Mfr."; Value = ""; VariantName = "[No Variations]"
Add component (AddParameter): Name = "Mfr. Part"; Value = ""; VariantName = "[No Variations]"
Add component (AddParameter): Name = "Package"; Value = "0603"; VariantName = "[No Variations]"
Add component (AddParameter): Name = "Voltage Rating"; Value = ""; VariantName = "[No Variations]"
Added Component: Designator=C8(CAP_0603)
Add component (AddParameter): Name = "LCSC"; Value = ""; VariantName = "[No Variations]"
Add component (AddParameter): Name = "Mfr."; Value = ""; VariantName = "[No Variations]"
Add component (AddParameter): Name = "Mfr. Part"; Value = ""; VariantName = "[No Variations]"
Add component (AddParameter): Name = "Package"; Value = "0603"; VariantName = "[No Variations]"
Add component (AddParameter): Name = "Voltage Rating"; Value = ""; VariantName = "[No Variations]"
Added Component: Designator=C9(FS32X475K101EGG)
Add component (AddParameter): Name = "LCSC"; Value = "C381466"; VariantName = "[No Variations]"
Add component (AddParameter): Name = "Mfr."; Value = "PSA(Prosperity Dielectrics)"; VariantName = "[No Variations]"
Add component (AddParameter): Name = "Mfr. Part"; Value = "FS32X475K101EGG"; VariantName = "[No Variations]"
Add component (AddParameter): Name = "Package"; Value = "1210"; VariantName = "[No Variations]"
Add component (AddParameter): Name = "Voltage Rating"; Value = "100V"; VariantName = "[No Variations]"
Added Component: Designator=C10(FS32X475K101EGG)
Add component (AddParameter): Name = "LCSC"; Value = "C381466"; VariantName = "[No Variations]"
Add component (AddParameter): Name = "Mfr."; Value = "PSA(Prosperity Dielectrics)"; VariantName = "[No Variations]"
Add component (AddParameter): Name = "Mfr. Part"; Value = "FS32X475K101EGG"; VariantName = "[No Variations]"
Add component (AddParameter): Name = "Package"; Value = "1210"; VariantName = "[No Variations]"
Add component (AddParameter): Name = "Voltage Rating"; Value = "100V"; VariantName = "[No Variations]"
Added Component: Designator=C11(FS32X475K101EGG)
Add component (AddParameter): Name = "LCSC"; Value = "C381466"; VariantName = "[No Variations]"
Add component (AddParameter): Name = "Mfr."; Value = "PSA(Prosperity Dielectrics)"; VariantName = "[No Variations]"
Add component (AddParameter): Name = "Mfr. Part"; Value = "FS32X475K101EGG"; VariantName = "[No Variations]"
Add component (AddParameter): Name = "Package"; Value = "1210"; VariantName = "[No Variations]"
Add component (AddParameter): Name = "Voltage Rating"; Value = "100V"; VariantName = "[No Variations]"
Added Component: Designator=C12(CAP_0603)
Add component (AddParameter): Name = "LCSC"; Value = ""; VariantName = "[No Variations]"
Add component (AddParameter): Name = "Mfr."; Value = ""; VariantName = "[No Variations]"
Add component (AddParameter): Name = "Mfr. Part"; Value = ""; VariantName = "[No Variations]"
Add component (AddParameter): Name = "Package"; Value = "0603"; VariantName = "[No Variations]"
Add component (AddParameter): Name = "Voltage Rating"; Value = ""; VariantName = "[No Variations]"
Added Component: Designator=C13(CAP_0603)
Add component (AddParameter): Name = "LCSC"; Value = ""; VariantName = "[No Variations]"
Add component (AddParameter): Name = "Mfr."; Value = ""; VariantName = "[No Variations]"
Add component (AddParameter): Name = "Mfr. Part"; Value = ""; VariantName = "[No Variations]"
Add component (AddParameter): Name = "Package"; Value = "0603"; VariantName = "[No Variations]"
Add component (AddParameter): Name = "Voltage Rating"; Value = ""; VariantName = "[No Variations]"
Added Component: Designator=C14(FS32X475K101EGG)
Add component (AddParameter): Name = "LCSC"; Value = "C381466"; VariantName = "[No Variations]"
Add component (AddParameter): Name = "Mfr."; Value = "PSA(Prosperity Dielectrics)"; VariantName = "[No Variations]"
Add component (AddParameter): Name = "Mfr. Part"; Value = "FS32X475K101EGG"; VariantName = "[No Variations]"
Add component (AddParameter): Name = "Package"; Value = "1210"; VariantName = "[No Variations]"
Add component (AddParameter): Name = "Voltage Rating"; Value = "100V"; VariantName = "[No Variations]"
Added Component: Designator=C15(FS32X475K101EGG)
Add component (AddParameter): Name = "LCSC"; Value = "C381466"; VariantName = "[No Variations]"
Add component (AddParameter): Name = "Mfr."; Value = "PSA(Prosperity Dielectrics)"; VariantName = "[No Variations]"
Add component (AddParameter): Name = "Mfr. Part"; Value = "FS32X475K101EGG"; VariantName = "[No Variations]"
Add component (AddParameter): Name = "Package"; Value = "1210"; VariantName = "[No Variations]"
Add component (AddParameter): Name = "Voltage Rating"; Value = "100V"; VariantName = "[No Variations]"
Added Component: Designator=C16(FS32X475K101EGG)
Add component (AddParameter): Name = "LCSC"; Value = "C381466"; VariantName = "[No Variations]"
Add component (AddParameter): Name = "Mfr."; Value = "PSA(Prosperity Dielectrics)"; VariantName = "[No Variations]"
Add component (AddParameter): Name = "Mfr. Part"; Value = "FS32X475K101EGG"; VariantName = "[No Variations]"
Add component (AddParameter): Name = "Package"; Value = "1210"; VariantName = "[No Variations]"
Add component (AddParameter): Name = "Voltage Rating"; Value = "100V"; VariantName = "[No Variations]"
Added Component: Designator=C17(CAP_0603)
Add component (AddParameter): Name = "LCSC"; Value = ""; VariantName = "[No Variations]"
Add component (AddParameter): Name = "Mfr."; Value = ""; VariantName = "[No Variations]"
Add component (AddParameter): Name = "Mfr. Part"; Value = ""; VariantName = "[No Variations]"
Add component (AddParameter): Name = "Package"; Value = "0603"; VariantName = "[No Variations]"
Add component (AddParameter): Name = "Voltage Rating"; Value = ""; VariantName = "[No Variations]"
Added Component: Designator=C18(CAP_0603)
Add component (AddParameter): Name = "LCSC"; Value = ""; VariantName = "[No Variations]"
Add component (AddParameter): Name = "Mfr."; Value = ""; VariantName = "[No Variations]"
Add component (AddParameter): Name = "Mfr. Part"; Value = ""; VariantName = "[No Variations]"
Add component (AddParameter): Name = "Package"; Value = "0603"; VariantName = "[No Variations]"
Add component (AddParameter): Name = "Voltage Rating"; Value = ""; VariantName = "[No Variations]"
Added Component: Designator=C19(FS32X475K101EGG)
Add component (AddParameter): Name = "LCSC"; Value = "C381466"; VariantName = "[No Variations]"
Add component (AddParameter): Name = "Mfr."; Value = "PSA(Prosperity Dielectrics)"; VariantName = "[No Variations]"
Add component (AddParameter): Name = "Mfr. Part"; Value = "FS32X475K101EGG"; VariantName = "[No Variations]"
Add component (AddParameter): Name = "Package"; Value = "1210"; VariantName = "[No Variations]"
Add component (AddParameter): Name = "Voltage Rating"; Value = "100V"; VariantName = "[No Variations]"
Added Component: Designator=C20(FS32X475K101EGG)
Add component (AddParameter): Name = "LCSC"; Value = "C381466"; VariantName = "[No Variations]"
Add component (AddParameter): Name = "Mfr."; Value = "PSA(Prosperity Dielectrics)"; VariantName = "[No Variations]"
Add component (AddParameter): Name = "Mfr. Part"; Value = "FS32X475K101EGG"; VariantName = "[No Variations]"
Add component (AddParameter): Name = "Package"; Value = "1210"; VariantName = "[No Variations]"
Add component (AddParameter): Name = "Voltage Rating"; Value = "100V"; VariantName = "[No Variations]"
Added Component: Designator=C21(FS32X475K101EGG)
Add component (AddParameter): Name = "LCSC"; Value = "C381466"; VariantName = "[No Variations]"
Add component (AddParameter): Name = "Mfr."; Value = "PSA(Prosperity Dielectrics)"; VariantName = "[No Variations]"
Add component (AddParameter): Name = "Mfr. Part"; Value = "FS32X475K101EGG"; VariantName = "[No Variations]"
Add component (AddParameter): Name = "Package"; Value = "1210"; VariantName = "[No Variations]"
Add component (AddParameter): Name = "Voltage Rating"; Value = "100V"; VariantName = "[No Variations]"
Added Component: Designator=C22(CAP_0603)
Add component (AddParameter): Name = "LCSC"; Value = ""; VariantName = "[No Variations]"
Add component (AddParameter): Name = "Mfr."; Value = ""; VariantName = "[No Variations]"
Add component (AddParameter): Name = "Mfr. Part"; Value = ""; VariantName = "[No Variations]"
Add component (AddParameter): Name = "Package"; Value = "0603"; VariantName = "[No Variations]"
Add component (AddParameter): Name = "Voltage Rating"; Value = ""; VariantName = "[No Variations]"
Added Component: Designator=C23(CAP_0603)
Add component (AddParameter): Name = "LCSC"; Value = ""; VariantName = "[No Variations]"
Add component (AddParameter): Name = "Mfr."; Value = ""; VariantName = "[No Variations]"
Add component (AddParameter): Name = "Mfr. Part"; Value = ""; VariantName = "[No Variations]"
Add component (AddParameter): Name = "Package"; Value = "0603"; VariantName = "[No Variations]"
Add component (AddParameter): Name = "Voltage Rating"; Value = ""; VariantName = "[No Variations]"
Added Component: Designator=P1(PAD_THT_5mm)
Added Component: Designator=P2(PAD_THT_5mm)
Added Component: Designator=P3(PAD_THT_5mm)
Added Component: Designator=PH1(PH_1x6)
Added Component: Designator=Q1(OSC_24M)
Add component (AddParameter): Name = "ComponentLink1Description"; Value = "Datasheet"; VariantName = "[No Variations]"
Add component (AddParameter): Name = "ComponentLink1URL"; Value = "https://www.lcsc.com/datasheet/lcsc_datasheet_2403291504_YXC-Crystal-Oscillators-X322524MOB4SI_C70590.pdf"; VariantName = "[No Variations]"
Add component (AddParameter): Name = "LCSC"; Value = "C70590"; VariantName = "[No Variations]"
Add component (AddParameter): Name = "Manufacturer Part"; Value = "X322524MOB4SI"; VariantName = "[No Variations]"
Added Component: Designator=Q2(IPT015N10N5)
Add component (AddParameter): Name = "LCSC"; Value = "C19626223"; VariantName = "[No Variations]"
Add component (AddParameter): Name = "Mfr."; Value = "Tokmas"; VariantName = "[No Variations]"
Add component (AddParameter): Name = "Mfr. Part"; Value = "IPT015N10N5"; VariantName = "[No Variations]"
Added Component: Designator=Q3(IPT015N10N5)
Add component (AddParameter): Name = "LCSC"; Value = "C19626223"; VariantName = "[No Variations]"
Add component (AddParameter): Name = "Mfr."; Value = "Tokmas"; VariantName = "[No Variations]"
Add component (AddParameter): Name = "Mfr. Part"; Value = "IPT015N10N5"; VariantName = "[No Variations]"
Added Component: Designator=Q4(IPT015N10N5)
Add component (AddParameter): Name = "LCSC"; Value = "C19626223"; VariantName = "[No Variations]"
Add component (AddParameter): Name = "Mfr."; Value = "Tokmas"; VariantName = "[No Variations]"
Add component (AddParameter): Name = "Mfr. Part"; Value = "IPT015N10N5"; VariantName = "[No Variations]"
Added Component: Designator=Q5(IPT015N10N5)
Add component (AddParameter): Name = "LCSC"; Value = "C19626223"; VariantName = "[No Variations]"
Add component (AddParameter): Name = "Mfr."; Value = "Tokmas"; VariantName = "[No Variations]"
Add component (AddParameter): Name = "Mfr. Part"; Value = "IPT015N10N5"; VariantName = "[No Variations]"
Added Component: Designator=Q6(IPT015N10N5)
Add component (AddParameter): Name = "LCSC"; Value = "C19626223"; VariantName = "[No Variations]"
Add component (AddParameter): Name = "Mfr."; Value = "Tokmas"; VariantName = "[No Variations]"
Add component (AddParameter): Name = "Mfr. Part"; Value = "IPT015N10N5"; VariantName = "[No Variations]"
Added Component: Designator=Q7(IPT015N10N5)
Add component (AddParameter): Name = "LCSC"; Value = "C19626223"; VariantName = "[No Variations]"
Add component (AddParameter): Name = "Mfr."; Value = "Tokmas"; VariantName = "[No Variations]"
Add component (AddParameter): Name = "Mfr. Part"; Value = "IPT015N10N5"; VariantName = "[No Variations]"
Added Component: Designator=R1(RES_0603)
Add component (AddParameter): Name = "LCSC"; Value = ""; VariantName = "[No Variations]"
Add component (AddParameter): Name = "Mfr."; Value = ""; VariantName = "[No Variations]"
Add component (AddParameter): Name = "Mfr. Part"; Value = ""; VariantName = "[No Variations]"
Add component (AddParameter): Name = "Package"; Value = "0603"; VariantName = "[No Variations]"
Add component (AddParameter): Name = "Voltage Rating"; Value = ""; VariantName = "[No Variations]"
Added Component: Designator=R2(RES_0603)
Add component (AddParameter): Name = "LCSC"; Value = ""; VariantName = "[No Variations]"
Add component (AddParameter): Name = "Mfr."; Value = ""; VariantName = "[No Variations]"
Add component (AddParameter): Name = "Mfr. Part"; Value = ""; VariantName = "[No Variations]"
Add component (AddParameter): Name = "Package"; Value = "0603"; VariantName = "[No Variations]"
Add component (AddParameter): Name = "Voltage Rating"; Value = ""; VariantName = "[No Variations]"
Added Component: Designator=R3(RES_0805)
Add component (AddParameter): Name = "LCSC"; Value = ""; VariantName = "[No Variations]"
Add component (AddParameter): Name = "Mfr."; Value = ""; VariantName = "[No Variations]"
Add component (AddParameter): Name = "Mfr. Part"; Value = ""; VariantName = "[No Variations]"
Add component (AddParameter): Name = "Package"; Value = "0805"; VariantName = "[No Variations]"
Add component (AddParameter): Name = "Power Rating"; Value = ""; VariantName = "[No Variations]"
Add component (AddParameter): Name = "Voltage Rating"; Value = ""; VariantName = "[No Variations]"
Added Component: Designator=R4(RES_0603)
Add component (AddParameter): Name = "LCSC"; Value = ""; VariantName = "[No Variations]"
Add component (AddParameter): Name = "Mfr."; Value = ""; VariantName = "[No Variations]"
Add component (AddParameter): Name = "Mfr. Part"; Value = ""; VariantName = "[No Variations]"
Add component (AddParameter): Name = "Package"; Value = "0603"; VariantName = "[No Variations]"
Add component (AddParameter): Name = "Voltage Rating"; Value = ""; VariantName = "[No Variations]"
Added Component: Designator=R5(ASR-M-5-0.2F-t1)
Add component (AddParameter): Name = "LCSC"; Value = "C469432"; VariantName = "[No Variations]"
Add component (AddParameter): Name = "Mfr."; Value = "Shenzhen Yezhan Elec."; VariantName = "[No Variations]"
Add component (AddParameter): Name = "Mfr. Part"; Value = "ASR-M-5-0.2F-t1"; VariantName = "[No Variations]"
Added Component: Designator=R6(RES_0603)
Add component (AddParameter): Name = "LCSC"; Value = ""; VariantName = "[No Variations]"
Add component (AddParameter): Name = "Mfr."; Value = ""; VariantName = "[No Variations]"
Add component (AddParameter): Name = "Mfr. Part"; Value = ""; VariantName = "[No Variations]"
Add component (AddParameter): Name = "Package"; Value = "0603"; VariantName = "[No Variations]"
Add component (AddParameter): Name = "Voltage Rating"; Value = ""; VariantName = "[No Variations]"
Added Component: Designator=R7(RES_0805)
Add component (AddParameter): Name = "LCSC"; Value = ""; VariantName = "[No Variations]"
Add component (AddParameter): Name = "Mfr."; Value = ""; VariantName = "[No Variations]"
Add component (AddParameter): Name = "Mfr. Part"; Value = ""; VariantName = "[No Variations]"
Add component (AddParameter): Name = "Package"; Value = "0805"; VariantName = "[No Variations]"
Add component (AddParameter): Name = "Power Rating"; Value = ""; VariantName = "[No Variations]"
Add component (AddParameter): Name = "Voltage Rating"; Value = ""; VariantName = "[No Variations]"
Added Component: Designator=R8(RES_0805)
Add component (AddParameter): Name = "LCSC"; Value = ""; VariantName = "[No Variations]"
Add component (AddParameter): Name = "Mfr."; Value = ""; VariantName = "[No Variations]"
Add component (AddParameter): Name = "Mfr. Part"; Value = ""; VariantName = "[No Variations]"
Add component (AddParameter): Name = "Package"; Value = "0805"; VariantName = "[No Variations]"
Add component (AddParameter): Name = "Power Rating"; Value = ""; VariantName = "[No Variations]"
Add component (AddParameter): Name = "Voltage Rating"; Value = ""; VariantName = "[No Variations]"
Added Component: Designator=R9(RES_0603)
Add component (AddParameter): Name = "LCSC"; Value = ""; VariantName = "[No Variations]"
Add component (AddParameter): Name = "Mfr."; Value = ""; VariantName = "[No Variations]"
Add component (AddParameter): Name = "Mfr. Part"; Value = ""; VariantName = "[No Variations]"
Add component (AddParameter): Name = "Package"; Value = "0603"; VariantName = "[No Variations]"
Add component (AddParameter): Name = "Voltage Rating"; Value = ""; VariantName = "[No Variations]"
Added Component: Designator=R10(ASR-M-5-0.2F-t1)
Add component (AddParameter): Name = "LCSC"; Value = "C469432"; VariantName = "[No Variations]"
Add component (AddParameter): Name = "Mfr."; Value = "Shenzhen Yezhan Elec."; VariantName = "[No Variations]"
Add component (AddParameter): Name = "Mfr. Part"; Value = "ASR-M-5-0.2F-t1"; VariantName = "[No Variations]"
Added Component: Designator=R11(RES_0603)
Add component (AddParameter): Name = "LCSC"; Value = ""; VariantName = "[No Variations]"
Add component (AddParameter): Name = "Mfr."; Value = ""; VariantName = "[No Variations]"
Add component (AddParameter): Name = "Mfr. Part"; Value = ""; VariantName = "[No Variations]"
Add component (AddParameter): Name = "Package"; Value = "0603"; VariantName = "[No Variations]"
Add component (AddParameter): Name = "Voltage Rating"; Value = ""; VariantName = "[No Variations]"
Added Component: Designator=R12(RES_0805)
Add component (AddParameter): Name = "LCSC"; Value = ""; VariantName = "[No Variations]"
Add component (AddParameter): Name = "Mfr."; Value = ""; VariantName = "[No Variations]"
Add component (AddParameter): Name = "Mfr. Part"; Value = ""; VariantName = "[No Variations]"
Add component (AddParameter): Name = "Package"; Value = "0805"; VariantName = "[No Variations]"
Add component (AddParameter): Name = "Power Rating"; Value = ""; VariantName = "[No Variations]"
Add component (AddParameter): Name = "Voltage Rating"; Value = ""; VariantName = "[No Variations]"
Added Component: Designator=R13(RES_0805)
Add component (AddParameter): Name = "LCSC"; Value = ""; VariantName = "[No Variations]"
Add component (AddParameter): Name = "Mfr."; Value = ""; VariantName = "[No Variations]"
Add component (AddParameter): Name = "Mfr. Part"; Value = ""; VariantName = "[No Variations]"
Add component (AddParameter): Name = "Package"; Value = "0805"; VariantName = "[No Variations]"
Add component (AddParameter): Name = "Power Rating"; Value = ""; VariantName = "[No Variations]"
Add component (AddParameter): Name = "Voltage Rating"; Value = ""; VariantName = "[No Variations]"
Added Component: Designator=R14(RES_0603)
Add component (AddParameter): Name = "LCSC"; Value = ""; VariantName = "[No Variations]"
Add component (AddParameter): Name = "Mfr."; Value = ""; VariantName = "[No Variations]"
Add component (AddParameter): Name = "Mfr. Part"; Value = ""; VariantName = "[No Variations]"
Add component (AddParameter): Name = "Package"; Value = "0603"; VariantName = "[No Variations]"
Add component (AddParameter): Name = "Voltage Rating"; Value = ""; VariantName = "[No Variations]"
Added Component: Designator=R15(ASR-M-5-0.2F-t1)
Add component (AddParameter): Name = "LCSC"; Value = "C469432"; VariantName = "[No Variations]"
Add component (AddParameter): Name = "Mfr."; Value = "Shenzhen Yezhan Elec."; VariantName = "[No Variations]"
Add component (AddParameter): Name = "Mfr. Part"; Value = "ASR-M-5-0.2F-t1"; VariantName = "[No Variations]"
Added Component: Designator=R16(RES_0603)
Add component (AddParameter): Name = "LCSC"; Value = ""; VariantName = "[No Variations]"
Add component (AddParameter): Name = "Mfr."; Value = ""; VariantName = "[No Variations]"
Add component (AddParameter): Name = "Mfr. Part"; Value = ""; VariantName = "[No Variations]"
Add component (AddParameter): Name = "Package"; Value = "0603"; VariantName = "[No Variations]"
Add component (AddParameter): Name = "Voltage Rating"; Value = ""; VariantName = "[No Variations]"
Added Component: Designator=R17(RES_0805)
Add component (AddParameter): Name = "LCSC"; Value = ""; VariantName = "[No Variations]"
Add component (AddParameter): Name = "Mfr."; Value = ""; VariantName = "[No Variations]"
Add component (AddParameter): Name = "Mfr. Part"; Value = ""; VariantName = "[No Variations]"
Add component (AddParameter): Name = "Package"; Value = "0805"; VariantName = "[No Variations]"
Add component (AddParameter): Name = "Power Rating"; Value = ""; VariantName = "[No Variations]"
Add component (AddParameter): Name = "Voltage Rating"; Value = ""; VariantName = "[No Variations]"
Added Component: Designator=U1(STM32F303CBT6)
Add component (AddParameter): Name = "LCSC"; Value = "C108516"; VariantName = "[No Variations]"
Add component (AddParameter): Name = "Mfr."; Value = "STMicroelectronics"; VariantName = "[No Variations]"
Add component (AddParameter): Name = "Mfr. Part"; Value = "STM32F303CBT6"; VariantName = "[No Variations]"
Added Component: Designator=U2(INA180A2IDBVR)
Add component (AddParameter): Name = "LCSC"; Value = "C192764"; VariantName = "[No Variations]"
Add component (AddParameter): Name = "Mfr."; Value = "Texas Instruments"; VariantName = "[No Variations]"
Add component (AddParameter): Name = "Mfr. Part"; Value = "INA180A2IDBVR"; VariantName = "[No Variations]"
Added Component: Designator=U3(INA180A2IDBVR)
Add component (AddParameter): Name = "LCSC"; Value = "C192764"; VariantName = "[No Variations]"
Add component (AddParameter): Name = "Mfr."; Value = "Texas Instruments"; VariantName = "[No Variations]"
Add component (AddParameter): Name = "Mfr. Part"; Value = "INA180A2IDBVR"; VariantName = "[No Variations]"
Added Component: Designator=U4(INA180A2IDBVR)
Add component (AddParameter): Name = "LCSC"; Value = "C192764"; VariantName = "[No Variations]"
Add component (AddParameter): Name = "Mfr."; Value = "Texas Instruments"; VariantName = "[No Variations]"
Add component (AddParameter): Name = "Mfr. Part"; Value = "INA180A2IDBVR"; VariantName = "[No Variations]"
Added Pin To Net: NetName=GND Pin=C1-1
Added Pin To Net: NetName=MCU_OSC_IN Pin=C1-2
Added Pin To Net: NetName=GND Pin=C2-1
Added Pin To Net: NetName=GND Pin=C3-1
Added Pin To Net: NetName=NRST Pin=C3-2
Added Pin To Net: NetName=GND Pin=C4-1
Added Pin To Net: NetName=+3V3 Pin=C4-2
Added Pin To Net: NetName=GND Pin=C5-1
Added Pin To Net: NetName=+3V3 Pin=C5-2
Added Pin To Net: NetName=GND Pin=C6-1
Added Pin To Net: NetName=+3V3 Pin=C6-2
Added Pin To Net: NetName=GND Pin=C7-1
Added Pin To Net: NetName=+3V3 Pin=C7-2
Added Pin To Net: NetName=GND Pin=C8-1
Added Pin To Net: NetName=+3V3 Pin=C8-2
Added Pin To Net: NetName=GND Pin=C9-1
Added Pin To Net: NetName=+100V Pin=C9-2
Added Pin To Net: NetName=GND Pin=C10-1
Added Pin To Net: NetName=+100V Pin=C10-2
Added Pin To Net: NetName=GND Pin=C11-1
Added Pin To Net: NetName=+100V Pin=C11-2
Added Pin To Net: NetName=GND Pin=C12-1
Added Pin To Net: NetName=VOLT_A Pin=C12-2
Added Pin To Net: NetName=GND Pin=C13-1
Added Pin To Net: NetName=+3V3 Pin=C13-2
Added Pin To Net: NetName=GND Pin=C14-1
Added Pin To Net: NetName=+100V Pin=C14-2
Added Pin To Net: NetName=GND Pin=C15-1
Added Pin To Net: NetName=+100V Pin=C15-2
Added Pin To Net: NetName=GND Pin=C16-1
Added Pin To Net: NetName=+100V Pin=C16-2
Added Pin To Net: NetName=GND Pin=C17-1
Added Pin To Net: NetName=VOLT_B Pin=C17-2
Added Pin To Net: NetName=GND Pin=C18-1
Added Pin To Net: NetName=+3V3 Pin=C18-2
Added Pin To Net: NetName=GND Pin=C19-1
Added Pin To Net: NetName=+100V Pin=C19-2
Added Pin To Net: NetName=GND Pin=C20-1
Added Pin To Net: NetName=+100V Pin=C20-2
Added Pin To Net: NetName=GND Pin=C21-1
Added Pin To Net: NetName=+100V Pin=C21-2
Added Pin To Net: NetName=GND Pin=C22-1
Added Pin To Net: NetName=VOLT_C Pin=C22-2
Added Pin To Net: NetName=GND Pin=C23-1
Added Pin To Net: NetName=+3V3 Pin=C23-2
Added Pin To Net: NetName=SWO Pin=PH1-1
Added Pin To Net: NetName=SWDIO Pin=PH1-2
Added Pin To Net: NetName=SWCLK Pin=PH1-3
Added Pin To Net: NetName=NRST Pin=PH1-4
Added Pin To Net: NetName=+3V3 Pin=PH1-5
Added Pin To Net: NetName=GND Pin=PH1-6
Added Pin To Net: NetName=GND Pin=Q1-2
Added Pin To Net: NetName=MCU_OSC_IN Pin=Q1-3
Added Pin To Net: NetName=GND Pin=Q1-4
Added Pin To Net: NetName=SH_A Pin=Q2-2
Added Pin To Net: NetName=+100V Pin=Q2-3
Added Pin To Net: NetName=GND Pin=Q3-2
Added Pin To Net: NetName=SH_A Pin=Q3-3
Added Pin To Net: NetName=SH_A Pin=Q4-2
Added Pin To Net: NetName=+100V Pin=Q4-3
Added Pin To Net: NetName=GND Pin=Q5-2
Added Pin To Net: NetName=SH_A Pin=Q5-3
Added Pin To Net: NetName=SH_A Pin=Q6-2
Added Pin To Net: NetName=+100V Pin=Q6-3
Added Pin To Net: NetName=GND Pin=Q7-2
Added Pin To Net: NetName=SH_A Pin=Q7-3
Added Pin To Net: NetName=MCU_OSC_OUT Pin=R1-2
Added Pin To Net: NetName=GND Pin=R2-1
Added Pin To Net: NetName=HIGH_A Pin=R3-2
Added Pin To Net: NetName=VOLT_A Pin=R4-1
Added Pin To Net: NetName=SH_A Pin=R4-2
Added Pin To Net: NetName=SH_A Pin=R5-2
Added Pin To Net: NetName=GND Pin=R6-1
Added Pin To Net: NetName=VOLT_A Pin=R6-2
Added Pin To Net: NetName=LOW_A Pin=R7-2
Added Pin To Net: NetName=HIGH_B Pin=R8-2
Added Pin To Net: NetName=VOLT_B Pin=R9-1
Added Pin To Net: NetName=SH_A Pin=R9-2
Added Pin To Net: NetName=SH_A Pin=R10-2
Added Pin To Net: NetName=GND Pin=R11-1
Added Pin To Net: NetName=VOLT_B Pin=R11-2
Added Pin To Net: NetName=LOW_B Pin=R12-2
Added Pin To Net: NetName=HIGH_C Pin=R13-2
Added Pin To Net: NetName=VOLT_C Pin=R14-1
Added Pin To Net: NetName=SH_A Pin=R14-2
Added Pin To Net: NetName=SH_A Pin=R15-2
Added Pin To Net: NetName=GND Pin=R16-1
Added Pin To Net: NetName=VOLT_C Pin=R16-2
Added Pin To Net: NetName=LOW_C Pin=R17-2
Added Pin To Net: NetName=+3V3 Pin=U1-1
Added Pin To Net: NetName=MCU_OSC_IN Pin=U1-3
Added Pin To Net: NetName=MCU_OSC_OUT Pin=U1-4
Added Pin To Net: NetName=NRST Pin=U1-7
Added Pin To Net: NetName=GND Pin=U1-8
Added Pin To Net: NetName=+3V3 Pin=U1-9
Added Pin To Net: NetName=GND Pin=U1-23
Added Pin To Net: NetName=GND Pin=U1-24
Added Pin To Net: NetName=SWDIO Pin=U1-34
Added Pin To Net: NetName=GND Pin=U1-35
Added Pin To Net: NetName=+3V3 Pin=U1-36
Added Pin To Net: NetName=SWCLK Pin=U1-37
Added Pin To Net: NetName=SWO Pin=U1-39
Added Pin To Net: NetName=GND Pin=U1-47
Added Pin To Net: NetName=+3V3 Pin=U1-48
Added Pin To Net: NetName=CURR_A Pin=U2-1
Added Pin To Net: NetName=GND Pin=U2-2
Added Pin To Net: NetName=SH_A Pin=U2-4
Added Pin To Net: NetName=+3V3 Pin=U2-5
Added Pin To Net: NetName=CURR_B Pin=U3-1
Added Pin To Net: NetName=GND Pin=U3-2
Added Pin To Net: NetName=SH_A Pin=U3-4
Added Pin To Net: NetName=+3V3 Pin=U3-5
Added Pin To Net: NetName=CURR_C Pin=U4-1
Added Pin To Net: NetName=GND Pin=U4-2
Added Pin To Net: NetName=SH_A Pin=U4-4
Added Pin To Net: NetName=+3V3 Pin=U4-5
Added Pin To Net: NetName=NetC2_2 Pin=C2-2
Added Pin To Net: NetName=NetC2_2 Pin=Q1-1
Added Pin To Net: NetName=NetC2_2 Pin=R1-1
Added Net: Name=NetC2_2
Added Pin To Net: NetName=NetP1_1 Pin=P1-1
Added Pin To Net: NetName=NetP1_1 Pin=R5-1
Added Pin To Net: NetName=NetP1_1 Pin=U2-3
Added Net: Name=NetP1_1
Added Pin To Net: NetName=NetP2_1 Pin=P2-1
Added Pin To Net: NetName=NetP2_1 Pin=R10-1
Added Pin To Net: NetName=NetP2_1 Pin=U3-3
Added Net: Name=NetP2_1
Added Pin To Net: NetName=NetP3_1 Pin=P3-1
Added Pin To Net: NetName=NetP3_1 Pin=R15-1
Added Pin To Net: NetName=NetP3_1 Pin=U4-3
Added Net: Name=NetP3_1
Added Pin To Net: NetName=NetQ2_1 Pin=Q2-1
Added Pin To Net: NetName=NetQ2_1 Pin=R3-1
Added Net: Name=NetQ2_1
Added Pin To Net: NetName=NetQ3_1 Pin=Q3-1
Added Pin To Net: NetName=NetQ3_1 Pin=R7-1
Added Net: Name=NetQ3_1
Added Pin To Net: NetName=NetQ4_1 Pin=Q4-1
Added Pin To Net: NetName=NetQ4_1 Pin=R8-1
Added Net: Name=NetQ4_1
Added Pin To Net: NetName=NetQ5_1 Pin=Q5-1
Added Pin To Net: NetName=NetQ5_1 Pin=R12-1
Added Net: Name=NetQ5_1
Added Pin To Net: NetName=NetQ6_1 Pin=Q6-1
Added Pin To Net: NetName=NetQ6_1 Pin=R13-1
Added Net: Name=NetQ6_1
Added Pin To Net: NetName=NetQ7_1 Pin=Q7-1
Added Pin To Net: NetName=NetQ7_1 Pin=R17-1
Added Net: Name=NetQ7_1
Added Pin To Net: NetName=NetR2_2 Pin=R2-2
Added Pin To Net: NetName=NetR2_2 Pin=U1-44
Added Net: Name=NetR2_2
Added Member To Class: ClassName=mcu Member=Component C1 10p
Added Member To Class: ClassName=mcu Member=Component C2 10p
Added Member To Class: ClassName=mcu Member=Component C3 100n
Added Member To Class: ClassName=mcu Member=Component C4 1u
Added Member To Class: ClassName=mcu Member=Component C5 100n
Added Member To Class: ClassName=mcu Member=Component C6 100n
Added Member To Class: ClassName=mcu Member=Component C7 100n
Added Member To Class: ClassName=mcu Member=Component C8 100n
Added Member To Class: ClassName=inverter Member=Component C9 4u7
Added Member To Class: ClassName=inverter Member=Component C10 4u7
Added Member To Class: ClassName=inverter Member=Component C11 4u7
Added Member To Class: ClassName=inverter Member=Component C12 100n
Added Member To Class: ClassName=inverter Member=Component C13 100n
Added Member To Class: ClassName=inverter Member=Component C14 4u7
Added Member To Class: ClassName=inverter Member=Component C15 4u7
Added Member To Class: ClassName=inverter Member=Component C16 4u7
Added Member To Class: ClassName=inverter Member=Component C17 100n
Added Member To Class: ClassName=inverter Member=Component C18 100n
Added Member To Class: ClassName=inverter Member=Component C19 4u7
Added Member To Class: ClassName=inverter Member=Component C20 4u7
Added Member To Class: ClassName=inverter Member=Component C21 4u7
Added Member To Class: ClassName=inverter Member=Component C22 100n
Added Member To Class: ClassName=inverter Member=Component C23 100n
Added Member To Class: ClassName=inverter Member=Component P1 PAD_5mm
Added Member To Class: ClassName=inverter Member=Component P2 PAD_5mm
Added Member To Class: ClassName=inverter Member=Component P3 PAD_5mm
Added Member To Class: ClassName=mcu Member=Component PH1 DEBUG
Added Member To Class: ClassName=mcu Member=Component Q1 OSC_24M
Added Member To Class: ClassName=inverter Member=Component Q2 IPT015N10N5
Added Member To Class: ClassName=inverter Member=Component Q3 IPT015N10N5
Added Member To Class: ClassName=inverter Member=Component Q4 IPT015N10N5
Added Member To Class: ClassName=inverter Member=Component Q5 IPT015N10N5
Added Member To Class: ClassName=inverter Member=Component Q6 IPT015N10N5
Added Member To Class: ClassName=inverter Member=Component Q7 IPT015N10N5
Added Member To Class: ClassName=mcu Member=Component R1 22R
Added Member To Class: ClassName=mcu Member=Component R2 0R
Added Member To Class: ClassName=inverter Member=Component R3 1R
Added Member To Class: ClassName=inverter Member=Component R4 56k
Added Member To Class: ClassName=inverter Member=Component R5 SHUNT_0m2_3920
Added Member To Class: ClassName=inverter Member=Component R6 1k8
Added Member To Class: ClassName=inverter Member=Component R7 1R
Added Member To Class: ClassName=inverter Member=Component R8 1R
Added Member To Class: ClassName=inverter Member=Component R9 56k
Added Member To Class: ClassName=inverter Member=Component R10 SHUNT_0m2_3920
Added Member To Class: ClassName=inverter Member=Component R11 1k8
Added Member To Class: ClassName=inverter Member=Component R12 1R
Added Member To Class: ClassName=inverter Member=Component R13 1R
Added Member To Class: ClassName=inverter Member=Component R14 56k
Added Member To Class: ClassName=inverter Member=Component R15 SHUNT_0m2_3920
Added Member To Class: ClassName=inverter Member=Component R16 1k8
Added Member To Class: ClassName=inverter Member=Component R17 1R
Added Member To Class: ClassName=mcu Member=Component U1 STM32F303CBT6
Added Member To Class: ClassName=inverter Member=Component U2 INA180A2IDBVR
Added Member To Class: ClassName=inverter Member=Component U3 INA180A2IDBVR
Added Member To Class: ClassName=inverter Member=Component U4 INA180A2IDBVR
