Removed Pin From Net: NetName=+100V Pin=PH1-1
Removed Pin From Net: NetName=GND Pin=PH1-7
Removed Pin From Net: NetName=+100V Pin=PH3-1
Added Component: Designator=C7(CAP_0603)
Add component (AddParameter): Name = "LCSC"; Value = ""; VariantName = "[No Variations]"
Add component (AddParameter): Name = "Mfr."; Value = ""; VariantName = "[No Variations]"
Add component (AddParameter): Name = "Mfr. Part"; Value = ""; VariantName = "[No Variations]"
Add component (AddParameter): Name = "Package"; Value = "0603"; VariantName = "[No Variations]"
Add component (AddParameter): Name = "Voltage Rating"; Value = ""; VariantName = "[No Variations]"
Added Component: Designator=R10(RES_0603)
Add component (AddParameter): Name = "LCSC"; Value = ""; VariantName = "[No Variations]"
Add component (AddParameter): Name = "Mfr."; Value = ""; VariantName = "[No Variations]"
Add component (AddParameter): Name = "Mfr. Part"; Value = ""; VariantName = "[No Variations]"
Add component (AddParameter): Name = "Package"; Value = "0603"; VariantName = "[No Variations]"
Add component (AddParameter): Name = "Voltage Rating"; Value = ""; VariantName = "[No Variations]"
Added Pin To Net: NetName=GND Pin=C7-1
Added Pin To Net: NetName=GND Pin=PH1-1
Added Pin To Net: NetName=+100V Pin=PH1-7
Added Pin To Net: NetName=GND Pin=PH3-1
Added Pin To Net: NetName=GND Pin=R10-1
Added Pin To Net: NetName=NTC Pin=C7-2
Added Pin To Net: NetName=NTC Pin=PH2-1
Added Pin To Net: NetName=NTC Pin=R10-2
Added Net: Name=NTC
Added Member To Class: ClassName=Overview Member=Component C7 100n
Added Member To Class: ClassName=Overview Member=Component R10 10k NTC
