Added Component: Designator=C?(CAP_0603)
Add component (AddParameter): Name = "LCSC"; Value = ""; VariantName = "[No Variations]"
Add component (AddParameter): Name = "Mfr."; Value = ""; VariantName = "[No Variations]"
Add component (AddParameter): Name = "Mfr. Part"; Value = ""; VariantName = "[No Variations]"
Add component (AddParameter): Name = "Package"; Value = "0603"; VariantName = "[No Variations]"
Add component (AddParameter): Name = "Voltage Rating"; Value = ""; VariantName = "[No Variations]"
Added Component: Designator=C?(CAP_0603)
Add component (AddParameter): Name = "LCSC"; Value = ""; VariantName = "[No Variations]"
Add component (AddParameter): Name = "Mfr."; Value = ""; VariantName = "[No Variations]"
Add component (AddParameter): Name = "Mfr. Part"; Value = ""; VariantName = "[No Variations]"
Add component (AddParameter): Name = "Package"; Value = "0603"; VariantName = "[No Variations]"
Add component (AddParameter): Name = "Voltage Rating"; Value = ""; VariantName = "[No Variations]"
Added Component: Designator=C?(FS32X475K101EGG)
Add component (AddParameter): Name = "LCSC"; Value = "C381466"; VariantName = "[No Variations]"
Add component (AddParameter): Name = "Mfr."; Value = "PSA(Prosperity Dielectrics)"; VariantName = "[No Variations]"
Add component (AddParameter): Name = "Mfr. Part"; Value = "FS32X475K101EGG"; VariantName = "[No Variations]"
Add component (AddParameter): Name = "Package"; Value = "1210"; VariantName = "[No Variations]"
Add component (AddParameter): Name = "Voltage Rating"; Value = "100V"; VariantName = "[No Variations]"
Added Component: Designator=C?(FS32X475K101EGG)
Add component (AddParameter): Name = "LCSC"; Value = "C381466"; VariantName = "[No Variations]"
Add component (AddParameter): Name = "Mfr."; Value = "PSA(Prosperity Dielectrics)"; VariantName = "[No Variations]"
Add component (AddParameter): Name = "Mfr. Part"; Value = "FS32X475K101EGG"; VariantName = "[No Variations]"
Add component (AddParameter): Name = "Package"; Value = "1210"; VariantName = "[No Variations]"
Add component (AddParameter): Name = "Voltage Rating"; Value = "100V"; VariantName = "[No Variations]"
Added Component: Designator=C?(FS32X475K101EGG)
Add component (AddParameter): Name = "LCSC"; Value = "C381466"; VariantName = "[No Variations]"
Add component (AddParameter): Name = "Mfr."; Value = "PSA(Prosperity Dielectrics)"; VariantName = "[No Variations]"
Add component (AddParameter): Name = "Mfr. Part"; Value = "FS32X475K101EGG"; VariantName = "[No Variations]"
Add component (AddParameter): Name = "Package"; Value = "1210"; VariantName = "[No Variations]"
Add component (AddParameter): Name = "Voltage Rating"; Value = "100V"; VariantName = "[No Variations]"
Added Component: Designator=C?(CAP_0603)
Add component (AddParameter): Name = "LCSC"; Value = ""; VariantName = "[No Variations]"
Add component (AddParameter): Name = "Mfr."; Value = ""; VariantName = "[No Variations]"
Add component (AddParameter): Name = "Mfr. Part"; Value = ""; VariantName = "[No Variations]"
Add component (AddParameter): Name = "Package"; Value = "0603"; VariantName = "[No Variations]"
Add component (AddParameter): Name = "Voltage Rating"; Value = ""; VariantName = "[No Variations]"
Added Component: Designator=C?(CAP_0603)
Add component (AddParameter): Name = "LCSC"; Value = ""; VariantName = "[No Variations]"
Add component (AddParameter): Name = "Mfr."; Value = ""; VariantName = "[No Variations]"
Add component (AddParameter): Name = "Mfr. Part"; Value = ""; VariantName = "[No Variations]"
Add component (AddParameter): Name = "Package"; Value = "0603"; VariantName = "[No Variations]"
Add component (AddParameter): Name = "Voltage Rating"; Value = ""; VariantName = "[No Variations]"
Added Component: Designator=C?(CAP_0603)
Add component (AddParameter): Name = "LCSC"; Value = ""; VariantName = "[No Variations]"
Add component (AddParameter): Name = "Mfr."; Value = ""; VariantName = "[No Variations]"
Add component (AddParameter): Name = "Mfr. Part"; Value = ""; VariantName = "[No Variations]"
Add component (AddParameter): Name = "Package"; Value = "0603"; VariantName = "[No Variations]"
Add component (AddParameter): Name = "Voltage Rating"; Value = ""; VariantName = "[No Variations]"
Added Component: Designator=C?(CAP_0603)
Add component (AddParameter): Name = "LCSC"; Value = ""; VariantName = "[No Variations]"
Add component (AddParameter): Name = "Mfr."; Value = ""; VariantName = "[No Variations]"
Add component (AddParameter): Name = "Mfr. Part"; Value = ""; VariantName = "[No Variations]"
Add component (AddParameter): Name = "Package"; Value = "0603"; VariantName = "[No Variations]"
Add component (AddParameter): Name = "Voltage Rating"; Value = ""; VariantName = "[No Variations]"
Added Component: Designator=C?(CAP_0603)
Add component (AddParameter): Name = "LCSC"; Value = ""; VariantName = "[No Variations]"
Add component (AddParameter): Name = "Mfr."; Value = ""; VariantName = "[No Variations]"
Add component (AddParameter): Name = "Mfr. Part"; Value = ""; VariantName = "[No Variations]"
Add component (AddParameter): Name = "Package"; Value = "0603"; VariantName = "[No Variations]"
Add component (AddParameter): Name = "Voltage Rating"; Value = ""; VariantName = "[No Variations]"
Added Component: Designator=C?(CAP_0603)
Add component (AddParameter): Name = "LCSC"; Value = ""; VariantName = "[No Variations]"
Add component (AddParameter): Name = "Mfr."; Value = ""; VariantName = "[No Variations]"
Add component (AddParameter): Name = "Mfr. Part"; Value = ""; VariantName = "[No Variations]"
Add component (AddParameter): Name = "Package"; Value = "0603"; VariantName = "[No Variations]"
Add component (AddParameter): Name = "Voltage Rating"; Value = ""; VariantName = "[No Variations]"
Added Component: Designator=C?(CAP_0603)
Add component (AddParameter): Name = "LCSC"; Value = ""; VariantName = "[No Variations]"
Add component (AddParameter): Name = "Mfr."; Value = ""; VariantName = "[No Variations]"
Add component (AddParameter): Name = "Mfr. Part"; Value = ""; VariantName = "[No Variations]"
Add component (AddParameter): Name = "Package"; Value = "0603"; VariantName = "[No Variations]"
Add component (AddParameter): Name = "Voltage Rating"; Value = ""; VariantName = "[No Variations]"
Added Component: Designator=C?(FS32X475K101EGG)
Add component (AddParameter): Name = "LCSC"; Value = "C381466"; VariantName = "[No Variations]"
Add component (AddParameter): Name = "Mfr."; Value = "PSA(Prosperity Dielectrics)"; VariantName = "[No Variations]"
Add component (AddParameter): Name = "Mfr. Part"; Value = "FS32X475K101EGG"; VariantName = "[No Variations]"
Add component (AddParameter): Name = "Package"; Value = "1210"; VariantName = "[No Variations]"
Add component (AddParameter): Name = "Voltage Rating"; Value = "100V"; VariantName = "[No Variations]"
Added Component: Designator=C?(FS32X475K101EGG)
Add component (AddParameter): Name = "LCSC"; Value = "C381466"; VariantName = "[No Variations]"
Add component (AddParameter): Name = "Mfr."; Value = "PSA(Prosperity Dielectrics)"; VariantName = "[No Variations]"
Add component (AddParameter): Name = "Mfr. Part"; Value = "FS32X475K101EGG"; VariantName = "[No Variations]"
Add component (AddParameter): Name = "Package"; Value = "1210"; VariantName = "[No Variations]"
Add component (AddParameter): Name = "Voltage Rating"; Value = "100V"; VariantName = "[No Variations]"
Added Component: Designator=C?(FS32X475K101EGG)
Add component (AddParameter): Name = "LCSC"; Value = "C381466"; VariantName = "[No Variations]"
Add component (AddParameter): Name = "Mfr."; Value = "PSA(Prosperity Dielectrics)"; VariantName = "[No Variations]"
Add component (AddParameter): Name = "Mfr. Part"; Value = "FS32X475K101EGG"; VariantName = "[No Variations]"
Add component (AddParameter): Name = "Package"; Value = "1210"; VariantName = "[No Variations]"
Add component (AddParameter): Name = "Voltage Rating"; Value = "100V"; VariantName = "[No Variations]"
Added Component: Designator=C?(FS32X475K101EGG)
Add component (AddParameter): Name = "LCSC"; Value = "C381466"; VariantName = "[No Variations]"
Add component (AddParameter): Name = "Mfr."; Value = "PSA(Prosperity Dielectrics)"; VariantName = "[No Variations]"
Add component (AddParameter): Name = "Mfr. Part"; Value = "FS32X475K101EGG"; VariantName = "[No Variations]"
Add component (AddParameter): Name = "Package"; Value = "1210"; VariantName = "[No Variations]"
Add component (AddParameter): Name = "Voltage Rating"; Value = "100V"; VariantName = "[No Variations]"
Added Component: Designator=C?(CAP_0603)
Add component (AddParameter): Name = "LCSC"; Value = ""; VariantName = "[No Variations]"
Add component (AddParameter): Name = "Mfr."; Value = ""; VariantName = "[No Variations]"
Add component (AddParameter): Name = "Mfr. Part"; Value = ""; VariantName = "[No Variations]"
Add component (AddParameter): Name = "Package"; Value = "0603"; VariantName = "[No Variations]"
Add component (AddParameter): Name = "Voltage Rating"; Value = ""; VariantName = "[No Variations]"
Added Component: Designator=C?(CAP_0603)
Add component (AddParameter): Name = "LCSC"; Value = ""; VariantName = "[No Variations]"
Add component (AddParameter): Name = "Mfr."; Value = ""; VariantName = "[No Variations]"
Add component (AddParameter): Name = "Mfr. Part"; Value = ""; VariantName = "[No Variations]"
Add component (AddParameter): Name = "Package"; Value = "0603"; VariantName = "[No Variations]"
Add component (AddParameter): Name = "Voltage Rating"; Value = ""; VariantName = "[No Variations]"
Added Component: Designator=C?(CAP_0603)
Add component (AddParameter): Name = "LCSC"; Value = ""; VariantName = "[No Variations]"
Add component (AddParameter): Name = "Mfr."; Value = ""; VariantName = "[No Variations]"
Add component (AddParameter): Name = "Mfr. Part"; Value = ""; VariantName = "[No Variations]"
Add component (AddParameter): Name = "Package"; Value = "0603"; VariantName = "[No Variations]"
Add component (AddParameter): Name = "Voltage Rating"; Value = ""; VariantName = "[No Variations]"
Added Component: Designator=C?(FS32X475K101EGG)
Add component (AddParameter): Name = "LCSC"; Value = "C381466"; VariantName = "[No Variations]"
Add component (AddParameter): Name = "Mfr."; Value = "PSA(Prosperity Dielectrics)"; VariantName = "[No Variations]"
Add component (AddParameter): Name = "Mfr. Part"; Value = "FS32X475K101EGG"; VariantName = "[No Variations]"
Add component (AddParameter): Name = "Package"; Value = "1210"; VariantName = "[No Variations]"
Add component (AddParameter): Name = "Voltage Rating"; Value = "100V"; VariantName = "[No Variations]"
Added Component: Designator=C?(CAP_0603)
Add component (AddParameter): Name = "LCSC"; Value = ""; VariantName = "[No Variations]"
Add component (AddParameter): Name = "Mfr."; Value = ""; VariantName = "[No Variations]"
Add component (AddParameter): Name = "Mfr. Part"; Value = ""; VariantName = "[No Variations]"
Add component (AddParameter): Name = "Package"; Value = "0603"; VariantName = "[No Variations]"
Add component (AddParameter): Name = "Voltage Rating"; Value = ""; VariantName = "[No Variations]"
Added Component: Designator=C?(FS32X475K101EGG)
Add component (AddParameter): Name = "LCSC"; Value = "C381466"; VariantName = "[No Variations]"
Add component (AddParameter): Name = "Mfr."; Value = "PSA(Prosperity Dielectrics)"; VariantName = "[No Variations]"
Add component (AddParameter): Name = "Mfr. Part"; Value = "FS32X475K101EGG"; VariantName = "[No Variations]"
Add component (AddParameter): Name = "Package"; Value = "1210"; VariantName = "[No Variations]"
Add component (AddParameter): Name = "Voltage Rating"; Value = "100V"; VariantName = "[No Variations]"
Added Component: Designator=C?(CAP_0603)
Add component (AddParameter): Name = "LCSC"; Value = ""; VariantName = "[No Variations]"
Add component (AddParameter): Name = "Mfr."; Value = ""; VariantName = "[No Variations]"
Add component (AddParameter): Name = "Mfr. Part"; Value = ""; VariantName = "[No Variations]"
Add component (AddParameter): Name = "Package"; Value = "0603"; VariantName = "[No Variations]"
Add component (AddParameter): Name = "Voltage Rating"; Value = ""; VariantName = "[No Variations]"
Added Component: Designator=P?(PAD_THT_5mm)
Added Component: Designator=P?(PAD_THT_5mm)
Added Component: Designator=P?(PAD_THT_5mm)
Added Component: Designator=PH?(PH_1x6)
Added Component: Designator=Q?(IPT015N10N5)
Add component (AddParameter): Name = "LCSC"; Value = "C19626223"; VariantName = "[No Variations]"
Add component (AddParameter): Name = "Mfr."; Value = "Tokmas"; VariantName = "[No Variations]"
Add component (AddParameter): Name = "Mfr. Part"; Value = "IPT015N10N5"; VariantName = "[No Variations]"
Added Component: Designator=Q?(IPT015N10N5)
Add component (AddParameter): Name = "LCSC"; Value = "C19626223"; VariantName = "[No Variations]"
Add component (AddParameter): Name = "Mfr."; Value = "Tokmas"; VariantName = "[No Variations]"
Add component (AddParameter): Name = "Mfr. Part"; Value = "IPT015N10N5"; VariantName = "[No Variations]"
Added Component: Designator=Q?(OSC_24M)
Add component (AddParameter): Name = "ComponentLink1Description"; Value = "Datasheet"; VariantName = "[No Variations]"
Add component (AddParameter): Name = "ComponentLink1URL"; Value = "https://www.lcsc.com/datasheet/lcsc_datasheet_2403291504_YXC-Crystal-Oscillators-X322524MOB4SI_C70590.pdf"; VariantName = "[No Variations]"
Add component (AddParameter): Name = "LCSC"; Value = "C70590"; VariantName = "[No Variations]"
Add component (AddParameter): Name = "Manufacturer Part"; Value = "X322524MOB4SI"; VariantName = "[No Variations]"
Added Component: Designator=Q?(IPT015N10N5)
Add component (AddParameter): Name = "LCSC"; Value = "C19626223"; VariantName = "[No Variations]"
Add component (AddParameter): Name = "Mfr."; Value = "Tokmas"; VariantName = "[No Variations]"
Add component (AddParameter): Name = "Mfr. Part"; Value = "IPT015N10N5"; VariantName = "[No Variations]"
Added Component: Designator=Q?(IPT015N10N5)
Add component (AddParameter): Name = "LCSC"; Value = "C19626223"; VariantName = "[No Variations]"
Add component (AddParameter): Name = "Mfr."; Value = "Tokmas"; VariantName = "[No Variations]"
Add component (AddParameter): Name = "Mfr. Part"; Value = "IPT015N10N5"; VariantName = "[No Variations]"
Added Component: Designator=Q?(IPT015N10N5)
Add component (AddParameter): Name = "LCSC"; Value = "C19626223"; VariantName = "[No Variations]"
Add component (AddParameter): Name = "Mfr."; Value = "Tokmas"; VariantName = "[No Variations]"
Add component (AddParameter): Name = "Mfr. Part"; Value = "IPT015N10N5"; VariantName = "[No Variations]"
Added Component: Designator=Q?(IPT015N10N5)
Add component (AddParameter): Name = "LCSC"; Value = "C19626223"; VariantName = "[No Variations]"
Add component (AddParameter): Name = "Mfr."; Value = "Tokmas"; VariantName = "[No Variations]"
Add component (AddParameter): Name = "Mfr. Part"; Value = "IPT015N10N5"; VariantName = "[No Variations]"
Added Component: Designator=R?(RES_0603)
Add component (AddParameter): Name = "LCSC"; Value = ""; VariantName = "[No Variations]"
Add component (AddParameter): Name = "Mfr."; Value = ""; VariantName = "[No Variations]"
Add component (AddParameter): Name = "Mfr. Part"; Value = ""; VariantName = "[No Variations]"
Add component (AddParameter): Name = "Package"; Value = "0603"; VariantName = "[No Variations]"
Add component (AddParameter): Name = "Voltage Rating"; Value = ""; VariantName = "[No Variations]"
Added Component: Designator=R?(ASR-M-5-0.2F-t1)
Add component (AddParameter): Name = "LCSC"; Value = "C469432"; VariantName = "[No Variations]"
Add component (AddParameter): Name = "Mfr."; Value = "Shenzhen Yezhan Elec."; VariantName = "[No Variations]"
Add component (AddParameter): Name = "Mfr. Part"; Value = "ASR-M-5-0.2F-t1"; VariantName = "[No Variations]"
Added Component: Designator=R?(ASR-M-5-0.2F-t1)
Add component (AddParameter): Name = "LCSC"; Value = "C469432"; VariantName = "[No Variations]"
Add component (AddParameter): Name = "Mfr."; Value = "Shenzhen Yezhan Elec."; VariantName = "[No Variations]"
Add component (AddParameter): Name = "Mfr. Part"; Value = "ASR-M-5-0.2F-t1"; VariantName = "[No Variations]"
Added Component: Designator=R?(RES_0603)
Add component (AddParameter): Name = "LCSC"; Value = ""; VariantName = "[No Variations]"
Add component (AddParameter): Name = "Mfr."; Value = ""; VariantName = "[No Variations]"
Add component (AddParameter): Name = "Mfr. Part"; Value = ""; VariantName = "[No Variations]"
Add component (AddParameter): Name = "Package"; Value = "0603"; VariantName = "[No Variations]"
Add component (AddParameter): Name = "Voltage Rating"; Value = ""; VariantName = "[No Variations]"
Added Component: Designator=R?(RES_0603)
Add component (AddParameter): Name = "LCSC"; Value = ""; VariantName = "[No Variations]"
Add component (AddParameter): Name = "Mfr."; Value = ""; VariantName = "[No Variations]"
Add component (AddParameter): Name = "Mfr. Part"; Value = ""; VariantName = "[No Variations]"
Add component (AddParameter): Name = "Package"; Value = "0603"; VariantName = "[No Variations]"
Add component (AddParameter): Name = "Voltage Rating"; Value = ""; VariantName = "[No Variations]"
Added Component: Designator=R?(RES_0603)
Add component (AddParameter): Name = "LCSC"; Value = ""; VariantName = "[No Variations]"
Add component (AddParameter): Name = "Mfr."; Value = ""; VariantName = "[No Variations]"
Add component (AddParameter): Name = "Mfr. Part"; Value = ""; VariantName = "[No Variations]"
Add component (AddParameter): Name = "Package"; Value = "0603"; VariantName = "[No Variations]"
Add component (AddParameter): Name = "Voltage Rating"; Value = ""; VariantName = "[No Variations]"
Added Component: Designator=R?(RES_0805)
Add component (AddParameter): Name = "LCSC"; Value = ""; VariantName = "[No Variations]"
Add component (AddParameter): Name = "Mfr."; Value = ""; VariantName = "[No Variations]"
Add component (AddParameter): Name = "Mfr. Part"; Value = ""; VariantName = "[No Variations]"
Add component (AddParameter): Name = "Package"; Value = "0805"; VariantName = "[No Variations]"
Add component (AddParameter): Name = "Power Rating"; Value = ""; VariantName = "[No Variations]"
Add component (AddParameter): Name = "Voltage Rating"; Value = ""; VariantName = "[No Variations]"
Added Component: Designator=R?(RES_0603)
Add component (AddParameter): Name = "LCSC"; Value = ""; VariantName = "[No Variations]"
Add component (AddParameter): Name = "Mfr."; Value = ""; VariantName = "[No Variations]"
Add component (AddParameter): Name = "Mfr. Part"; Value = ""; VariantName = "[No Variations]"
Add component (AddParameter): Name = "Package"; Value = "0603"; VariantName = "[No Variations]"
Add component (AddParameter): Name = "Voltage Rating"; Value = ""; VariantName = "[No Variations]"
Added Component: Designator=R?(ASR-M-5-0.2F-t1)
Add component (AddParameter): Name = "LCSC"; Value = "C469432"; VariantName = "[No Variations]"
Add component (AddParameter): Name = "Mfr."; Value = "Shenzhen Yezhan Elec."; VariantName = "[No Variations]"
Add component (AddParameter): Name = "Mfr. Part"; Value = "ASR-M-5-0.2F-t1"; VariantName = "[No Variations]"
Added Component: Designator=R?(RES_0603)
Add component (AddParameter): Name = "LCSC"; Value = ""; VariantName = "[No Variations]"
Add component (AddParameter): Name = "Mfr."; Value = ""; VariantName = "[No Variations]"
Add component (AddParameter): Name = "Mfr. Part"; Value = ""; VariantName = "[No Variations]"
Add component (AddParameter): Name = "Package"; Value = "0603"; VariantName = "[No Variations]"
Add component (AddParameter): Name = "Voltage Rating"; Value = ""; VariantName = "[No Variations]"
Added Component: Designator=R?(RES_0805)
Add component (AddParameter): Name = "LCSC"; Value = ""; VariantName = "[No Variations]"
Add component (AddParameter): Name = "Mfr."; Value = ""; VariantName = "[No Variations]"
Add component (AddParameter): Name = "Mfr. Part"; Value = ""; VariantName = "[No Variations]"
Add component (AddParameter): Name = "Package"; Value = "0805"; VariantName = "[No Variations]"
Add component (AddParameter): Name = "Power Rating"; Value = ""; VariantName = "[No Variations]"
Add component (AddParameter): Name = "Voltage Rating"; Value = ""; VariantName = "[No Variations]"
Added Component: Designator=R?(RES_0805)
Add component (AddParameter): Name = "LCSC"; Value = ""; VariantName = "[No Variations]"
Add component (AddParameter): Name = "Mfr."; Value = ""; VariantName = "[No Variations]"
Add component (AddParameter): Name = "Mfr. Part"; Value = ""; VariantName = "[No Variations]"
Add component (AddParameter): Name = "Package"; Value = "0805"; VariantName = "[No Variations]"
Add component (AddParameter): Name = "Power Rating"; Value = ""; VariantName = "[No Variations]"
Add component (AddParameter): Name = "Voltage Rating"; Value = ""; VariantName = "[No Variations]"
Added Component: Designator=R?(RES_0805)
Add component (AddParameter): Name = "LCSC"; Value = ""; VariantName = "[No Variations]"
Add component (AddParameter): Name = "Mfr."; Value = ""; VariantName = "[No Variations]"
Add component (AddParameter): Name = "Mfr. Part"; Value = ""; VariantName = "[No Variations]"
Add component (AddParameter): Name = "Package"; Value = "0805"; VariantName = "[No Variations]"
Add component (AddParameter): Name = "Power Rating"; Value = ""; VariantName = "[No Variations]"
Add component (AddParameter): Name = "Voltage Rating"; Value = ""; VariantName = "[No Variations]"
Added Component: Designator=R?(RES_0805)
Add component (AddParameter): Name = "LCSC"; Value = ""; VariantName = "[No Variations]"
Add component (AddParameter): Name = "Mfr."; Value = ""; VariantName = "[No Variations]"
Add component (AddParameter): Name = "Mfr. Part"; Value = ""; VariantName = "[No Variations]"
Add component (AddParameter): Name = "Package"; Value = "0805"; VariantName = "[No Variations]"
Add component (AddParameter): Name = "Power Rating"; Value = ""; VariantName = "[No Variations]"
Add component (AddParameter): Name = "Voltage Rating"; Value = ""; VariantName = "[No Variations]"
Added Component: Designator=R?(RES_0805)
Add component (AddParameter): Name = "LCSC"; Value = ""; VariantName = "[No Variations]"
Add component (AddParameter): Name = "Mfr."; Value = ""; VariantName = "[No Variations]"
Add component (AddParameter): Name = "Mfr. Part"; Value = ""; VariantName = "[No Variations]"
Add component (AddParameter): Name = "Package"; Value = "0805"; VariantName = "[No Variations]"
Add component (AddParameter): Name = "Power Rating"; Value = ""; VariantName = "[No Variations]"
Add component (AddParameter): Name = "Voltage Rating"; Value = ""; VariantName = "[No Variations]"
Added Component: Designator=R?(RES_0603)
Add component (AddParameter): Name = "LCSC"; Value = ""; VariantName = "[No Variations]"
Add component (AddParameter): Name = "Mfr."; Value = ""; VariantName = "[No Variations]"
Add component (AddParameter): Name = "Mfr. Part"; Value = ""; VariantName = "[No Variations]"
Add component (AddParameter): Name = "Package"; Value = "0603"; VariantName = "[No Variations]"
Add component (AddParameter): Name = "Voltage Rating"; Value = ""; VariantName = "[No Variations]"
Added Component: Designator=R?(RES_0603)
Add component (AddParameter): Name = "LCSC"; Value = ""; VariantName = "[No Variations]"
Add component (AddParameter): Name = "Mfr."; Value = ""; VariantName = "[No Variations]"
Add component (AddParameter): Name = "Mfr. Part"; Value = ""; VariantName = "[No Variations]"
Add component (AddParameter): Name = "Package"; Value = "0603"; VariantName = "[No Variations]"
Add component (AddParameter): Name = "Voltage Rating"; Value = ""; VariantName = "[No Variations]"
Added Component: Designator=U?(INA180A2IDBVR)
Add component (AddParameter): Name = "LCSC"; Value = "C192764"; VariantName = "[No Variations]"
Add component (AddParameter): Name = "Mfr."; Value = "Texas Instruments"; VariantName = "[No Variations]"
Add component (AddParameter): Name = "Mfr. Part"; Value = "INA180A2IDBVR"; VariantName = "[No Variations]"
Added Component: Designator=U?(STM32F303CBT6)
Add component (AddParameter): Name = "LCSC"; Value = "C108516"; VariantName = "[No Variations]"
Add component (AddParameter): Name = "Mfr."; Value = "STMicroelectronics"; VariantName = "[No Variations]"
Add component (AddParameter): Name = "Mfr. Part"; Value = "STM32F303CBT6"; VariantName = "[No Variations]"
Added Component: Designator=U?(INA180A2IDBVR)
Add component (AddParameter): Name = "LCSC"; Value = "C192764"; VariantName = "[No Variations]"
Add component (AddParameter): Name = "Mfr."; Value = "Texas Instruments"; VariantName = "[No Variations]"
Add component (AddParameter): Name = "Mfr. Part"; Value = "INA180A2IDBVR"; VariantName = "[No Variations]"
Added Component: Designator=U?(INA180A2IDBVR)
Add component (AddParameter): Name = "LCSC"; Value = "C192764"; VariantName = "[No Variations]"
Add component (AddParameter): Name = "Mfr."; Value = "Texas Instruments"; VariantName = "[No Variations]"
Add component (AddParameter): Name = "Mfr. Part"; Value = "INA180A2IDBVR"; VariantName = "[No Variations]"
Added Pin To Net: NetName=GND Pin=C?-1
Added Pin To Net: NetName=GND Pin=C?-1
Added Pin To Net: NetName=GND Pin=C?-1
Added Pin To Net: NetName=GND Pin=C?-1
Added Pin To Net: NetName=GND Pin=C?-1
Added Pin To Net: NetName=GND Pin=C?-1
Added Pin To Net: NetName=GND Pin=C?-1
Added Pin To Net: NetName=GND Pin=C?-1
Added Pin To Net: NetName=GND Pin=C?-1
Added Pin To Net: NetName=GND Pin=C?-1
Added Pin To Net: NetName=GND Pin=C?-1
Added Pin To Net: NetName=GND Pin=C?-1
Added Pin To Net: NetName=GND Pin=C?-1
Added Pin To Net: NetName=GND Pin=C?-1
Added Pin To Net: NetName=GND Pin=C?-1
Added Pin To Net: NetName=GND Pin=C?-1
Added Pin To Net: NetName=GND Pin=C?-1
Added Pin To Net: NetName=GND Pin=C?-1
Added Pin To Net: NetName=GND Pin=C?-1
Added Pin To Net: NetName=GND Pin=C?-1
Added Pin To Net: NetName=GND Pin=C?-1
Added Pin To Net: NetName=GND Pin=C?-1
Added Pin To Net: NetName=GND Pin=C?-1
Added Pin To Net: NetName=+3V3 Pin=C?-2
Added Pin To Net: NetName=+3V3 Pin=C?-2
Added Pin To Net: NetName=+3V3 Pin=C?-2
Added Pin To Net: NetName=+3V3 Pin=C?-2
Added Pin To Net: NetName=+3V3 Pin=C?-2
Added Pin To Net: NetName=+3V3 Pin=C?-2
Added Pin To Net: NetName=+3V3 Pin=C?-2
Added Pin To Net: NetName=+3V3 Pin=C?-2
Added Pin To Net: NetName=+100V Pin=C?-2
Added Pin To Net: NetName=+100V Pin=C?-2
Added Pin To Net: NetName=+100V Pin=C?-2
Added Pin To Net: NetName=+100V Pin=C?-2
Added Pin To Net: NetName=+100V Pin=C?-2
Added Pin To Net: NetName=+100V Pin=C?-2
Added Pin To Net: NetName=+100V Pin=C?-2
Added Pin To Net: NetName=+100V Pin=C?-2
Added Pin To Net: NetName=+100V Pin=C?-2
Added Pin To Net: NetName=MCU_OSC_IN Pin=C?-2
Added Pin To Net: NetName=NetC?_2 Pin=C?-2
Added Pin To Net: NetName=NRST Pin=C?-2
Added Pin To Net: NetName=VOLT_A Pin=C?-2
Add Pin To Net: Unknown Pin: Pin P?-1
Added Pin To Net: NetName=SWO Pin=PH?-1
Added Pin To Net: NetName=SWDIO Pin=PH?-2
Added Pin To Net: NetName=SWCLK Pin=PH?-3
Added Pin To Net: NetName=NRST Pin=PH?-4
Added Pin To Net: NetName=+3V3 Pin=PH?-5
Added Pin To Net: NetName=GND Pin=PH?-6
Added Pin To Net: NetName=NetC?_2 Pin=Q?-1
Added Pin To Net: NetName=NetQ?_1 Pin=Q?-1
Added Pin To Net: NetName=GND Pin=Q?-2
Added Pin To Net: NetName=GND Pin=Q?-2
Added Pin To Net: NetName=GND Pin=Q?-2
Added Pin To Net: NetName=GND Pin=Q?-2
Added Pin To Net: NetName=SH_A Pin=Q?-2
Added Pin To Net: NetName=SH_A Pin=Q?-2
Added Pin To Net: NetName=SH_A Pin=Q?-2
Added Pin To Net: NetName=+100V Pin=Q?-3
Added Pin To Net: NetName=+100V Pin=Q?-3
Added Pin To Net: NetName=+100V Pin=Q?-3
Added Pin To Net: NetName=MCU_OSC_IN Pin=Q?-3
Added Pin To Net: NetName=SH_A Pin=Q?-3
Added Pin To Net: NetName=SH_A Pin=Q?-3
Added Pin To Net: NetName=SH_A Pin=Q?-3
Added Pin To Net: NetName=GND Pin=Q?-4
Added Pin To Net: NetName=GND Pin=R?-1
Added Pin To Net: NetName=GND Pin=R?-1
Added Pin To Net: NetName=GND Pin=R?-1
Added Pin To Net: NetName=GND Pin=R?-1
Added Pin To Net: NetName=NetC?_2 Pin=R?-1
Added Pin To Net: NetName=NetP?_1 Pin=R?-1
Added Pin To Net: NetName=NetQ?_1 Pin=R?-1
Added Pin To Net: NetName=VOLT_A Pin=R?-1
Added Pin To Net: NetName=HIGH_A Pin=R?-2
Added Pin To Net: NetName=LOW_A Pin=R?-2
Added Pin To Net: NetName=MCU_OSC_OUT Pin=R?-2
Added Pin To Net: NetName=NetR?_2 Pin=R?-2
Added Pin To Net: NetName=SH_A Pin=R?-2
Added Pin To Net: NetName=SH_A Pin=R?-2
Added Pin To Net: NetName=SH_A Pin=R?-2
Added Pin To Net: NetName=SH_A Pin=R?-2
Added Pin To Net: NetName=SH_A Pin=R?-2
Added Pin To Net: NetName=SH_A Pin=R?-2
Added Pin To Net: NetName=VOLT_A Pin=R?-2
Added Pin To Net: NetName=+3V3 Pin=U?-1
Added Pin To Net: NetName=CURR_A Pin=U?-1
Added Pin To Net: NetName=GND Pin=U?-2
Added Pin To Net: NetName=GND Pin=U?-2
Added Pin To Net: NetName=GND Pin=U?-2
Added Pin To Net: NetName=MCU_OSC_IN Pin=U?-3
Added Pin To Net: NetName=NetP?_1 Pin=U?-3
Added Pin To Net: NetName=MCU_OSC_OUT Pin=U?-4
Added Pin To Net: NetName=SH_A Pin=U?-4
Added Pin To Net: NetName=SH_A Pin=U?-4
Added Pin To Net: NetName=SH_A Pin=U?-4
Added Pin To Net: NetName=+3V3 Pin=U?-5
Added Pin To Net: NetName=+3V3 Pin=U?-5
Added Pin To Net: NetName=+3V3 Pin=U?-5
Added Pin To Net: NetName=NRST Pin=U?-7
Added Pin To Net: NetName=GND Pin=U?-8
Added Pin To Net: NetName=+3V3 Pin=U?-9
Added Pin To Net: NetName=GND Pin=U?-23
Added Pin To Net: NetName=GND Pin=U?-24
Added Pin To Net: NetName=SWDIO Pin=U?-34
Added Pin To Net: NetName=GND Pin=U?-35
Added Pin To Net: NetName=+3V3 Pin=U?-36
Added Pin To Net: NetName=SWCLK Pin=U?-37
Added Pin To Net: NetName=SWO Pin=U?-39
Added Pin To Net: NetName=NetR?_2 Pin=U?-44
Added Pin To Net: NetName=GND Pin=U?-47
Added Pin To Net: NetName=+3V3 Pin=U?-48
Added Pin To Net: NetName=CURR_B Pin=U?-1
Added Net: Name=CURR_B
Added Pin To Net: NetName=CURR_C Pin=U?-1
Added Net: Name=CURR_C
Added Pin To Net: NetName=HIGH_B Pin=R?-2
Added Net: Name=HIGH_B
Added Pin To Net: NetName=HIGH_C Pin=R?-2
Added Net: Name=HIGH_C
Added Pin To Net: NetName=LOW_B Pin=R?-2
Added Net: Name=LOW_B
Added Pin To Net: NetName=LOW_C Pin=R?-2
Added Net: Name=LOW_C
Add Net: Net with name "NetP?_1" already exists
Add Net: Net with name "NetP?_1" already exists
Add Net: Net with name "NetQ?_1" already exists
Add Net: Net with name "NetQ?_1" already exists
Add Net: Net with name "NetQ?_1" already exists
Add Net: Net with name "NetQ?_1" already exists
Add Net: Net with name "NetQ?_1" already exists
Added Pin To Net: NetName=VOLT_B Pin=C?-2
Added Pin To Net: NetName=VOLT_B Pin=R?-1
Added Pin To Net: NetName=VOLT_B Pin=R?-2
Added Net: Name=VOLT_B
Added Pin To Net: NetName=VOLT_C Pin=C?-2
Added Pin To Net: NetName=VOLT_C Pin=R?-1
Added Pin To Net: NetName=VOLT_C Pin=R?-2
Added Net: Name=VOLT_C
Added Member To Class: ClassName=inverter Member=Component C? 4u7
Added Member To Class: ClassName=inverter Member=Component C? 100n
Added Member To Class: ClassName=inverter Member=Component C? 100n
Added Member To Class: ClassName=inverter Member=Component C? 100n
Added Member To Class: ClassName=inverter Member=Component C? 4u7
Added Member To Class: ClassName=inverter Member=Component C? 4u7
Added Member To Class: ClassName=inverter Member=Component C? 4u7
Added Member To Class: ClassName=inverter Member=Component C? 100n
Added Member To Class: ClassName=inverter Member=Component C? 4u7
Added Member To Class: ClassName=inverter Member=Component C? 100n
Added Member To Class: ClassName=inverter Member=Component C? 4u7
Added Member To Class: ClassName=inverter Member=Component C? 4u7
Added Member To Class: ClassName=inverter Member=Component C? 4u7
Added Member To Class: ClassName=inverter Member=Component C? 100n
Added Member To Class: ClassName=inverter Member=Component C? 4u7
Added Member To Class: ClassName=mcu Member=Component C? 100n
Added Member To Class: ClassName=mcu Member=Component C? 10p
Added Member To Class: ClassName=mcu Member=Component C? 100n
Added Member To Class: ClassName=mcu Member=Component C? 10p
Added Member To Class: ClassName=mcu Member=Component C? 100n
Added Member To Class: ClassName=mcu Member=Component C? 1u
Added Member To Class: ClassName=mcu Member=Component C? 100n
Added Member To Class: ClassName=mcu Member=Component C? 100n
Added Member To Class: ClassName=inverter Member=Component P? PAD_5mm
Added Member To Class: ClassName=inverter Member=Component P? PAD_5mm
Added Member To Class: ClassName=inverter Member=Component P? PAD_5mm
Added Member To Class: ClassName=mcu Member=Component PH? DEBUG
Added Member To Class: ClassName=inverter Member=Component Q? IPT015N10N5
Added Member To Class: ClassName=inverter Member=Component Q? IPT015N10N5
Added Member To Class: ClassName=inverter Member=Component Q? IPT015N10N5
Added Member To Class: ClassName=inverter Member=Component Q? IPT015N10N5
Added Member To Class: ClassName=inverter Member=Component Q? IPT015N10N5
Added Member To Class: ClassName=inverter Member=Component Q? IPT015N10N5
Added Member To Class: ClassName=mcu Member=Component Q? OSC_24M
Added Member To Class: ClassName=inverter Member=Component R? 1k8
Added Member To Class: ClassName=inverter Member=Component R? SHUNT_0m2_3920
Added Member To Class: ClassName=inverter Member=Component R? SHUNT_0m2_3920
Added Member To Class: ClassName=inverter Member=Component R? 56k
Added Member To Class: ClassName=inverter Member=Component R? 1k8
Added Member To Class: ClassName=inverter Member=Component R? 1R
Added Member To Class: ClassName=inverter Member=Component R? SHUNT_0m2_3920
Added Member To Class: ClassName=inverter Member=Component R? 1R
Added Member To Class: ClassName=inverter Member=Component R? 56k
Added Member To Class: ClassName=inverter Member=Component R? 1R
Added Member To Class: ClassName=inverter Member=Component R? 1R
Added Member To Class: ClassName=inverter Member=Component R? 1R
Added Member To Class: ClassName=inverter Member=Component R? 1R
Added Member To Class: ClassName=inverter Member=Component R? 1k8
Added Member To Class: ClassName=inverter Member=Component R? 56k
Added Member To Class: ClassName=mcu Member=Component R? 0R
Added Member To Class: ClassName=mcu Member=Component R? 22R
Added Member To Class: ClassName=inverter Member=Component U? INA180A2IDBVR
Added Member To Class: ClassName=inverter Member=Component U? INA180A2IDBVR
Added Member To Class: ClassName=inverter Member=Component U? INA180A2IDBVR
Added Member To Class: ClassName=mcu Member=Component U? STM32F303CBT6
