Removed Pin From Net: NetName=SH_A Pin=PH1-2
Removed Pin From Net: NetName=HG_A Pin=PH1-4
Removed Pin From Net: NetName=LG_A Pin=PH1-6
Change Component Comment : Designator=PH1_1 Old Comment=PHASE_A New Comment=PHASE_B
Change Component Comment : Designator=PH1_2 Old Comment=PHASE_A New Comment=PHASE_C
Change Component Designator: OldDesignator=C1_1 NewDesignator=C3
Change Component Designator: OldDesignator=C1_2 NewDesignator=C5
Change Component Designator: OldDesignator=C2_1 NewDesignator=C4
Change Component Designator: OldDesignator=C2_2 NewDesignator=C6
Change Component Designator: OldDesignator=PH1_1 NewDesignator=PH2
Change Component Designator: OldDesignator=PH1_2 NewDesignator=PH3
Change Component Designator: OldDesignator=Q1_1 NewDesignator=Q3
Change Component Designator: OldDesignator=Q1_2 NewDesignator=Q5
Change Component Designator: OldDesignator=Q2_1 NewDesignator=Q4
Change Component Designator: OldDesignator=Q2_2 NewDesignator=Q6
Change Component Designator: OldDesignator=R1_1 NewDesignator=R4
Change Component Designator: OldDesignator=R1_2 NewDesignator=R7
Change Component Designator: OldDesignator=R2_1 NewDesignator=R5
Change Component Designator: OldDesignator=R2_2 NewDesignator=R8
Change Component Designator: OldDesignator=R3_1 NewDesignator=R6
Change Component Designator: OldDesignator=R3_2 NewDesignator=R9
Added Pin To Net: NetName=GND Pin=C3-1
Added Pin To Net: NetName=+100V Pin=C3-2
Added Pin To Net: NetName=GND Pin=C4-1
Added Pin To Net: NetName=+100V Pin=C4-2
Added Pin To Net: NetName=GND Pin=C5-1
Added Pin To Net: NetName=+100V Pin=C5-2
Added Pin To Net: NetName=GND Pin=C6-1
Added Pin To Net: NetName=+100V Pin=C6-2
Added Pin To Net: NetName=HG_A Pin=PH1-2
Added Pin To Net: NetName=LG_A Pin=PH1-4
Added Pin To Net: NetName=SH_A Pin=PH1-6
Added Pin To Net: NetName=GND Pin=PH2-1
Added Pin To Net: NetName=HG_B Pin=PH2-2
Added Pin To Net: NetName=GND Pin=PH2-3
Added Pin To Net: NetName=LG_B Pin=PH2-4
Added Pin To Net: NetName=GND Pin=PH2-5
Added Pin To Net: NetName=SH_B Pin=PH2-6
Added Pin To Net: NetName=GND Pin=PH2-7
Added Pin To Net: NetName=PH_B Pin=PH2-8
Added Pin To Net: NetName=GND Pin=PH3-1
Added Pin To Net: NetName=HG_C Pin=PH3-2
Added Pin To Net: NetName=GND Pin=PH3-3
Added Pin To Net: NetName=LG_C Pin=PH3-4
Added Pin To Net: NetName=GND Pin=PH3-5
Added Pin To Net: NetName=SH_C Pin=PH3-6
Added Pin To Net: NetName=GND Pin=PH3-7
Added Pin To Net: NetName=PH_C Pin=PH3-8
Added Pin To Net: NetName=G_BH1 Pin=Q3-1
Added Pin To Net: NetName=SH_B Pin=Q3-2
Added Pin To Net: NetName=+100V Pin=Q3-3
Added Pin To Net: NetName=G_BL1 Pin=Q4-1
Added Pin To Net: NetName=GND Pin=Q4-2
Added Pin To Net: NetName=SH_B Pin=Q4-3
Added Pin To Net: NetName=G_CH1 Pin=Q5-1
Added Pin To Net: NetName=SH_C Pin=Q5-2
Added Pin To Net: NetName=+100V Pin=Q5-3
Added Pin To Net: NetName=G_CL1 Pin=Q6-1
Added Pin To Net: NetName=GND Pin=Q6-2
Added Pin To Net: NetName=SH_C Pin=Q6-3
Added Pin To Net: NetName=G_BH1 Pin=R4-1
Added Pin To Net: NetName=HG_B Pin=R4-2
Added Pin To Net: NetName=PH_B Pin=R5-1
Added Pin To Net: NetName=SH_B Pin=R5-2
Added Pin To Net: NetName=G_BL1 Pin=R6-1
Added Pin To Net: NetName=LG_B Pin=R6-2
Added Pin To Net: NetName=G_CH1 Pin=R7-1
Added Pin To Net: NetName=HG_C Pin=R7-2
Added Pin To Net: NetName=PH_C Pin=R8-1
Added Pin To Net: NetName=SH_C Pin=R8-2
Added Pin To Net: NetName=G_CL1 Pin=R9-1
Added Pin To Net: NetName=LG_C Pin=R9-2
Added Member To Class: ClassName=Inverter Member=Component C3 4u7
Added Member To Class: ClassName=Inverter Member=Component C4 4u7
Added Member To Class: ClassName=Inverter Member=Component C5 4u7
Added Member To Class: ClassName=Inverter Member=Component C6 4u7
Added Member To Class: ClassName=Overview Member=Component PH2 PHASE_B
Added Member To Class: ClassName=Overview Member=Component PH3 PHASE_C
Added Member To Class: ClassName=Inverter Member=Component Q3 IPT015N10N5
Added Member To Class: ClassName=Inverter Member=Component Q4 IPT015N10N5
Added Member To Class: ClassName=Inverter Member=Component Q5 IPT015N10N5
Added Member To Class: ClassName=Inverter Member=Component Q6 IPT015N10N5
Added Member To Class: ClassName=Inverter Member=Component R4 1R
Added Member To Class: ClassName=Inverter Member=Component R5 SHUNT_0m2_3920
Added Member To Class: ClassName=Inverter Member=Component R6 1R
Added Member To Class: ClassName=Inverter Member=Component R7 1R
Added Member To Class: ClassName=Inverter Member=Component R8 SHUNT_0m2_3920
Added Member To Class: ClassName=Inverter Member=Component R9 1R
