Added Component: Designator=C11(FS32X475K101EGG)
Add component (AddParameter): Name = "LCSC"; Value = "C381466"; VariantName = "[No Variations]"
Add component (AddParameter): Name = "Mfr."; Value = "PSA(Prosperity Dielectrics)"; VariantName = "[No Variations]"
Add component (AddParameter): Name = "Mfr. Part"; Value = "FS32X475K101EGG"; VariantName = "[No Variations]"
Add component (AddParameter): Name = "Package"; Value = "1210"; VariantName = "[No Variations]"
Add component (AddParameter): Name = "Voltage Rating"; Value = "100V"; VariantName = "[No Variations]"
Added Component: Designator=C12(FS32X475K101EGG)
Add component (AddParameter): Name = "LCSC"; Value = "C381466"; VariantName = "[No Variations]"
Add component (AddParameter): Name = "Mfr."; Value = "PSA(Prosperity Dielectrics)"; VariantName = "[No Variations]"
Add component (AddParameter): Name = "Mfr. Part"; Value = "FS32X475K101EGG"; VariantName = "[No Variations]"
Add component (AddParameter): Name = "Package"; Value = "1210"; VariantName = "[No Variations]"
Add component (AddParameter): Name = "Voltage Rating"; Value = "100V"; VariantName = "[No Variations]"
Added Component: Designator=C18(FS32X475K101EGG)
Add component (AddParameter): Name = "LCSC"; Value = "C381466"; VariantName = "[No Variations]"
Add component (AddParameter): Name = "Mfr."; Value = "PSA(Prosperity Dielectrics)"; VariantName = "[No Variations]"
Add component (AddParameter): Name = "Mfr. Part"; Value = "FS32X475K101EGG"; VariantName = "[No Variations]"
Add component (AddParameter): Name = "Package"; Value = "1210"; VariantName = "[No Variations]"
Add component (AddParameter): Name = "Voltage Rating"; Value = "100V"; VariantName = "[No Variations]"
Added Component: Designator=C19(FS32X475K101EGG)
Add component (AddParameter): Name = "LCSC"; Value = "C381466"; VariantName = "[No Variations]"
Add component (AddParameter): Name = "Mfr."; Value = "PSA(Prosperity Dielectrics)"; VariantName = "[No Variations]"
Add component (AddParameter): Name = "Mfr. Part"; Value = "FS32X475K101EGG"; VariantName = "[No Variations]"
Add component (AddParameter): Name = "Package"; Value = "1210"; VariantName = "[No Variations]"
Add component (AddParameter): Name = "Voltage Rating"; Value = "100V"; VariantName = "[No Variations]"
Added Component: Designator=C25(FS32X475K101EGG)
Add component (AddParameter): Name = "LCSC"; Value = "C381466"; VariantName = "[No Variations]"
Add component (AddParameter): Name = "Mfr."; Value = "PSA(Prosperity Dielectrics)"; VariantName = "[No Variations]"
Add component (AddParameter): Name = "Mfr. Part"; Value = "FS32X475K101EGG"; VariantName = "[No Variations]"
Add component (AddParameter): Name = "Package"; Value = "1210"; VariantName = "[No Variations]"
Add component (AddParameter): Name = "Voltage Rating"; Value = "100V"; VariantName = "[No Variations]"
Added Component: Designator=C26(FS32X475K101EGG)
Add component (AddParameter): Name = "LCSC"; Value = "C381466"; VariantName = "[No Variations]"
Add component (AddParameter): Name = "Mfr."; Value = "PSA(Prosperity Dielectrics)"; VariantName = "[No Variations]"
Add component (AddParameter): Name = "Mfr. Part"; Value = "FS32X475K101EGG"; VariantName = "[No Variations]"
Add component (AddParameter): Name = "Package"; Value = "1210"; VariantName = "[No Variations]"
Add component (AddParameter): Name = "Voltage Rating"; Value = "100V"; VariantName = "[No Variations]"
Added Pin To Net: NetName=GND Pin=C11-1
Added Pin To Net: NetName=+100V Pin=C11-2
Added Pin To Net: NetName=GND Pin=C12-1
Added Pin To Net: NetName=+100V Pin=C12-2
Added Pin To Net: NetName=GND Pin=C18-1
Added Pin To Net: NetName=+100V Pin=C18-2
Added Pin To Net: NetName=GND Pin=C19-1
Added Pin To Net: NetName=+100V Pin=C19-2
Added Pin To Net: NetName=GND Pin=C25-1
Added Pin To Net: NetName=+100V Pin=C25-2
Added Pin To Net: NetName=GND Pin=C26-1
Added Pin To Net: NetName=+100V Pin=C26-2
Added Member To Class: ClassName=Inverter Member=Component C11 4u7
Added Member To Class: ClassName=Inverter Member=Component C12 4u7
Added Member To Class: ClassName=Inverter Member=Component C18 4u7
Added Member To Class: ClassName=Inverter Member=Component C19 4u7
Added Member To Class: ClassName=Inverter Member=Component C25 4u7
Added Member To Class: ClassName=Inverter Member=Component C26 4u7
