Removed Pin From Net: NetName=GND Pin=C9-1
Removed Pin From Net: NetName=+12V Pin=C9-2
Removed Pin From Net: NetName=SH_A Pin=C14-1
Removed Pin From Net: NetName=HB_A Pin=C14-2
Removed Pin From Net: NetName=GND Pin=C15-1
Removed Pin From Net: NetName=VOLT_A Pin=C15-2
Removed Pin From Net: NetName=GND Pin=C16-1
Removed Pin From Net: NetName=+3V3 Pin=C16-2
Removed Pin From Net: NetName=+12V Pin=C17-1
Removed Pin From Net: NetName=GND Pin=C17-2
Removed Pin From Net: NetName=SH_B Pin=C22-1
Removed Pin From Net: NetName=HB_B Pin=C22-2
Removed Pin From Net: NetName=GND Pin=C23-1
Removed Pin From Net: NetName=VOLT_B Pin=C23-2
Removed Pin From Net: NetName=GND Pin=C24-1
Removed Pin From Net: NetName=+3V3 Pin=C24-2
Removed Pin From Net: NetName=+12V Pin=C25-1
Removed Pin From Net: NetName=GND Pin=C25-2
Removed Pin From Net: NetName=SH_C Pin=C30-1
Removed Pin From Net: NetName=HB_C Pin=C30-2
Removed Pin From Net: NetName=GND Pin=C31-1
Removed Pin From Net: NetName=VOLT_C Pin=C31-2
Removed Pin From Net: NetName=GND Pin=C32-1
Removed Pin From Net: NetName=+3V3 Pin=C32-2
Removed Pin From Net: NetName=GND Pin=C33-1
Removed Pin From Net: NetName=TEMP_INVERTER Pin=C33-2
Removed Pin From Net: NetName=VOLT_A Pin=R5-1
Removed Pin From Net: NetName=SH_A Pin=R5-2
Removed Pin From Net: NetName=GND Pin=R7-1
Removed Pin From Net: NetName=VOLT_A Pin=R7-2
Removed Pin From Net: NetName=VOLT_B Pin=R12-1
Removed Pin From Net: NetName=SH_B Pin=R12-2
Removed Pin From Net: NetName=GND Pin=R14-1
Removed Pin From Net: NetName=VOLT_B Pin=R14-2
Removed Pin From Net: NetName=VOLT_C Pin=R19-1
Removed Pin From Net: NetName=SH_C Pin=R19-2
Removed Pin From Net: NetName=GND Pin=R21-1
Removed Pin From Net: NetName=VOLT_C Pin=R21-2
Removed Pin From Net: NetName=TEMP_INVERTER Pin=R24-1
Removed Pin From Net: NetName=+3V3 Pin=R24-2
Removed Pin From Net: NetName=GND Pin=R25-1
Removed Pin From Net: NetName=TEMP_INVERTER Pin=R25-2
Removed Pin From Net: NetName=+12V Pin=U2-1
Removed Pin From Net: NetName=HB_A Pin=U2-2
Removed Pin From Net: NetName=HO_A Pin=U2-3
Removed Pin From Net: NetName=SH_A Pin=U2-4
Removed Pin From Net: NetName=HIGH_A Pin=U2-5
Removed Pin From Net: NetName=LOW_A Pin=U2-6
Removed Pin From Net: NetName=GND Pin=U2-7
Removed Pin From Net: NetName=LO_A Pin=U2-8
Removed Pin From Net: NetName=CURR_A Pin=U3-1
Removed Pin From Net: NetName=GND Pin=U3-2
Removed Pin From Net: NetName=PHASE_A Pin=U3-3
Removed Pin From Net: NetName=SH_A Pin=U3-4
Removed Pin From Net: NetName=+3V3 Pin=U3-5
Removed Pin From Net: NetName=+12V Pin=U4-1
Removed Pin From Net: NetName=HB_B Pin=U4-2
Removed Pin From Net: NetName=HO_B Pin=U4-3
Removed Pin From Net: NetName=SH_B Pin=U4-4
Removed Pin From Net: NetName=HIGH_B Pin=U4-5
Removed Pin From Net: NetName=LOW_B Pin=U4-6
Removed Pin From Net: NetName=GND Pin=U4-7
Removed Pin From Net: NetName=LO_B Pin=U4-8
Removed Pin From Net: NetName=CURR_B Pin=U5-1
Removed Pin From Net: NetName=GND Pin=U5-2
Removed Pin From Net: NetName=PHASE_B Pin=U5-3
Removed Pin From Net: NetName=SH_B Pin=U5-4
Removed Pin From Net: NetName=+3V3 Pin=U5-5
Removed Pin From Net: NetName=+12V Pin=U6-1
Removed Pin From Net: NetName=HB_C Pin=U6-2
Removed Pin From Net: NetName=HO_C Pin=U6-3
Removed Pin From Net: NetName=SH_C Pin=U6-4
Removed Pin From Net: NetName=HIGH_C Pin=U6-5
Removed Pin From Net: NetName=LOW_C Pin=U6-6
Removed Pin From Net: NetName=GND Pin=U6-7
Removed Pin From Net: NetName=LO_C Pin=U6-8
Removed Pin From Net: NetName=CURR_C Pin=U7-1
Removed Pin From Net: NetName=GND Pin=U7-2
Removed Pin From Net: NetName=PHASE_C Pin=U7-3
Removed Pin From Net: NetName=SH_C Pin=U7-4
Removed Pin From Net: NetName=+3V3 Pin=U7-5
Removed Member From Class: ClassName=Inverter Member=C9
Removed Member From Class: ClassName=Inverter Member=C14
Removed Member From Class: ClassName=Inverter Member=C15
Removed Member From Class: ClassName=Inverter Member=C16
Removed Member From Class: ClassName=Inverter Member=C17
Removed Member From Class: ClassName=Inverter Member=C22
Removed Member From Class: ClassName=Inverter Member=C23
Removed Member From Class: ClassName=Inverter Member=C24
Removed Member From Class: ClassName=Inverter Member=C25
Removed Member From Class: ClassName=Inverter Member=C30
Removed Member From Class: ClassName=Inverter Member=C31
Removed Member From Class: ClassName=Inverter Member=C32
Removed Member From Class: ClassName=Inverter Member=C33
Removed Member From Class: ClassName=Inverter Member=R5
Removed Member From Class: ClassName=Inverter Member=R7
Removed Member From Class: ClassName=Inverter Member=R12
Removed Member From Class: ClassName=Inverter Member=R14
Removed Member From Class: ClassName=Inverter Member=R19
Removed Member From Class: ClassName=Inverter Member=R21
Removed Member From Class: ClassName=Inverter Member=R24
Removed Member From Class: ClassName=Inverter Member=R25
Removed Member From Class: ClassName=Inverter Member=U2
Removed Member From Class: ClassName=Inverter Member=U3
Removed Member From Class: ClassName=Inverter Member=U4
Removed Member From Class: ClassName=Inverter Member=U5
Removed Member From Class: ClassName=Inverter Member=U6
Removed Member From Class: ClassName=Inverter Member=U7
Added Component: Designator=C?(CAP_0603)
Add component (AddParameter): Name = "LCSC"; Value = ""; VariantName = "[No Variations]"
Add component (AddParameter): Name = "Mfr."; Value = ""; VariantName = "[No Variations]"
Add component (AddParameter): Name = "Mfr. Part"; Value = ""; VariantName = "[No Variations]"
Add component (AddParameter): Name = "Package"; Value = "0603"; VariantName = "[No Variations]"
Add component (AddParameter): Name = "Voltage Rating"; Value = ""; VariantName = "[No Variations]"
Added Component: Designator=C?(CAP_1210)
Add component (AddParameter): Name = "LCSC"; Value = "C77101"; VariantName = "[No Variations]"
Add component (AddParameter): Name = "Mfr."; Value = "Murata Electronics"; VariantName = "[No Variations]"
Add component (AddParameter): Name = "Mfr. Part"; Value = "GRM32ER61C476KE15L"; VariantName = "[No Variations]"
Add component (AddParameter): Name = "Package"; Value = "1210"; VariantName = "[No Variations]"
Add component (AddParameter): Name = "Voltage Rating"; Value = "16V"; VariantName = "[No Variations]"
Added Component: Designator=C?(CAP_0603)
Add component (AddParameter): Name = "LCSC"; Value = ""; VariantName = "[No Variations]"
Add component (AddParameter): Name = "Mfr."; Value = ""; VariantName = "[No Variations]"
Add component (AddParameter): Name = "Mfr. Part"; Value = ""; VariantName = "[No Variations]"
Add component (AddParameter): Name = "Package"; Value = "0603"; VariantName = "[No Variations]"
Add component (AddParameter): Name = "Voltage Rating"; Value = ""; VariantName = "[No Variations]"
Added Component: Designator=C?(CAP_1210)
Add component (AddParameter): Name = "LCSC"; Value = "C77101"; VariantName = "[No Variations]"
Add component (AddParameter): Name = "Mfr."; Value = "Murata Electronics"; VariantName = "[No Variations]"
Add component (AddParameter): Name = "Mfr. Part"; Value = "GRM32ER61C476KE15L"; VariantName = "[No Variations]"
Add component (AddParameter): Name = "Package"; Value = "1210"; VariantName = "[No Variations]"
Add component (AddParameter): Name = "Voltage Rating"; Value = "16V"; VariantName = "[No Variations]"
Added Component: Designator=C?(CAP_0603)
Add component (AddParameter): Name = "LCSC"; Value = ""; VariantName = "[No Variations]"
Add component (AddParameter): Name = "Mfr."; Value = ""; VariantName = "[No Variations]"
Add component (AddParameter): Name = "Mfr. Part"; Value = ""; VariantName = "[No Variations]"
Add component (AddParameter): Name = "Package"; Value = "0603"; VariantName = "[No Variations]"
Add component (AddParameter): Name = "Voltage Rating"; Value = ""; VariantName = "[No Variations]"
Added Component: Designator=C?(CAP_0603)
Add component (AddParameter): Name = "LCSC"; Value = ""; VariantName = "[No Variations]"
Add component (AddParameter): Name = "Mfr."; Value = ""; VariantName = "[No Variations]"
Add component (AddParameter): Name = "Mfr. Part"; Value = ""; VariantName = "[No Variations]"
Add component (AddParameter): Name = "Package"; Value = "0603"; VariantName = "[No Variations]"
Add component (AddParameter): Name = "Voltage Rating"; Value = ""; VariantName = "[No Variations]"
Added Component: Designator=C?(CAP_0603)
Add component (AddParameter): Name = "LCSC"; Value = ""; VariantName = "[No Variations]"
Add component (AddParameter): Name = "Mfr."; Value = ""; VariantName = "[No Variations]"
Add component (AddParameter): Name = "Mfr. Part"; Value = ""; VariantName = "[No Variations]"
Add component (AddParameter): Name = "Package"; Value = "0603"; VariantName = "[No Variations]"
Add component (AddParameter): Name = "Voltage Rating"; Value = ""; VariantName = "[No Variations]"
Added Component: Designator=C?(CAP_0603)
Add component (AddParameter): Name = "LCSC"; Value = ""; VariantName = "[No Variations]"
Add component (AddParameter): Name = "Mfr."; Value = ""; VariantName = "[No Variations]"
Add component (AddParameter): Name = "Mfr. Part"; Value = ""; VariantName = "[No Variations]"
Add component (AddParameter): Name = "Package"; Value = "0603"; VariantName = "[No Variations]"
Add component (AddParameter): Name = "Voltage Rating"; Value = ""; VariantName = "[No Variations]"
Added Component: Designator=C?(CAP_0603)
Add component (AddParameter): Name = "LCSC"; Value = ""; VariantName = "[No Variations]"
Add component (AddParameter): Name = "Mfr."; Value = ""; VariantName = "[No Variations]"
Add component (AddParameter): Name = "Mfr. Part"; Value = ""; VariantName = "[No Variations]"
Add component (AddParameter): Name = "Package"; Value = "0603"; VariantName = "[No Variations]"
Add component (AddParameter): Name = "Voltage Rating"; Value = ""; VariantName = "[No Variations]"
Added Component: Designator=C?(CAP_0603)
Add component (AddParameter): Name = "LCSC"; Value = ""; VariantName = "[No Variations]"
Add component (AddParameter): Name = "Mfr."; Value = ""; VariantName = "[No Variations]"
Add component (AddParameter): Name = "Mfr. Part"; Value = ""; VariantName = "[No Variations]"
Add component (AddParameter): Name = "Package"; Value = "0603"; VariantName = "[No Variations]"
Add component (AddParameter): Name = "Voltage Rating"; Value = ""; VariantName = "[No Variations]"
Added Component: Designator=C?(CAP_1210)
Add component (AddParameter): Name = "LCSC"; Value = "C77101"; VariantName = "[No Variations]"
Add component (AddParameter): Name = "Mfr."; Value = "Murata Electronics"; VariantName = "[No Variations]"
Add component (AddParameter): Name = "Mfr. Part"; Value = "GRM32ER61C476KE15L"; VariantName = "[No Variations]"
Add component (AddParameter): Name = "Package"; Value = "1210"; VariantName = "[No Variations]"
Add component (AddParameter): Name = "Voltage Rating"; Value = "16V"; VariantName = "[No Variations]"
Added Component: Designator=C?(CAP_0603)
Add component (AddParameter): Name = "LCSC"; Value = ""; VariantName = "[No Variations]"
Add component (AddParameter): Name = "Mfr."; Value = ""; VariantName = "[No Variations]"
Add component (AddParameter): Name = "Mfr. Part"; Value = ""; VariantName = "[No Variations]"
Add component (AddParameter): Name = "Package"; Value = "0603"; VariantName = "[No Variations]"
Add component (AddParameter): Name = "Voltage Rating"; Value = ""; VariantName = "[No Variations]"
Added Component: Designator=C?(CAP_0603)
Add component (AddParameter): Name = "LCSC"; Value = ""; VariantName = "[No Variations]"
Add component (AddParameter): Name = "Mfr."; Value = ""; VariantName = "[No Variations]"
Add component (AddParameter): Name = "Mfr. Part"; Value = ""; VariantName = "[No Variations]"
Add component (AddParameter): Name = "Package"; Value = "0603"; VariantName = "[No Variations]"
Add component (AddParameter): Name = "Voltage Rating"; Value = ""; VariantName = "[No Variations]"
Added Component: Designator=PH2(PH_1x6)
Added Component: Designator=R?(RES_0603)
Add component (AddParameter): Name = "LCSC"; Value = ""; VariantName = "[No Variations]"
Add component (AddParameter): Name = "Mfr."; Value = ""; VariantName = "[No Variations]"
Add component (AddParameter): Name = "Mfr. Part"; Value = ""; VariantName = "[No Variations]"
Add component (AddParameter): Name = "Package"; Value = "0603"; VariantName = "[No Variations]"
Add component (AddParameter): Name = "Voltage Rating"; Value = ""; VariantName = "[No Variations]"
Added Component: Designator=R?(RES_0603)
Add component (AddParameter): Name = "LCSC"; Value = ""; VariantName = "[No Variations]"
Add component (AddParameter): Name = "Mfr."; Value = ""; VariantName = "[No Variations]"
Add component (AddParameter): Name = "Mfr. Part"; Value = ""; VariantName = "[No Variations]"
Add component (AddParameter): Name = "Package"; Value = "0603"; VariantName = "[No Variations]"
Add component (AddParameter): Name = "Voltage Rating"; Value = ""; VariantName = "[No Variations]"
Added Component: Designator=R?(RES_0603)
Add component (AddParameter): Name = "LCSC"; Value = ""; VariantName = "[No Variations]"
Add component (AddParameter): Name = "Mfr."; Value = ""; VariantName = "[No Variations]"
Add component (AddParameter): Name = "Mfr. Part"; Value = ""; VariantName = "[No Variations]"
Add component (AddParameter): Name = "Package"; Value = "0603"; VariantName = "[No Variations]"
Add component (AddParameter): Name = "Voltage Rating"; Value = ""; VariantName = "[No Variations]"
Added Component: Designator=R?(RES_0603)
Add component (AddParameter): Name = "LCSC"; Value = ""; VariantName = "[No Variations]"
Add component (AddParameter): Name = "Mfr."; Value = ""; VariantName = "[No Variations]"
Add component (AddParameter): Name = "Mfr. Part"; Value = ""; VariantName = "[No Variations]"
Add component (AddParameter): Name = "Package"; Value = "0603"; VariantName = "[No Variations]"
Add component (AddParameter): Name = "Voltage Rating"; Value = ""; VariantName = "[No Variations]"
Added Component: Designator=R?(RES_0603)
Add component (AddParameter): Name = "LCSC"; Value = ""; VariantName = "[No Variations]"
Add component (AddParameter): Name = "Mfr."; Value = ""; VariantName = "[No Variations]"
Add component (AddParameter): Name = "Mfr. Part"; Value = ""; VariantName = "[No Variations]"
Add component (AddParameter): Name = "Package"; Value = "0603"; VariantName = "[No Variations]"
Add component (AddParameter): Name = "Voltage Rating"; Value = ""; VariantName = "[No Variations]"
Added Component: Designator=R?(RES_0603)
Add component (AddParameter): Name = "LCSC"; Value = ""; VariantName = "[No Variations]"
Add component (AddParameter): Name = "Mfr."; Value = ""; VariantName = "[No Variations]"
Add component (AddParameter): Name = "Mfr. Part"; Value = ""; VariantName = "[No Variations]"
Add component (AddParameter): Name = "Package"; Value = "0603"; VariantName = "[No Variations]"
Add component (AddParameter): Name = "Voltage Rating"; Value = ""; VariantName = "[No Variations]"
Added Component: Designator=R?(RES_0603)
Add component (AddParameter): Name = "LCSC"; Value = ""; VariantName = "[No Variations]"
Add component (AddParameter): Name = "Mfr."; Value = ""; VariantName = "[No Variations]"
Add component (AddParameter): Name = "Mfr. Part"; Value = ""; VariantName = "[No Variations]"
Add component (AddParameter): Name = "Package"; Value = "0603"; VariantName = "[No Variations]"
Add component (AddParameter): Name = "Voltage Rating"; Value = ""; VariantName = "[No Variations]"
Added Component: Designator=R?(RES_0603)
Add component (AddParameter): Name = "LCSC"; Value = ""; VariantName = "[No Variations]"
Add component (AddParameter): Name = "Mfr."; Value = ""; VariantName = "[No Variations]"
Add component (AddParameter): Name = "Mfr. Part"; Value = ""; VariantName = "[No Variations]"
Add component (AddParameter): Name = "Package"; Value = "0603"; VariantName = "[No Variations]"
Add component (AddParameter): Name = "Voltage Rating"; Value = ""; VariantName = "[No Variations]"
Added Component: Designator=U?(UCC27282DR)
Add component (AddParameter): Name = "LCSC"; Value = "C2867844"; VariantName = "[No Variations]"
Add component (AddParameter): Name = "Mfr."; Value = "Texas Instruments"; VariantName = "[No Variations]"
Add component (AddParameter): Name = "Mfr. Part"; Value = "UCC27282DR"; VariantName = "[No Variations]"
Added Component: Designator=U?(UCC27282DR)
Add component (AddParameter): Name = "LCSC"; Value = "C2867844"; VariantName = "[No Variations]"
Add component (AddParameter): Name = "Mfr."; Value = "Texas Instruments"; VariantName = "[No Variations]"
Add component (AddParameter): Name = "Mfr. Part"; Value = "UCC27282DR"; VariantName = "[No Variations]"
Added Component: Designator=U?(INA180A2IDBVR)
Add component (AddParameter): Name = "LCSC"; Value = "C192764"; VariantName = "[No Variations]"
Add component (AddParameter): Name = "Mfr."; Value = "Texas Instruments"; VariantName = "[No Variations]"
Add component (AddParameter): Name = "Mfr. Part"; Value = "INA180A2IDBVR"; VariantName = "[No Variations]"
Added Component: Designator=U?(UCC27282DR)
Add component (AddParameter): Name = "LCSC"; Value = "C2867844"; VariantName = "[No Variations]"
Add component (AddParameter): Name = "Mfr."; Value = "Texas Instruments"; VariantName = "[No Variations]"
Add component (AddParameter): Name = "Mfr. Part"; Value = "UCC27282DR"; VariantName = "[No Variations]"
Added Component: Designator=U?(INA180A2IDBVR)
Add component (AddParameter): Name = "LCSC"; Value = "C192764"; VariantName = "[No Variations]"
Add component (AddParameter): Name = "Mfr."; Value = "Texas Instruments"; VariantName = "[No Variations]"
Add component (AddParameter): Name = "Mfr. Part"; Value = "INA180A2IDBVR"; VariantName = "[No Variations]"
Added Component: Designator=U?(INA180A2IDBVR)
Add component (AddParameter): Name = "LCSC"; Value = "C192764"; VariantName = "[No Variations]"
Add component (AddParameter): Name = "Mfr."; Value = "Texas Instruments"; VariantName = "[No Variations]"
Add component (AddParameter): Name = "Mfr. Part"; Value = "INA180A2IDBVR"; VariantName = "[No Variations]"
Added Pin To Net: NetName=+12V Pin=C?-1
Added Pin To Net: NetName=+12V Pin=C?-1
Added Pin To Net: NetName=GND Pin=C?-1
Added Pin To Net: NetName=GND Pin=C?-1
Added Pin To Net: NetName=GND Pin=C?-1
Added Pin To Net: NetName=GND Pin=C?-1
Added Pin To Net: NetName=GND Pin=C?-1
Added Pin To Net: NetName=GND Pin=C?-1
Added Pin To Net: NetName=GND Pin=C?-1
Added Pin To Net: NetName=GND Pin=C?-1
Added Pin To Net: NetName=SH_A Pin=C?-1
Added Pin To Net: NetName=SH_B Pin=C?-1
Added Pin To Net: NetName=SH_C Pin=C?-1
Added Pin To Net: NetName=+3V3 Pin=C?-2
Added Pin To Net: NetName=+3V3 Pin=C?-2
Added Pin To Net: NetName=+3V3 Pin=C?-2
Added Pin To Net: NetName=+12V Pin=C?-2
Added Pin To Net: NetName=GND Pin=C?-2
Added Pin To Net: NetName=GND Pin=C?-2
Added Pin To Net: NetName=HB_A Pin=C?-2
Added Pin To Net: NetName=HB_B Pin=C?-2
Added Pin To Net: NetName=HB_C Pin=C?-2
Added Pin To Net: NetName=TEMP_INVERTER Pin=C?-2
Added Pin To Net: NetName=VOLT_A Pin=C?-2
Added Pin To Net: NetName=VOLT_B Pin=C?-2
Added Pin To Net: NetName=VOLT_C Pin=C?-2
Added Pin To Net: NetName=SWCLK Pin=PH2-1
Added Pin To Net: NetName=SWDIO Pin=PH2-2
Added Pin To Net: NetName=SWO Pin=PH2-3
Added Pin To Net: NetName=NRST Pin=PH2-4
Added Pin To Net: NetName=+3V3 Pin=PH2-5
Added Pin To Net: NetName=GND Pin=PH2-6
Added Pin To Net: NetName=GND Pin=R?-1
Added Pin To Net: NetName=GND Pin=R?-1
Added Pin To Net: NetName=GND Pin=R?-1
Added Pin To Net: NetName=GND Pin=R?-1
Added Pin To Net: NetName=VOLT_A Pin=R?-1
Added Pin To Net: NetName=VOLT_B Pin=R?-1
Added Pin To Net: NetName=VOLT_C Pin=R?-1
Added Pin To Net: NetName=+3V3 Pin=R?-2
Added Pin To Net: NetName=SH_A Pin=R?-2
Added Pin To Net: NetName=SH_B Pin=R?-2
Added Pin To Net: NetName=SH_C Pin=R?-2
Added Pin To Net: NetName=VOLT_A Pin=R?-2
Added Pin To Net: NetName=VOLT_B Pin=R?-2
Added Pin To Net: NetName=VOLT_C Pin=R?-2
Added Pin To Net: NetName=+12V Pin=U?-1
Added Pin To Net: NetName=+12V Pin=U?-1
Added Pin To Net: NetName=+12V Pin=U?-1
Added Pin To Net: NetName=CURR_A Pin=U?-1
Added Pin To Net: NetName=CURR_B Pin=U?-1
Added Pin To Net: NetName=CURR_C Pin=U?-1
Added Pin To Net: NetName=GND Pin=U?-2
Added Pin To Net: NetName=GND Pin=U?-2
Added Pin To Net: NetName=GND Pin=U?-2
Added Pin To Net: NetName=HB_A Pin=U?-2
Added Pin To Net: NetName=HB_B Pin=U?-2
Added Pin To Net: NetName=HB_C Pin=U?-2
Added Pin To Net: NetName=HO_A Pin=U?-3
Added Pin To Net: NetName=HO_B Pin=U?-3
Added Pin To Net: NetName=HO_C Pin=U?-3
Added Pin To Net: NetName=SH_A Pin=U?-3
Added Pin To Net: NetName=SH_B Pin=U?-3
Added Pin To Net: NetName=SH_C Pin=U?-3
Added Pin To Net: NetName=PHASE_A Pin=U?-4
Added Pin To Net: NetName=PHASE_B Pin=U?-4
Added Pin To Net: NetName=PHASE_C Pin=U?-4
Added Pin To Net: NetName=SH_A Pin=U?-4
Added Pin To Net: NetName=SH_B Pin=U?-4
Added Pin To Net: NetName=SH_C Pin=U?-4
Added Pin To Net: NetName=+3V3 Pin=U?-5
Added Pin To Net: NetName=+3V3 Pin=U?-5
Added Pin To Net: NetName=+3V3 Pin=U?-5
Added Pin To Net: NetName=HIGH_A Pin=U?-5
Added Pin To Net: NetName=HIGH_B Pin=U?-5
Added Pin To Net: NetName=HIGH_C Pin=U?-5
Added Pin To Net: NetName=LOW_A Pin=U?-6
Added Pin To Net: NetName=LOW_B Pin=U?-6
Added Pin To Net: NetName=LOW_C Pin=U?-6
Added Pin To Net: NetName=GND Pin=U?-7
Added Pin To Net: NetName=GND Pin=U?-7
Added Pin To Net: NetName=GND Pin=U?-7
Added Pin To Net: NetName=LO_A Pin=U?-8
Added Pin To Net: NetName=LO_B Pin=U?-8
Added Pin To Net: NetName=LO_C Pin=U?-8
Change Net Color : Old Net Color=RGB(158, 161, 117) New Net Color=RGB(253, 131, 0)
Change Net Color : Old Net Color=RGB(158, 161, 117) New Net Color=RGB(253, 131, 0)
Change Net Color : Old Net Color=RGB(158, 161, 117) New Net Color=RGB(253, 131, 0)
Change Net Color : Old Net Color=RGB(158, 161, 117) New Net Color=RGB(253, 131, 0)
Added Pin To Net: NetName=NetR?_1 Pin=R?-1
Added Pin To Net: NetName=NetR?_1 Pin=R?-2
Added Net: Name=NetR?_1
Added Class: Name=Driver
Added Member To Class: ClassName=Gyro Member=Component C43 100n
Added Member To Class: ClassName=Overview Member=Component PH2 DEBUG
