Removed Pin From Net: NetName=GND Pin=C1_1-1
Removed Pin From Net: NetName=+100V Pin=C1_1-2
Removed Pin From Net: NetName=GND Pin=C2_1-1
Removed Pin From Net: NetName=+100V Pin=C2_1-2
Removed Pin From Net: NetName=G_AH1 Pin=Q1_1-1
Removed Pin From Net: NetName=SH_A Pin=Q1_1-2
Removed Pin From Net: NetName=+100V Pin=Q1_1-3
Removed Pin From Net: NetName=G_AL1 Pin=Q2_1-1
Removed Pin From Net: NetName=GND Pin=Q2_1-2
Removed Pin From Net: NetName=SH_A Pin=Q2_1-3
Removed Pin From Net: NetName=G_AH1 Pin=R1_1-1
Removed Pin From Net: NetName=HG_A Pin=R1_1-2
Removed Pin From Net: NetName=PH_A Pin=R2_1-1
Removed Pin From Net: NetName=SH_A Pin=R2_1-2
Removed Pin From Net: NetName=G_AL1 Pin=R3_1-1
Removed Pin From Net: NetName=LG_A Pin=R3_1-2
Added Component: Designator=C5(FS32X475K101EGG)
Add component (AddParameter): Name = "LCSC"; Value = "C381466"; VariantName = "[No Variations]"
Add component (AddParameter): Name = "Mfr."; Value = "PSA(Prosperity Dielectrics)"; VariantName = "[No Variations]"
Add component (AddParameter): Name = "Mfr. Part"; Value = "FS32X475K101EGG"; VariantName = "[No Variations]"
Add component (AddParameter): Name = "Package"; Value = "1210"; VariantName = "[No Variations]"
Add component (AddParameter): Name = "Voltage Rating"; Value = "100V"; VariantName = "[No Variations]"
Added Component: Designator=C6(FS32X475K101EGG)
Add component (AddParameter): Name = "LCSC"; Value = "C381466"; VariantName = "[No Variations]"
Add component (AddParameter): Name = "Mfr."; Value = "PSA(Prosperity Dielectrics)"; VariantName = "[No Variations]"
Add component (AddParameter): Name = "Mfr. Part"; Value = "FS32X475K101EGG"; VariantName = "[No Variations]"
Add component (AddParameter): Name = "Package"; Value = "1210"; VariantName = "[No Variations]"
Add component (AddParameter): Name = "Voltage Rating"; Value = "100V"; VariantName = "[No Variations]"
Added Component: Designator=Q5(IPT015N10N5)
Add component (AddParameter): Name = "LCSC"; Value = "C19626223"; VariantName = "[No Variations]"
Add component (AddParameter): Name = "Mfr."; Value = "Tokmas"; VariantName = "[No Variations]"
Add component (AddParameter): Name = "Mfr. Part"; Value = "IPT015N10N5"; VariantName = "[No Variations]"
Added Component: Designator=Q6(IPT015N10N5)
Add component (AddParameter): Name = "LCSC"; Value = "C19626223"; VariantName = "[No Variations]"
Add component (AddParameter): Name = "Mfr."; Value = "Tokmas"; VariantName = "[No Variations]"
Add component (AddParameter): Name = "Mfr. Part"; Value = "IPT015N10N5"; VariantName = "[No Variations]"
Added Component: Designator=R7(RES_0805)
Add component (AddParameter): Name = "LCSC"; Value = ""; VariantName = "[No Variations]"
Add component (AddParameter): Name = "Mfr."; Value = ""; VariantName = "[No Variations]"
Add component (AddParameter): Name = "Mfr. Part"; Value = ""; VariantName = "[No Variations]"
Add component (AddParameter): Name = "Package"; Value = "0805"; VariantName = "[No Variations]"
Add component (AddParameter): Name = "Power Rating"; Value = ""; VariantName = "[No Variations]"
Add component (AddParameter): Name = "Voltage Rating"; Value = ""; VariantName = "[No Variations]"
Added Component: Designator=R8(ASR-M-5-0.2F-t1)
Add component (AddParameter): Name = "LCSC"; Value = "C469432"; VariantName = "[No Variations]"
Add component (AddParameter): Name = "Mfr."; Value = "Shenzhen Yezhan Elec."; VariantName = "[No Variations]"
Add component (AddParameter): Name = "Mfr. Part"; Value = "ASR-M-5-0.2F-t1"; VariantName = "[No Variations]"
Added Component: Designator=R9(RES_0805)
Add component (AddParameter): Name = "LCSC"; Value = ""; VariantName = "[No Variations]"
Add component (AddParameter): Name = "Mfr."; Value = ""; VariantName = "[No Variations]"
Add component (AddParameter): Name = "Mfr. Part"; Value = ""; VariantName = "[No Variations]"
Add component (AddParameter): Name = "Package"; Value = "0805"; VariantName = "[No Variations]"
Add component (AddParameter): Name = "Power Rating"; Value = ""; VariantName = "[No Variations]"
Add component (AddParameter): Name = "Voltage Rating"; Value = ""; VariantName = "[No Variations]"
Added Pin To Net: NetName=GND Pin=C5-1
Added Pin To Net: NetName=+100V Pin=C5-2
Added Pin To Net: NetName=GND Pin=C6-1
Added Pin To Net: NetName=+100V Pin=C6-2
Added Pin To Net: NetName=G_CH1 Pin=Q5-1
Added Pin To Net: NetName=SH_C Pin=Q5-2
Added Pin To Net: NetName=+100V Pin=Q5-3
Added Pin To Net: NetName=G_CL1 Pin=Q6-1
Added Pin To Net: NetName=GND Pin=Q6-2
Added Pin To Net: NetName=SH_C Pin=Q6-3
Added Pin To Net: NetName=G_CH1 Pin=R7-1
Added Pin To Net: NetName=HG_C Pin=R7-2
Added Pin To Net: NetName=PH_C Pin=R8-1
Added Pin To Net: NetName=SH_C Pin=R8-2
Added Pin To Net: NetName=G_CL1 Pin=R9-1
Added Pin To Net: NetName=LG_C Pin=R9-2
Added Member To Class: ClassName=Inverter Member=Component C1 4u7
Added Member To Class: ClassName=Inverter Member=Component C2 4u7
Added Member To Class: ClassName=Inverter Member=Component C5 4u7
Added Member To Class: ClassName=Inverter Member=Component C6 4u7
Added Member To Class: ClassName=Inverter Member=Component Q1 IPT015N10N5
Added Member To Class: ClassName=Inverter Member=Component Q2 IPT015N10N5
Added Member To Class: ClassName=Inverter Member=Component Q5 IPT015N10N5
Added Member To Class: ClassName=Inverter Member=Component Q6 IPT015N10N5
Added Member To Class: ClassName=Inverter Member=Component R1 1R
Added Member To Class: ClassName=Inverter Member=Component R2 SHUNT_0m2_3920
Added Member To Class: ClassName=Inverter Member=Component R3 1R
Added Member To Class: ClassName=Inverter Member=Component R7 1R
Added Member To Class: ClassName=Inverter Member=Component R8 SHUNT_0m2_3920
Added Member To Class: ClassName=Inverter Member=Component R9 1R
