Removed Pin From Net: NetName=SH_A Pin=C14-1
Removed Pin From Net: NetName=VOLT_A Pin=C15-2
Removed Pin From Net: NetName=+3V3 Pin=C16-2
Removed Pin From Net: NetName=SH_B Pin=C22-1
Removed Pin From Net: NetName=VOLT_B Pin=C23-2
Removed Pin From Net: NetName=+3V3 Pin=C24-2
Removed Pin From Net: NetName=+12V Pin=C25-1
Removed Pin From Net: NetName=GND Pin=C25-2
Removed Pin From Net: NetName=SH_C Pin=C30-1
Removed Pin From Net: NetName=HB_C Pin=C30-2
Removed Pin From Net: NetName=GND Pin=C31-1
Removed Pin From Net: NetName=SH_A Pin=R5-2
Removed Pin From Net: NetName=VOLT_B Pin=R12-1
Removed Pin From Net: NetName=SH_B Pin=R12-2
Removed Pin From Net: NetName=GND Pin=R14-1
Removed Pin From Net: NetName=VOLT_B Pin=R14-2
Removed Pin From Net: NetName=SH_C Pin=R19-2
Removed Pin From Net: NetName=+3V3 Pin=R24-2
Removed Pin From Net: NetName=TEMP_INVERTER Pin=U1-25
Removed Pin From Net: NetName=+12V Pin=U2-1
Removed Pin From Net: NetName=HB_A Pin=U2-2
Removed Pin From Net: NetName=SH_A Pin=U2-4
Removed Pin From Net: NetName=HIGH_A Pin=U2-5
Removed Pin From Net: NetName=LOW_A Pin=U2-6
Removed Pin From Net: NetName=GND Pin=U2-7
Removed Pin From Net: NetName=CURR_A Pin=U3-1
Removed Pin From Net: NetName=GND Pin=U3-2
Removed Pin From Net: NetName=PHASE_A Pin=U3-3
Removed Pin From Net: NetName=SH_A Pin=U3-4
Removed Pin From Net: NetName=+3V3 Pin=U3-5
Removed Pin From Net: NetName=+12V Pin=U4-1
Removed Pin From Net: NetName=HB_B Pin=U4-2
Removed Pin From Net: NetName=SH_B Pin=U4-4
Removed Pin From Net: NetName=HIGH_B Pin=U4-5
Removed Pin From Net: NetName=LOW_B Pin=U4-6
Removed Pin From Net: NetName=GND Pin=U4-7
Removed Pin From Net: NetName=CURR_B Pin=U5-1
Removed Pin From Net: NetName=GND Pin=U5-2
Removed Pin From Net: NetName=PHASE_B Pin=U5-3
Removed Pin From Net: NetName=SH_B Pin=U5-4
Removed Pin From Net: NetName=+3V3 Pin=U5-5
Removed Pin From Net: NetName=+12V Pin=U6-1
Removed Pin From Net: NetName=HB_C Pin=U6-2
Removed Pin From Net: NetName=SH_C Pin=U6-4
Removed Pin From Net: NetName=HIGH_C Pin=U6-5
Removed Pin From Net: NetName=LOW_C Pin=U6-6
Removed Pin From Net: NetName=GND Pin=U6-7
Removed Pin From Net: NetName=CURR_C Pin=U7-1
Removed Pin From Net: NetName=GND Pin=U7-2
Removed Pin From Net: NetName=PHASE_C Pin=U7-3
Removed Pin From Net: NetName=SH_C Pin=U7-4
Removed Pin From Net: NetName=+3V3 Pin=U7-5
Change Component Footprint: Designator=C30 Old Footprint=CAP_0603 New Footprint=CAP_1210
Change Component Footprint: Designator=C25 Old Footprint=CAP_1210 New Footprint=CAP_0603
Change Component Footprint: Designator=U3 Old Footprint=INA180A2IDBVR New Footprint=UCC27282DR
Change Component Footprint: Designator=U5 Old Footprint=INA180A2IDBVR New Footprint=UCC27282DR
Change Component Footprint: Designator=U7 Old Footprint=INA180A2IDBVR New Footprint=UCC27282DR
Change Component Footprint: Designator=U2 Old Footprint=UCC27282DR New Footprint=INA180A2IDBVR
Change Component Footprint: Designator=U4 Old Footprint=UCC27282DR New Footprint=INA180A2IDBVR
Change Component Footprint: Designator=U6 Old Footprint=UCC27282DR New Footprint=INA180A2IDBVR
Change Component Comment : Designator=R14 Old Comment=1k8 New Comment=56k
Change Component Comment : Designator=R25 Old Comment=10k New Comment=1k8
Change Component Comment : Designator=R24 Old Comment=10k NTC New Comment=56k
Change Component Comment : Designator=C25 Old Comment=16V 47u New Comment=100n
Change Component Comment : Designator=R19 Old Comment=56k New Comment=10k
Change Component Comment : Designator=R12 Old Comment=56k New Comment=10k NTC
Change Component Comment : Designator=C30 Old Comment=100n 100V New Comment=16V 47u
Change Component Comment : Designator=C31 Old Comment=100n New Comment=100n 100V
Change Component Comment : Designator=U3 Old Comment=INA180A2IDBVR New Comment=UCC27282DR
Change Component Comment : Designator=U5 Old Comment=INA180A2IDBVR New Comment=UCC27282DR
Change Component Comment : Designator=U7 Old Comment=INA180A2IDBVR New Comment=UCC27282DR
Change Component Comment : Designator=U2 Old Comment=UCC27282DR New Comment=INA180A2IDBVR
Change Component Comment : Designator=U4 Old Comment=UCC27282DR New Comment=INA180A2IDBVR
Change Component Comment : Designator=U6 Old Comment=UCC27282DR New Comment=INA180A2IDBVR
Change component parameters: Designator = "C25" ("C25"); Footprint = "CAP_1210"; UniqueID = "\YFMAFFQF\JNVCYVCM" ("\YFMAFFQF\JNVCYVCM")
Change component parameters (AddParameter): Name = "LCSC"; Value = ""; VariantName = "[No Variations]"
Change component parameters (AddParameter): Name = "Mfr."; Value = ""; VariantName = "[No Variations]"
Change component parameters (AddParameter): Name = "Mfr. Part"; Value = ""; VariantName = "[No Variations]"
Change component parameters (AddParameter): Name = "Package"; Value = "0603"; VariantName = "[No Variations]"
Change component parameters (AddParameter): Name = "Voltage Rating"; Value = ""; VariantName = "[No Variations]"
Change component parameters: Designator = "C30" ("C30"); Footprint = "CAP_0603"; UniqueID = "\YFMAFFQF\CYAOGFCH" ("\YFMAFFQF\CYAOGFCH")
Change component parameters (AddParameter): Name = "LCSC"; Value = "C77101"; VariantName = "[No Variations]"
Change component parameters (AddParameter): Name = "Mfr."; Value = "Murata Electronics"; VariantName = "[No Variations]"
Change component parameters (AddParameter): Name = "Mfr. Part"; Value = "GRM32ER61C476KE15L"; VariantName = "[No Variations]"
Change component parameters (AddParameter): Name = "Package"; Value = "1210"; VariantName = "[No Variations]"
Change component parameters (AddParameter): Name = "Voltage Rating"; Value = "16V"; VariantName = "[No Variations]"
Change component parameters: Designator = "U2" ("U2"); Footprint = "UCC27282DR"; UniqueID = "\YFMAFFQF\MCQMLJOO" ("\YFMAFFQF\MCQMLJOO")
Change component parameters (AddParameter): Name = "LCSC"; Value = "C192764"; VariantName = "[No Variations]"
Change component parameters (AddParameter): Name = "Mfr."; Value = "Texas Instruments"; VariantName = "[No Variations]"
Change component parameters (AddParameter): Name = "Mfr. Part"; Value = "INA180A2IDBVR"; VariantName = "[No Variations]"
Change component parameters: Designator = "U3" ("U3"); Footprint = "INA180A2IDBVR"; UniqueID = "\YFMAFFQF\NSJVCBAR" ("\YFMAFFQF\NSJVCBAR")
Change component parameters (AddParameter): Name = "LCSC"; Value = "C2867844"; VariantName = "[No Variations]"
Change component parameters (AddParameter): Name = "Mfr."; Value = "Texas Instruments"; VariantName = "[No Variations]"
Change component parameters (AddParameter): Name = "Mfr. Part"; Value = "UCC27282DR"; VariantName = "[No Variations]"
Change component parameters: Designator = "U4" ("U4"); Footprint = "UCC27282DR"; UniqueID = "\YFMAFFQF\DEIPHICD" ("\YFMAFFQF\DEIPHICD")
Change component parameters (AddParameter): Name = "LCSC"; Value = "C192764"; VariantName = "[No Variations]"
Change component parameters (AddParameter): Name = "Mfr."; Value = "Texas Instruments"; VariantName = "[No Variations]"
Change component parameters (AddParameter): Name = "Mfr. Part"; Value = "INA180A2IDBVR"; VariantName = "[No Variations]"
Change component parameters: Designator = "U5" ("U5"); Footprint = "INA180A2IDBVR"; UniqueID = "\YFMAFFQF\AXBSKCLY" ("\YFMAFFQF\AXBSKCLY")
Change component parameters (AddParameter): Name = "LCSC"; Value = "C2867844"; VariantName = "[No Variations]"
Change component parameters (AddParameter): Name = "Mfr."; Value = "Texas Instruments"; VariantName = "[No Variations]"
Change component parameters (AddParameter): Name = "Mfr. Part"; Value = "UCC27282DR"; VariantName = "[No Variations]"
Change component parameters: Designator = "U6" ("U6"); Footprint = "UCC27282DR"; UniqueID = "\YFMAFFQF\GMIKMEKB" ("\YFMAFFQF\GMIKMEKB")
Change component parameters (AddParameter): Name = "LCSC"; Value = "C192764"; VariantName = "[No Variations]"
Change component parameters (AddParameter): Name = "Mfr."; Value = "Texas Instruments"; VariantName = "[No Variations]"
Change component parameters (AddParameter): Name = "Mfr. Part"; Value = "INA180A2IDBVR"; VariantName = "[No Variations]"
Change component parameters: Designator = "U7" ("U7"); Footprint = "INA180A2IDBVR"; UniqueID = "\YFMAFFQF\MFWSLGUU" ("\YFMAFFQF\MFWSLGUU")
Change component parameters (AddParameter): Name = "LCSC"; Value = "C2867844"; VariantName = "[No Variations]"
Change component parameters (AddParameter): Name = "Mfr."; Value = "Texas Instruments"; VariantName = "[No Variations]"
Change component parameters (AddParameter): Name = "Mfr. Part"; Value = "UCC27282DR"; VariantName = "[No Variations]"
Added Component: Designator=PH2(PH_1x6)
Added Pin To Net: NetName=+3V3 Pin=C15-2
Added Pin To Net: NetName=VOLT_A Pin=C16-2
Added Pin To Net: NetName=+3V3 Pin=C23-2
Added Pin To Net: NetName=GND Pin=C25-1
Added Pin To Net: NetName=VOLT_B Pin=C25-2
Added Pin To Net: NetName=+12V Pin=C30-1
Added Pin To Net: NetName=GND Pin=C30-2
Added Pin To Net: NetName=HB_C Pin=C31-2
Added Pin To Net: NetName=SWCLK Pin=PH2-1
Added Pin To Net: NetName=SWDIO Pin=PH2-2
Added Pin To Net: NetName=SWO Pin=PH2-3
Added Pin To Net: NetName=NRST Pin=PH2-4
Added Pin To Net: NetName=+3V3 Pin=PH2-5
Added Pin To Net: NetName=GND Pin=PH2-6
Added Pin To Net: NetName=+3V3 Pin=R12-2
Added Pin To Net: NetName=VOLT_B Pin=R14-1
Added Pin To Net: NetName=GND Pin=R19-1
Added Pin To Net: NetName=VOLT_B Pin=R21-2
Added Pin To Net: NetName=TEMP_INVERTER Pin=U1-12
Added Pin To Net: NetName=CURR_A Pin=U2-1
Added Pin To Net: NetName=GND Pin=U2-2
Added Pin To Net: NetName=SH_A Pin=U2-3
Added Pin To Net: NetName=PHASE_A Pin=U2-4
Added Pin To Net: NetName=+3V3 Pin=U2-5
Added Pin To Net: NetName=+12V Pin=U3-1
Added Pin To Net: NetName=HB_A Pin=U3-2
Added Pin To Net: NetName=HIGH_A Pin=U3-5
Added Pin To Net: NetName=LOW_A Pin=U3-6
Added Pin To Net: NetName=GND Pin=U3-7
Added Pin To Net: NetName=CURR_B Pin=U4-1
Added Pin To Net: NetName=GND Pin=U4-2
Added Pin To Net: NetName=SH_B Pin=U4-3
Added Pin To Net: NetName=PHASE_B Pin=U4-4
Added Pin To Net: NetName=+3V3 Pin=U4-5
Added Pin To Net: NetName=+12V Pin=U5-1
Added Pin To Net: NetName=HB_B Pin=U5-2
Added Pin To Net: NetName=HIGH_B Pin=U5-5
Added Pin To Net: NetName=LOW_B Pin=U5-6
Added Pin To Net: NetName=GND Pin=U5-7
Added Pin To Net: NetName=CURR_C Pin=U6-1
Added Pin To Net: NetName=GND Pin=U6-2
Added Pin To Net: NetName=SH_C Pin=U6-3
Added Pin To Net: NetName=PHASE_C Pin=U6-4
Added Pin To Net: NetName=+3V3 Pin=U6-5
Added Pin To Net: NetName=+12V Pin=U7-1
Added Pin To Net: NetName=HB_C Pin=U7-2
Added Pin To Net: NetName=HIGH_C Pin=U7-5
Added Pin To Net: NetName=LOW_C Pin=U7-6
Added Pin To Net: NetName=GND Pin=U7-7
Change Net Name : Old Net Name=SH_A New Net Name=NetQ2_2
Change Net Name : Old Net Name=SH_B New Net Name=NetQ6_2
Change Net Name : Old Net Name=SH_C New Net Name=NetQ10_2
Change Net Name : Old Net Name=TEMP_INVERTER New Net Name=VOLT_C
Change Net Color : Old Net Color=RGB(158, 161, 117) New Net Color=RGB(253, 131, 0)
Change Net Color : Old Net Color=RGB(158, 161, 117) New Net Color=RGB(253, 131, 0)
Change Net Color : Old Net Color=RGB(158, 161, 117) New Net Color=RGB(253, 131, 0)
Change Net Color : Old Net Color=RGB(158, 161, 117) New Net Color=RGB(253, 131, 0)
Change Net Color : Old Net Color=RGB(158, 161, 117) New Net Color=RGB(110, 110, 255)
Added Pin To Net: NetName=HG_A Pin=R3-2
Added Pin To Net: NetName=HG_A Pin=R4-2
Added Pin To Net: NetName=HG_A Pin=U3-3
Added Net: Name=HG_A
Added Pin To Net: NetName=HG_B Pin=R10-2
Added Pin To Net: NetName=HG_B Pin=R11-2
Added Pin To Net: NetName=HG_B Pin=U5-3
Added Net: Name=HG_B
Added Pin To Net: NetName=HG_C Pin=R17-2
Added Pin To Net: NetName=HG_C Pin=R18-2
Added Pin To Net: NetName=HG_C Pin=U7-3
Added Net: Name=HG_C
Added Pin To Net: NetName=LG_A Pin=R8-2
Added Pin To Net: NetName=LG_A Pin=R9-2
Added Pin To Net: NetName=LG_A Pin=U3-8
Added Net: Name=LG_A
Added Pin To Net: NetName=LG_B Pin=R15-2
Added Pin To Net: NetName=LG_B Pin=R16-2
Added Pin To Net: NetName=LG_B Pin=U5-8
Added Net: Name=LG_B
Added Pin To Net: NetName=LG_C Pin=R22-2
Added Pin To Net: NetName=LG_C Pin=R23-2
Added Pin To Net: NetName=LG_C Pin=U7-8
Added Net: Name=LG_C
Added Pin To Net: NetName=NetR12_1 Pin=R12-1
Added Pin To Net: NetName=NetR12_1 Pin=R19-2
Added Net: Name=NetR12_1
Added Pin To Net: NetName=SH_A Pin=C14-1
Added Pin To Net: NetName=SH_A Pin=R5-2
Added Pin To Net: NetName=SH_A Pin=U3-4
Added Net: Name=SH_A
Added Pin To Net: NetName=SH_B Pin=C22-1
Added Pin To Net: NetName=SH_B Pin=R14-2
Added Pin To Net: NetName=SH_B Pin=U5-4
Added Net: Name=SH_B
Added Pin To Net: NetName=SH_C Pin=C31-1
Added Pin To Net: NetName=SH_C Pin=R24-2
Added Pin To Net: NetName=SH_C Pin=U7-4
Added Net: Name=SH_C
Added Pin To Net: NetName=TEMP_INVERTER Pin=C24-2
Added Pin To Net: NetName=TEMP_INVERTER Pin=U1-25
Added Net: Name=TEMP_INVERTER
Added Member To Class: ClassName=Driver Member=Component C9 16V 47u
Added Member To Class: ClassName=Driver Member=Component C14 100n 100V
Added Member To Class: ClassName=Driver Member=Component C15 100n
Added Member To Class: ClassName=Driver Member=Component C16 100n
Added Member To Class: ClassName=Driver Member=Component C17 16V 47u
Added Member To Class: ClassName=Driver Member=Component C22 100n 100V
Added Member To Class: ClassName=Driver Member=Component C23 100n
Added Member To Class: ClassName=Driver Member=Component C24 100n
Added Member To Class: ClassName=Driver Member=Component C25 100n
Added Member To Class: ClassName=Driver Member=Component C30 16V 47u
Added Member To Class: ClassName=Driver Member=Component C31 100n 100V
Added Member To Class: ClassName=Driver Member=Component C32 100n
Added Member To Class: ClassName=Driver Member=Component C33 100n
Added Member To Class: ClassName=Overview Member=Component PH2 DEBUG
Added Member To Class: ClassName=Driver Member=Component R5 56k
Added Member To Class: ClassName=Driver Member=Component R7 1k8
Added Member To Class: ClassName=Driver Member=Component R12 10k NTC
Added Member To Class: ClassName=Driver Member=Component R14 56k
Added Member To Class: ClassName=Driver Member=Component R19 10k
Added Member To Class: ClassName=Driver Member=Component R21 1k8
Added Member To Class: ClassName=Driver Member=Component R24 56k
Added Member To Class: ClassName=Driver Member=Component R25 1k8
Added Member To Class: ClassName=Driver Member=Component U2 INA180A2IDBVR
Added Member To Class: ClassName=Driver Member=Component U3 UCC27282DR
Added Member To Class: ClassName=Driver Member=Component U4 INA180A2IDBVR
Added Member To Class: ClassName=Driver Member=Component U5 UCC27282DR
Added Member To Class: ClassName=Driver Member=Component U6 INA180A2IDBVR
Added Member To Class: ClassName=Driver Member=Component U7 UCC27282DR
